<?xml version="1.0" encoding="UTF-8"?>
<testsuite xmlns:xsi="http://www.w3.org/2001/XMLSchema-instance" xsi:noNamespaceSchemaLocation="https://maven.apache.org/surefire/maven-surefire-plugin/xsd/surefire-test-report.xsd" name="MathResearch2019.Tests.ChessKings3x3PlusTest" time="0.001" tests="3" errors="0" skipped="0" failures="0">
  <properties>
    <property name="java.specification.version" value="13"/>
    <property name="sun.jnu.encoding" value="UTF-8"/>
    <property name="java.class.path" value="/Users/TyeKnappenberger/MathResearch2019-Workspace/MathResearch2019/target/test-classes:/Users/TyeKnappenberger/MathResearch2019-Workspace/MathResearch2019/target/classes:/Users/TyeKnappenberger/.m2/repository/com/google/code/gson/gson/2.8.6/gson-2.8.6.jar:/Users/TyeKnappenberger/.m2/repository/org/junit/jupiter/junit-jupiter-api/5.5.2/junit-jupiter-api-5.5.2.jar:/Users/TyeKnappenberger/.m2/repository/org/apiguardian/apiguardian-api/1.1.0/apiguardian-api-1.1.0.jar:/Users/TyeKnappenberger/.m2/repository/org/opentest4j/opentest4j/1.2.0/opentest4j-1.2.0.jar:/Users/TyeKnappenberger/.m2/repository/org/junit/platform/junit-platform-commons/1.5.2/junit-platform-commons-1.5.2.jar:/Users/TyeKnappenberger/.m2/repository/org/junit/jupiter/junit-jupiter-params/5.5.2/junit-jupiter-params-5.5.2.jar:/Users/TyeKnappenberger/.m2/repository/junit/junit/4.12/junit-4.12.jar:/Users/TyeKnappenberger/.m2/repository/org/hamcrest/hamcrest-core/1.3/hamcrest-core-1.3.jar:/Users/TyeKnappenberger/.m2/repository/org/junit/jupiter/junit-jupiter-engine/5.5.2/junit-jupiter-engine-5.5.2.jar:/Users/TyeKnappenberger/.m2/repository/org/junit/platform/junit-platform-engine/1.5.2/junit-platform-engine-1.5.2.jar:/Users/TyeKnappenberger/.m2/repository/org/junit/vintage/junit-vintage-engine/5.5.2/junit-vintage-engine-5.5.2.jar:"/>
    <property name="java.vm.vendor" value="Oracle Corporation"/>
    <property name="sun.arch.data.model" value="64"/>
    <property name="java.vendor.url" value="https://java.oracle.com/"/>
    <property name="os.name" value="Mac OS X"/>
    <property name="java.vm.specification.version" value="13"/>
    <property name="sun.java.launcher" value="SUN_STANDARD"/>
    <property name="user.country" value="US"/>
    <property name="sun.boot.library.path" value="/Library/Java/JavaVirtualMachines/openjdk-13.0.1.jdk/Contents/Home/lib"/>
    <property name="sun.java.command" value="/Users/TyeKnappenberger/MathResearch2019-Workspace/MathResearch2019/target/surefire/surefirebooter15373035280408584894.jar /Users/TyeKnappenberger/MathResearch2019-Workspace/MathResearch2019/target/surefire 2019-11-19T22-58-33_302-jvmRun1 surefire17029642518594312894tmp surefire_012158552359363733499tmp"/>
    <property name="http.nonProxyHosts" value="local|*.local|169.254/16|*.169.254/16"/>
    <property name="jdk.debug" value="release"/>
    <property name="surefire.test.class.path" value="/Users/TyeKnappenberger/MathResearch2019-Workspace/MathResearch2019/target/test-classes:/Users/TyeKnappenberger/MathResearch2019-Workspace/MathResearch2019/target/classes:/Users/TyeKnappenberger/.m2/repository/com/google/code/gson/gson/2.8.6/gson-2.8.6.jar:/Users/TyeKnappenberger/.m2/repository/org/junit/jupiter/junit-jupiter-api/5.5.2/junit-jupiter-api-5.5.2.jar:/Users/TyeKnappenberger/.m2/repository/org/apiguardian/apiguardian-api/1.1.0/apiguardian-api-1.1.0.jar:/Users/TyeKnappenberger/.m2/repository/org/opentest4j/opentest4j/1.2.0/opentest4j-1.2.0.jar:/Users/TyeKnappenberger/.m2/repository/org/junit/platform/junit-platform-commons/1.5.2/junit-platform-commons-1.5.2.jar:/Users/TyeKnappenberger/.m2/repository/org/junit/jupiter/junit-jupiter-params/5.5.2/junit-jupiter-params-5.5.2.jar:/Users/TyeKnappenberger/.m2/repository/junit/junit/4.12/junit-4.12.jar:/Users/TyeKnappenberger/.m2/repository/org/hamcrest/hamcrest-core/1.3/hamcrest-core-1.3.jar:/Users/TyeKnappenberger/.m2/repository/org/junit/jupiter/junit-jupiter-engine/5.5.2/junit-jupiter-engine-5.5.2.jar:/Users/TyeKnappenberger/.m2/repository/org/junit/platform/junit-platform-engine/1.5.2/junit-platform-engine-1.5.2.jar:/Users/TyeKnappenberger/.m2/repository/org/junit/vintage/junit-vintage-engine/5.5.2/junit-vintage-engine-5.5.2.jar:"/>
    <property name="sun.cpu.endian" value="little"/>
    <property name="user.home" value="/Users/TyeKnappenberger"/>
    <property name="user.language" value="en"/>
    <property name="java.specification.vendor" value="Oracle Corporation"/>
    <property name="java.version.date" value="2019-10-15"/>
    <property name="java.home" value="/Library/Java/JavaVirtualMachines/openjdk-13.0.1.jdk/Contents/Home"/>
    <property name="file.separator" value="/"/>
    <property name="basedir" value="/Users/TyeKnappenberger/MathResearch2019-Workspace/MathResearch2019"/>
    <property name="java.vm.compressedOopsMode" value="Zero based"/>
    <property name="line.separator" value="&#10;"/>
    <property name="java.specification.name" value="Java Platform API Specification"/>
    <property name="java.vm.specification.vendor" value="Oracle Corporation"/>
    <property name="surefire.real.class.path" value="/Users/TyeKnappenberger/MathResearch2019-Workspace/MathResearch2019/target/surefire/surefirebooter15373035280408584894.jar"/>
    <property name="sun.management.compiler" value="HotSpot 64-Bit Tiered Compilers"/>
    <property name="ftp.nonProxyHosts" value="local|*.local|169.254/16|*.169.254/16"/>
    <property name="java.runtime.version" value="13.0.1+9"/>
    <property name="user.name" value="TyeKnappenberger"/>
    <property name="path.separator" value=":"/>
    <property name="os.version" value="10.15.1"/>
    <property name="java.runtime.name" value="OpenJDK Runtime Environment"/>
    <property name="file.encoding" value="UTF-8"/>
    <property name="java.vm.name" value="OpenJDK 64-Bit Server VM"/>
    <property name="localRepository" value="/Users/TyeKnappenberger/.m2/repository"/>
    <property name="java.vendor.url.bug" value="https://bugreport.java.com/bugreport/"/>
    <property name="java.io.tmpdir" value="/var/folders/rh/kp1nn80x76b97n2c1t7wgdhw0000gn/T/"/>
    <property name="java.version" value="13.0.1"/>
    <property name="user.dir" value="/Users/TyeKnappenberger/MathResearch2019-Workspace/MathResearch2019"/>
    <property name="os.arch" value="x86_64"/>
    <property name="java.vm.specification.name" value="Java Virtual Machine Specification"/>
    <property name="java.library.path" value="/Users/TyeKnappenberger/Library/Java/Extensions:/Library/Java/Extensions:/Network/Library/Java/Extensions:/System/Library/Java/Extensions:/usr/lib/java:."/>
    <property name="java.vm.info" value="mixed mode, sharing"/>
    <property name="java.vendor" value="Oracle Corporation"/>
    <property name="java.vm.version" value="13.0.1+9"/>
    <property name="sun.io.unicode.encoding" value="UnicodeBig"/>
    <property name="socksNonProxyHosts" value="local|*.local|169.254/16|*.169.254/16"/>
    <property name="java.class.version" value="57.0"/>
  </properties>
  <testcase name="testPossibleMovesQuick{String, int}[1]" classname="MathResearch2019.Tests.ChessKings3x3PlusTest" time="0.01"/>
  <testcase name="testPossibleMovesQuick{String, int}[2]" classname="MathResearch2019.Tests.ChessKings3x3PlusTest" time="0.001"/>
  <testcase name="testPossibleMovesQuick{String, int}[3]" classname="MathResearch2019.Tests.ChessKings3x3PlusTest" time="0.002"/>
  <testcase name="testPossibleMovesQuick{String, int}[4]" classname="MathResearch2019.Tests.ChessKings3x3PlusTest" time="0.002"/>
  <testcase name="testPossibleMovesQuick{String, int}[5]" classname="MathResearch2019.Tests.ChessKings3x3PlusTest" time="0"/>
  <testcase name="testPossibleMovesQuick{String, int}[6]" classname="MathResearch2019.Tests.ChessKings3x3PlusTest" time="0"/>
  <testcase name="testPossibleMovesQuick{String, int}[7]" classname="MathResearch2019.Tests.ChessKings3x3PlusTest" time="0.001"/>
  <testcase name="testPossibleMovesQuick{String, int}[8]" classname="MathResearch2019.Tests.ChessKings3x3PlusTest" time="0"/>
  <testcase name="testPossibleMovesQuick{String, int}[9]" classname="MathResearch2019.Tests.ChessKings3x3PlusTest" time="0.001"/>
  <testcase name="testPossibleMovesQuick{String, int}[10]" classname="MathResearch2019.Tests.ChessKings3x3PlusTest" time="0"/>
  <testcase name="testPossibleMovesQuick{String, int}[11]" classname="MathResearch2019.Tests.ChessKings3x3PlusTest" time="0.007"/>
  <testcase name="testToString" classname="MathResearch2019.Tests.ChessKings3x3PlusTest" time="0"/>
  <testcase name="testConstructors" classname="MathResearch2019.Tests.ChessKings3x3PlusTest" time="0"/>
  <testcase name="testPossibleMovesIntense" classname="MathResearch2019.Tests.ChessKings3x3PlusTest" time="0"/>
</testsuite>