<?xml version="1.0" encoding="UTF-8"?>
<testsuite xmlns:xsi="http://www.w3.org/2001/XMLSchema-instance" xsi:noNamespaceSchemaLocation="https://maven.apache.org/surefire/maven-surefire-plugin/xsd/surefire-test-report.xsd" name="MathResearch2019.Tests.ReconfigurationGraphTest" time="25.355" tests="1677" errors="0" skipped="0" failures="0">
  <properties>
    <property name="java.specification.version" value="13"/>
    <property name="sun.jnu.encoding" value="UTF-8"/>
    <property name="java.class.path" value="/Users/TyeKnappenberger/MathResearch2019-Workspace/MathResearch2019/target/test-classes:/Users/TyeKnappenberger/MathResearch2019-Workspace/MathResearch2019/target/classes:/Users/TyeKnappenberger/.m2/repository/com/google/code/gson/gson/2.8.6/gson-2.8.6.jar:/Users/TyeKnappenberger/.m2/repository/org/junit/jupiter/junit-jupiter-api/5.5.2/junit-jupiter-api-5.5.2.jar:/Users/TyeKnappenberger/.m2/repository/org/apiguardian/apiguardian-api/1.1.0/apiguardian-api-1.1.0.jar:/Users/TyeKnappenberger/.m2/repository/org/opentest4j/opentest4j/1.2.0/opentest4j-1.2.0.jar:/Users/TyeKnappenberger/.m2/repository/org/junit/platform/junit-platform-commons/1.5.2/junit-platform-commons-1.5.2.jar:/Users/TyeKnappenberger/.m2/repository/org/junit/jupiter/junit-jupiter-params/5.5.2/junit-jupiter-params-5.5.2.jar:/Users/TyeKnappenberger/.m2/repository/junit/junit/4.12/junit-4.12.jar:/Users/TyeKnappenberger/.m2/repository/org/hamcrest/hamcrest-core/1.3/hamcrest-core-1.3.jar:/Users/TyeKnappenberger/.m2/repository/org/junit/jupiter/junit-jupiter-engine/5.5.2/junit-jupiter-engine-5.5.2.jar:/Users/TyeKnappenberger/.m2/repository/org/junit/platform/junit-platform-engine/1.5.2/junit-platform-engine-1.5.2.jar:/Users/TyeKnappenberger/.m2/repository/org/junit/vintage/junit-vintage-engine/5.5.2/junit-vintage-engine-5.5.2.jar:"/>
    <property name="java.vm.vendor" value="Oracle Corporation"/>
    <property name="sun.arch.data.model" value="64"/>
    <property name="java.vendor.url" value="https://java.oracle.com/"/>
    <property name="os.name" value="Mac OS X"/>
    <property name="java.vm.specification.version" value="13"/>
    <property name="sun.java.launcher" value="SUN_STANDARD"/>
    <property name="user.country" value="US"/>
    <property name="sun.boot.library.path" value="/Library/Java/JavaVirtualMachines/openjdk-13.0.1.jdk/Contents/Home/lib"/>
    <property name="sun.java.command" value="/Users/TyeKnappenberger/MathResearch2019-Workspace/MathResearch2019/target/surefire/surefirebooter15373035280408584894.jar /Users/TyeKnappenberger/MathResearch2019-Workspace/MathResearch2019/target/surefire 2019-11-19T22-58-33_302-jvmRun1 surefire17029642518594312894tmp surefire_012158552359363733499tmp"/>
    <property name="http.nonProxyHosts" value="local|*.local|169.254/16|*.169.254/16"/>
    <property name="jdk.debug" value="release"/>
    <property name="surefire.test.class.path" value="/Users/TyeKnappenberger/MathResearch2019-Workspace/MathResearch2019/target/test-classes:/Users/TyeKnappenberger/MathResearch2019-Workspace/MathResearch2019/target/classes:/Users/TyeKnappenberger/.m2/repository/com/google/code/gson/gson/2.8.6/gson-2.8.6.jar:/Users/TyeKnappenberger/.m2/repository/org/junit/jupiter/junit-jupiter-api/5.5.2/junit-jupiter-api-5.5.2.jar:/Users/TyeKnappenberger/.m2/repository/org/apiguardian/apiguardian-api/1.1.0/apiguardian-api-1.1.0.jar:/Users/TyeKnappenberger/.m2/repository/org/opentest4j/opentest4j/1.2.0/opentest4j-1.2.0.jar:/Users/TyeKnappenberger/.m2/repository/org/junit/platform/junit-platform-commons/1.5.2/junit-platform-commons-1.5.2.jar:/Users/TyeKnappenberger/.m2/repository/org/junit/jupiter/junit-jupiter-params/5.5.2/junit-jupiter-params-5.5.2.jar:/Users/TyeKnappenberger/.m2/repository/junit/junit/4.12/junit-4.12.jar:/Users/TyeKnappenberger/.m2/repository/org/hamcrest/hamcrest-core/1.3/hamcrest-core-1.3.jar:/Users/TyeKnappenberger/.m2/repository/org/junit/jupiter/junit-jupiter-engine/5.5.2/junit-jupiter-engine-5.5.2.jar:/Users/TyeKnappenberger/.m2/repository/org/junit/platform/junit-platform-engine/1.5.2/junit-platform-engine-1.5.2.jar:/Users/TyeKnappenberger/.m2/repository/org/junit/vintage/junit-vintage-engine/5.5.2/junit-vintage-engine-5.5.2.jar:"/>
    <property name="sun.cpu.endian" value="little"/>
    <property name="user.home" value="/Users/TyeKnappenberger"/>
    <property name="user.language" value="en"/>
    <property name="java.specification.vendor" value="Oracle Corporation"/>
    <property name="java.version.date" value="2019-10-15"/>
    <property name="java.home" value="/Library/Java/JavaVirtualMachines/openjdk-13.0.1.jdk/Contents/Home"/>
    <property name="file.separator" value="/"/>
    <property name="basedir" value="/Users/TyeKnappenberger/MathResearch2019-Workspace/MathResearch2019"/>
    <property name="java.vm.compressedOopsMode" value="Zero based"/>
    <property name="line.separator" value="&#10;"/>
    <property name="java.specification.name" value="Java Platform API Specification"/>
    <property name="java.vm.specification.vendor" value="Oracle Corporation"/>
    <property name="surefire.real.class.path" value="/Users/TyeKnappenberger/MathResearch2019-Workspace/MathResearch2019/target/surefire/surefirebooter15373035280408584894.jar"/>
    <property name="sun.management.compiler" value="HotSpot 64-Bit Tiered Compilers"/>
    <property name="ftp.nonProxyHosts" value="local|*.local|169.254/16|*.169.254/16"/>
    <property name="java.runtime.version" value="13.0.1+9"/>
    <property name="user.name" value="TyeKnappenberger"/>
    <property name="path.separator" value=":"/>
    <property name="os.version" value="10.15.1"/>
    <property name="java.runtime.name" value="OpenJDK Runtime Environment"/>
    <property name="file.encoding" value="UTF-8"/>
    <property name="java.vm.name" value="OpenJDK 64-Bit Server VM"/>
    <property name="localRepository" value="/Users/TyeKnappenberger/.m2/repository"/>
    <property name="java.vendor.url.bug" value="https://bugreport.java.com/bugreport/"/>
    <property name="java.io.tmpdir" value="/var/folders/rh/kp1nn80x76b97n2c1t7wgdhw0000gn/T/"/>
    <property name="java.version" value="13.0.1"/>
    <property name="user.dir" value="/Users/TyeKnappenberger/MathResearch2019-Workspace/MathResearch2019"/>
    <property name="os.arch" value="x86_64"/>
    <property name="java.vm.specification.name" value="Java Virtual Machine Specification"/>
    <property name="java.library.path" value="/Users/TyeKnappenberger/Library/Java/Extensions:/Library/Java/Extensions:/Network/Library/Java/Extensions:/System/Library/Java/Extensions:/usr/lib/java:."/>
    <property name="java.vm.info" value="mixed mode, sharing"/>
    <property name="java.vendor" value="Oracle Corporation"/>
    <property name="java.vm.version" value="13.0.1+9"/>
    <property name="sun.io.unicode.encoding" value="UnicodeBig"/>
    <property name="socksNonProxyHosts" value="local|*.local|169.254/16|*.169.254/16"/>
    <property name="java.class.version" value="57.0"/>
  </properties>
  <testcase name="testSize" classname="MathResearch2019.Tests.ReconfigurationGraphTest" time="0.02"/>
  <testcase name="testGraphContains{String}[1]" classname="MathResearch2019.Tests.ReconfigurationGraphTest" time="0.019"/>
  <testcase name="testGraphContains{String}[2]" classname="MathResearch2019.Tests.ReconfigurationGraphTest" time="0.001"/>
  <testcase name="testGraphContains{String}[3]" classname="MathResearch2019.Tests.ReconfigurationGraphTest" time="0.001"/>
  <testcase name="testGraphContains{String}[4]" classname="MathResearch2019.Tests.ReconfigurationGraphTest" time="0.001"/>
  <testcase name="testGraphContains{String}[5]" classname="MathResearch2019.Tests.ReconfigurationGraphTest" time="0.001"/>
  <testcase name="testGraphContains{String}[6]" classname="MathResearch2019.Tests.ReconfigurationGraphTest" time="0.001"/>
  <testcase name="testGraphContains{String}[7]" classname="MathResearch2019.Tests.ReconfigurationGraphTest" time="0"/>
  <testcase name="testGraphContains{String}[8]" classname="MathResearch2019.Tests.ReconfigurationGraphTest" time="0.001"/>
  <testcase name="testGraphContains{String}[9]" classname="MathResearch2019.Tests.ReconfigurationGraphTest" time="0.001"/>
  <testcase name="testGraphContains{String}[10]" classname="MathResearch2019.Tests.ReconfigurationGraphTest" time="0.001"/>
  <testcase name="testGraphContains{String}[11]" classname="MathResearch2019.Tests.ReconfigurationGraphTest" time="0.001"/>
  <testcase name="testGraphContains{String}[12]" classname="MathResearch2019.Tests.ReconfigurationGraphTest" time="0"/>
  <testcase name="testGraphContains{String}[13]" classname="MathResearch2019.Tests.ReconfigurationGraphTest" time="0.001"/>
  <testcase name="testGraphContains{String}[14]" classname="MathResearch2019.Tests.ReconfigurationGraphTest" time="0.001"/>
  <testcase name="testGraphContains{String}[15]" classname="MathResearch2019.Tests.ReconfigurationGraphTest" time="0.001"/>
  <testcase name="testGraphContains{String}[16]" classname="MathResearch2019.Tests.ReconfigurationGraphTest" time="0.001"/>
  <testcase name="testGraphContains{String}[17]" classname="MathResearch2019.Tests.ReconfigurationGraphTest" time="0.001"/>
  <testcase name="testGraphContains{String}[18]" classname="MathResearch2019.Tests.ReconfigurationGraphTest" time="0.001"/>
  <testcase name="testGraphContains{String}[19]" classname="MathResearch2019.Tests.ReconfigurationGraphTest" time="0.001"/>
  <testcase name="testGraphContains{String}[20]" classname="MathResearch2019.Tests.ReconfigurationGraphTest" time="0.001"/>
  <testcase name="testGraphContains{String}[21]" classname="MathResearch2019.Tests.ReconfigurationGraphTest" time="0"/>
  <testcase name="testGraphContains{String}[22]" classname="MathResearch2019.Tests.ReconfigurationGraphTest" time="0.001"/>
  <testcase name="testGraphContains{String}[23]" classname="MathResearch2019.Tests.ReconfigurationGraphTest" time="0.001"/>
  <testcase name="testGraphContains{String}[24]" classname="MathResearch2019.Tests.ReconfigurationGraphTest" time="0.001"/>
  <testcase name="testGraphContains{String}[25]" classname="MathResearch2019.Tests.ReconfigurationGraphTest" time="0"/>
  <testcase name="testGraphContains{String}[26]" classname="MathResearch2019.Tests.ReconfigurationGraphTest" time="0.001"/>
  <testcase name="testGraphContains{String}[27]" classname="MathResearch2019.Tests.ReconfigurationGraphTest" time="0"/>
  <testcase name="testGraphContains{String}[28]" classname="MathResearch2019.Tests.ReconfigurationGraphTest" time="0"/>
  <testcase name="testGraphContains{String}[29]" classname="MathResearch2019.Tests.ReconfigurationGraphTest" time="0.001"/>
  <testcase name="testGraphContains{String}[30]" classname="MathResearch2019.Tests.ReconfigurationGraphTest" time="0"/>
  <testcase name="testGraphContains{String}[31]" classname="MathResearch2019.Tests.ReconfigurationGraphTest" time="0.001"/>
  <testcase name="testGraphContains{String}[32]" classname="MathResearch2019.Tests.ReconfigurationGraphTest" time="0.001"/>
  <testcase name="testGraphContains{String}[33]" classname="MathResearch2019.Tests.ReconfigurationGraphTest" time="0"/>
  <testcase name="testGraphContains{String}[34]" classname="MathResearch2019.Tests.ReconfigurationGraphTest" time="0"/>
  <testcase name="testGraphContains{String}[35]" classname="MathResearch2019.Tests.ReconfigurationGraphTest" time="0.001"/>
  <testcase name="testGraphContains{String}[36]" classname="MathResearch2019.Tests.ReconfigurationGraphTest" time="0.001"/>
  <testcase name="testGraphContains{String}[37]" classname="MathResearch2019.Tests.ReconfigurationGraphTest" time="0.001"/>
  <testcase name="testGraphContains{String}[38]" classname="MathResearch2019.Tests.ReconfigurationGraphTest" time="0"/>
  <testcase name="testGraphContains{String}[39]" classname="MathResearch2019.Tests.ReconfigurationGraphTest" time="0"/>
  <testcase name="testGraphContains{String}[40]" classname="MathResearch2019.Tests.ReconfigurationGraphTest" time="0.001"/>
  <testcase name="testGraphContains{String}[41]" classname="MathResearch2019.Tests.ReconfigurationGraphTest" time="0.001"/>
  <testcase name="testGraphContains{String}[42]" classname="MathResearch2019.Tests.ReconfigurationGraphTest" time="0"/>
  <testcase name="testGraphContains{String}[43]" classname="MathResearch2019.Tests.ReconfigurationGraphTest" time="0"/>
  <testcase name="testGraphContains{String}[44]" classname="MathResearch2019.Tests.ReconfigurationGraphTest" time="0.001"/>
  <testcase name="testGraphContains{String}[45]" classname="MathResearch2019.Tests.ReconfigurationGraphTest" time="0"/>
  <testcase name="testGraphContains{String}[46]" classname="MathResearch2019.Tests.ReconfigurationGraphTest" time="0"/>
  <testcase name="testGraphContains{String}[47]" classname="MathResearch2019.Tests.ReconfigurationGraphTest" time="0.001"/>
  <testcase name="testGraphContains{String}[48]" classname="MathResearch2019.Tests.ReconfigurationGraphTest" time="0.001"/>
  <testcase name="testGraphContains{String}[49]" classname="MathResearch2019.Tests.ReconfigurationGraphTest" time="0"/>
  <testcase name="testGraphContains{String}[50]" classname="MathResearch2019.Tests.ReconfigurationGraphTest" time="0"/>
  <testcase name="testGraphContains{String}[51]" classname="MathResearch2019.Tests.ReconfigurationGraphTest" time="0.001"/>
  <testcase name="testGraphContains{String}[52]" classname="MathResearch2019.Tests.ReconfigurationGraphTest" time="0.001"/>
  <testcase name="testGraphContains{String}[53]" classname="MathResearch2019.Tests.ReconfigurationGraphTest" time="0.001"/>
  <testcase name="testGraphContains{String}[54]" classname="MathResearch2019.Tests.ReconfigurationGraphTest" time="0"/>
  <testcase name="testGraphContains{String}[55]" classname="MathResearch2019.Tests.ReconfigurationGraphTest" time="0"/>
  <testcase name="testGraphContains{String}[56]" classname="MathResearch2019.Tests.ReconfigurationGraphTest" time="0.001"/>
  <testcase name="testGraphContains{String}[57]" classname="MathResearch2019.Tests.ReconfigurationGraphTest" time="0.001"/>
  <testcase name="testGraphContains{String}[58]" classname="MathResearch2019.Tests.ReconfigurationGraphTest" time="0.001"/>
  <testcase name="testGraphContains{String}[59]" classname="MathResearch2019.Tests.ReconfigurationGraphTest" time="0"/>
  <testcase name="testGraphContains{String}[60]" classname="MathResearch2019.Tests.ReconfigurationGraphTest" time="0.001"/>
  <testcase name="testGraphContains{String}[61]" classname="MathResearch2019.Tests.ReconfigurationGraphTest" time="0.001"/>
  <testcase name="testGraphContains{String}[62]" classname="MathResearch2019.Tests.ReconfigurationGraphTest" time="0.001"/>
  <testcase name="testGraphContains{String}[63]" classname="MathResearch2019.Tests.ReconfigurationGraphTest" time="0.001"/>
  <testcase name="testGraphContains{String}[64]" classname="MathResearch2019.Tests.ReconfigurationGraphTest" time="0.001"/>
  <testcase name="testGraphContains{String}[65]" classname="MathResearch2019.Tests.ReconfigurationGraphTest" time="0"/>
  <testcase name="testGraphContains{String}[66]" classname="MathResearch2019.Tests.ReconfigurationGraphTest" time="0"/>
  <testcase name="testGraphContains{String}[67]" classname="MathResearch2019.Tests.ReconfigurationGraphTest" time="0.001"/>
  <testcase name="testGraphContains{String}[68]" classname="MathResearch2019.Tests.ReconfigurationGraphTest" time="0"/>
  <testcase name="testGraphContains{String}[69]" classname="MathResearch2019.Tests.ReconfigurationGraphTest" time="0.001"/>
  <testcase name="testGraphContains{String}[70]" classname="MathResearch2019.Tests.ReconfigurationGraphTest" time="0"/>
  <testcase name="testGraphContains{String}[71]" classname="MathResearch2019.Tests.ReconfigurationGraphTest" time="0.001"/>
  <testcase name="testGraphContains{String}[72]" classname="MathResearch2019.Tests.ReconfigurationGraphTest" time="0.001"/>
  <testcase name="testGraphContains{String}[73]" classname="MathResearch2019.Tests.ReconfigurationGraphTest" time="0"/>
  <testcase name="testGraphContains{String}[74]" classname="MathResearch2019.Tests.ReconfigurationGraphTest" time="0"/>
  <testcase name="testGraphContains{String}[75]" classname="MathResearch2019.Tests.ReconfigurationGraphTest" time="0"/>
  <testcase name="testGraphContains{String}[76]" classname="MathResearch2019.Tests.ReconfigurationGraphTest" time="0"/>
  <testcase name="testGraphContains{String}[77]" classname="MathResearch2019.Tests.ReconfigurationGraphTest" time="0.001"/>
  <testcase name="testGraphContains{String}[78]" classname="MathResearch2019.Tests.ReconfigurationGraphTest" time="0"/>
  <testcase name="testGraphContains{String}[79]" classname="MathResearch2019.Tests.ReconfigurationGraphTest" time="0"/>
  <testcase name="testGraphContains{String}[80]" classname="MathResearch2019.Tests.ReconfigurationGraphTest" time="0"/>
  <testcase name="testGraphContains{String}[81]" classname="MathResearch2019.Tests.ReconfigurationGraphTest" time="0"/>
  <testcase name="testGraphContains{String}[82]" classname="MathResearch2019.Tests.ReconfigurationGraphTest" time="0.001"/>
  <testcase name="testGraphContains{String}[83]" classname="MathResearch2019.Tests.ReconfigurationGraphTest" time="0"/>
  <testcase name="testGraphContains{String}[84]" classname="MathResearch2019.Tests.ReconfigurationGraphTest" time="0"/>
  <testcase name="testGraphContains{String}[85]" classname="MathResearch2019.Tests.ReconfigurationGraphTest" time="0.001"/>
  <testcase name="testGraphContains{String}[86]" classname="MathResearch2019.Tests.ReconfigurationGraphTest" time="0.001"/>
  <testcase name="testGraphContains{String}[87]" classname="MathResearch2019.Tests.ReconfigurationGraphTest" time="0"/>
  <testcase name="testGraphContains{String}[88]" classname="MathResearch2019.Tests.ReconfigurationGraphTest" time="0.001"/>
  <testcase name="testGraphContains{String}[89]" classname="MathResearch2019.Tests.ReconfigurationGraphTest" time="0"/>
  <testcase name="testGraphContains{String}[90]" classname="MathResearch2019.Tests.ReconfigurationGraphTest" time="0.001"/>
  <testcase name="testGraphContains{String}[91]" classname="MathResearch2019.Tests.ReconfigurationGraphTest" time="0.001"/>
  <testcase name="testGraphContains{String}[92]" classname="MathResearch2019.Tests.ReconfigurationGraphTest" time="0"/>
  <testcase name="testGraphContains{String}[93]" classname="MathResearch2019.Tests.ReconfigurationGraphTest" time="0.001"/>
  <testcase name="testGraphContains{String}[94]" classname="MathResearch2019.Tests.ReconfigurationGraphTest" time="0.001"/>
  <testcase name="testGraphContains{String}[95]" classname="MathResearch2019.Tests.ReconfigurationGraphTest" time="0"/>
  <testcase name="testGraphContains{String}[96]" classname="MathResearch2019.Tests.ReconfigurationGraphTest" time="0"/>
  <testcase name="testGraphContains{String}[97]" classname="MathResearch2019.Tests.ReconfigurationGraphTest" time="0"/>
  <testcase name="testGraphContains{String}[98]" classname="MathResearch2019.Tests.ReconfigurationGraphTest" time="0"/>
  <testcase name="testGraphContains{String}[99]" classname="MathResearch2019.Tests.ReconfigurationGraphTest" time="0.001"/>
  <testcase name="testGraphContains{String}[100]" classname="MathResearch2019.Tests.ReconfigurationGraphTest" time="0.001"/>
  <testcase name="testGraphContains{String}[101]" classname="MathResearch2019.Tests.ReconfigurationGraphTest" time="0"/>
  <testcase name="testGraphContains{String}[102]" classname="MathResearch2019.Tests.ReconfigurationGraphTest" time="0"/>
  <testcase name="testGraphContains{String}[103]" classname="MathResearch2019.Tests.ReconfigurationGraphTest" time="0.001"/>
  <testcase name="testGraphContains{String}[104]" classname="MathResearch2019.Tests.ReconfigurationGraphTest" time="0"/>
  <testcase name="testGraphContains{String}[105]" classname="MathResearch2019.Tests.ReconfigurationGraphTest" time="0.001"/>
  <testcase name="testGraphContains{String}[106]" classname="MathResearch2019.Tests.ReconfigurationGraphTest" time="0"/>
  <testcase name="testGraphContains{String}[107]" classname="MathResearch2019.Tests.ReconfigurationGraphTest" time="0"/>
  <testcase name="testGraphContains{String}[108]" classname="MathResearch2019.Tests.ReconfigurationGraphTest" time="0"/>
  <testcase name="testGraphContains{String}[109]" classname="MathResearch2019.Tests.ReconfigurationGraphTest" time="0.001"/>
  <testcase name="testGraphContains{String}[110]" classname="MathResearch2019.Tests.ReconfigurationGraphTest" time="0"/>
  <testcase name="testGraphContains{String}[111]" classname="MathResearch2019.Tests.ReconfigurationGraphTest" time="0"/>
  <testcase name="testGraphContains{String}[112]" classname="MathResearch2019.Tests.ReconfigurationGraphTest" time="0.001"/>
  <testcase name="testGraphContains{String}[113]" classname="MathResearch2019.Tests.ReconfigurationGraphTest" time="0.001"/>
  <testcase name="testGraphContains{String}[114]" classname="MathResearch2019.Tests.ReconfigurationGraphTest" time="0.001"/>
  <testcase name="testGraphContains{String}[115]" classname="MathResearch2019.Tests.ReconfigurationGraphTest" time="0.001"/>
  <testcase name="testGraphContains{String}[116]" classname="MathResearch2019.Tests.ReconfigurationGraphTest" time="0"/>
  <testcase name="testGraphContains{String}[117]" classname="MathResearch2019.Tests.ReconfigurationGraphTest" time="0"/>
  <testcase name="testGraphContains{String}[118]" classname="MathResearch2019.Tests.ReconfigurationGraphTest" time="0"/>
  <testcase name="testGraphContains{String}[119]" classname="MathResearch2019.Tests.ReconfigurationGraphTest" time="0.001"/>
  <testcase name="testGraphContains{String}[120]" classname="MathResearch2019.Tests.ReconfigurationGraphTest" time="0"/>
  <testcase name="testGraphContains{String}[121]" classname="MathResearch2019.Tests.ReconfigurationGraphTest" time="0.001"/>
  <testcase name="testGraphContains{String}[122]" classname="MathResearch2019.Tests.ReconfigurationGraphTest" time="0.001"/>
  <testcase name="testGraphContains{String}[123]" classname="MathResearch2019.Tests.ReconfigurationGraphTest" time="0"/>
  <testcase name="testGraphContains{String}[124]" classname="MathResearch2019.Tests.ReconfigurationGraphTest" time="0"/>
  <testcase name="testGraphContains{String}[125]" classname="MathResearch2019.Tests.ReconfigurationGraphTest" time="0.001"/>
  <testcase name="testGraphContains{String}[126]" classname="MathResearch2019.Tests.ReconfigurationGraphTest" time="0.001"/>
  <testcase name="testGraphContains{String}[127]" classname="MathResearch2019.Tests.ReconfigurationGraphTest" time="0"/>
  <testcase name="testGraphContains{String}[128]" classname="MathResearch2019.Tests.ReconfigurationGraphTest" time="0"/>
  <testcase name="testGraphContains{String}[129]" classname="MathResearch2019.Tests.ReconfigurationGraphTest" time="0.001"/>
  <testcase name="testGraphContains{String}[130]" classname="MathResearch2019.Tests.ReconfigurationGraphTest" time="0"/>
  <testcase name="testGraphContains{String}[131]" classname="MathResearch2019.Tests.ReconfigurationGraphTest" time="0"/>
  <testcase name="testGraphContains{String}[132]" classname="MathResearch2019.Tests.ReconfigurationGraphTest" time="0"/>
  <testcase name="testGraphContains{String}[133]" classname="MathResearch2019.Tests.ReconfigurationGraphTest" time="0"/>
  <testcase name="testGraphContains{String}[134]" classname="MathResearch2019.Tests.ReconfigurationGraphTest" time="0.001"/>
  <testcase name="testGraphContains{String}[135]" classname="MathResearch2019.Tests.ReconfigurationGraphTest" time="0"/>
  <testcase name="testGraphContains{String}[136]" classname="MathResearch2019.Tests.ReconfigurationGraphTest" time="0"/>
  <testcase name="testGraphContains{String}[137]" classname="MathResearch2019.Tests.ReconfigurationGraphTest" time="0"/>
  <testcase name="testGraphContains{String}[138]" classname="MathResearch2019.Tests.ReconfigurationGraphTest" time="0"/>
  <testcase name="testGraphContains{String}[139]" classname="MathResearch2019.Tests.ReconfigurationGraphTest" time="0"/>
  <testcase name="testGraphContains{String}[140]" classname="MathResearch2019.Tests.ReconfigurationGraphTest" time="0.001"/>
  <testcase name="testGraphContains{String}[141]" classname="MathResearch2019.Tests.ReconfigurationGraphTest" time="0.001"/>
  <testcase name="testGraphContains{String}[142]" classname="MathResearch2019.Tests.ReconfigurationGraphTest" time="0"/>
  <testcase name="testGraphContains{String}[143]" classname="MathResearch2019.Tests.ReconfigurationGraphTest" time="0"/>
  <testcase name="testGraphContains{String}[144]" classname="MathResearch2019.Tests.ReconfigurationGraphTest" time="0.001"/>
  <testcase name="testGraphContains{String}[145]" classname="MathResearch2019.Tests.ReconfigurationGraphTest" time="0.001"/>
  <testcase name="testGraphContains{String}[146]" classname="MathResearch2019.Tests.ReconfigurationGraphTest" time="0"/>
  <testcase name="testGraphContains{String}[147]" classname="MathResearch2019.Tests.ReconfigurationGraphTest" time="0"/>
  <testcase name="testGraphContains{String}[148]" classname="MathResearch2019.Tests.ReconfigurationGraphTest" time="0"/>
  <testcase name="testGraphContains{String}[149]" classname="MathResearch2019.Tests.ReconfigurationGraphTest" time="0.001"/>
  <testcase name="testGraphContains{String}[150]" classname="MathResearch2019.Tests.ReconfigurationGraphTest" time="0"/>
  <testcase name="testGraphContains{String}[151]" classname="MathResearch2019.Tests.ReconfigurationGraphTest" time="0"/>
  <testcase name="testGraphContains{String}[152]" classname="MathResearch2019.Tests.ReconfigurationGraphTest" time="0"/>
  <testcase name="testGraphContains{String}[153]" classname="MathResearch2019.Tests.ReconfigurationGraphTest" time="0"/>
  <testcase name="testGraphContains{String}[154]" classname="MathResearch2019.Tests.ReconfigurationGraphTest" time="0"/>
  <testcase name="testGraphContains{String}[155]" classname="MathResearch2019.Tests.ReconfigurationGraphTest" time="0.001"/>
  <testcase name="testGraphContains{String}[156]" classname="MathResearch2019.Tests.ReconfigurationGraphTest" time="0"/>
  <testcase name="testGraphContains{String}[157]" classname="MathResearch2019.Tests.ReconfigurationGraphTest" time="0"/>
  <testcase name="testGraphContains{String}[158]" classname="MathResearch2019.Tests.ReconfigurationGraphTest" time="0"/>
  <testcase name="testGraphContains{String}[159]" classname="MathResearch2019.Tests.ReconfigurationGraphTest" time="0"/>
  <testcase name="testGraphContains{String}[160]" classname="MathResearch2019.Tests.ReconfigurationGraphTest" time="0.001"/>
  <testcase name="testGraphContains{String}[161]" classname="MathResearch2019.Tests.ReconfigurationGraphTest" time="0"/>
  <testcase name="testGraphContains{String}[162]" classname="MathResearch2019.Tests.ReconfigurationGraphTest" time="0"/>
  <testcase name="testGraphContains{String}[163]" classname="MathResearch2019.Tests.ReconfigurationGraphTest" time="0"/>
  <testcase name="testGraphContains{String}[164]" classname="MathResearch2019.Tests.ReconfigurationGraphTest" time="0"/>
  <testcase name="testGraphContains{String}[165]" classname="MathResearch2019.Tests.ReconfigurationGraphTest" time="0.001"/>
  <testcase name="testGraphContains{String}[166]" classname="MathResearch2019.Tests.ReconfigurationGraphTest" time="0"/>
  <testcase name="testGraphContains{String}[167]" classname="MathResearch2019.Tests.ReconfigurationGraphTest" time="0"/>
  <testcase name="testGraphContains{String}[168]" classname="MathResearch2019.Tests.ReconfigurationGraphTest" time="0.001"/>
  <testcase name="testGraphContains{String}[169]" classname="MathResearch2019.Tests.ReconfigurationGraphTest" time="0"/>
  <testcase name="testGraphContains{String}[170]" classname="MathResearch2019.Tests.ReconfigurationGraphTest" time="0"/>
  <testcase name="testGraphContains{String}[171]" classname="MathResearch2019.Tests.ReconfigurationGraphTest" time="0"/>
  <testcase name="testGraphContains{String}[172]" classname="MathResearch2019.Tests.ReconfigurationGraphTest" time="0.001"/>
  <testcase name="testGraphContains{String}[173]" classname="MathResearch2019.Tests.ReconfigurationGraphTest" time="0"/>
  <testcase name="testGraphContains{String}[174]" classname="MathResearch2019.Tests.ReconfigurationGraphTest" time="0"/>
  <testcase name="testGraphContains{String}[175]" classname="MathResearch2019.Tests.ReconfigurationGraphTest" time="0"/>
  <testcase name="testGraphContains{String}[176]" classname="MathResearch2019.Tests.ReconfigurationGraphTest" time="0"/>
  <testcase name="testGraphContains{String}[177]" classname="MathResearch2019.Tests.ReconfigurationGraphTest" time="0"/>
  <testcase name="testGraphContains{String}[178]" classname="MathResearch2019.Tests.ReconfigurationGraphTest" time="0.001"/>
  <testcase name="testGraphContains{String}[179]" classname="MathResearch2019.Tests.ReconfigurationGraphTest" time="0.001"/>
  <testcase name="testGraphContains{String}[180]" classname="MathResearch2019.Tests.ReconfigurationGraphTest" time="0.001"/>
  <testcase name="testGraphContains{String}[181]" classname="MathResearch2019.Tests.ReconfigurationGraphTest" time="0.001"/>
  <testcase name="testGraphContains{String}[182]" classname="MathResearch2019.Tests.ReconfigurationGraphTest" time="0"/>
  <testcase name="testGraphContains{String}[183]" classname="MathResearch2019.Tests.ReconfigurationGraphTest" time="0"/>
  <testcase name="testGraphContains{String}[184]" classname="MathResearch2019.Tests.ReconfigurationGraphTest" time="0"/>
  <testcase name="testGraphContains{String}[185]" classname="MathResearch2019.Tests.ReconfigurationGraphTest" time="0"/>
  <testcase name="testGraphContains{String}[186]" classname="MathResearch2019.Tests.ReconfigurationGraphTest" time="0"/>
  <testcase name="testGraphContains{String}[187]" classname="MathResearch2019.Tests.ReconfigurationGraphTest" time="0"/>
  <testcase name="testGraphContains{String}[188]" classname="MathResearch2019.Tests.ReconfigurationGraphTest" time="0.001"/>
  <testcase name="testGraphContains{String}[189]" classname="MathResearch2019.Tests.ReconfigurationGraphTest" time="0.001"/>
  <testcase name="testGraphContains{String}[190]" classname="MathResearch2019.Tests.ReconfigurationGraphTest" time="0.001"/>
  <testcase name="testGraphContains{String}[191]" classname="MathResearch2019.Tests.ReconfigurationGraphTest" time="0"/>
  <testcase name="testGraphContains{String}[192]" classname="MathResearch2019.Tests.ReconfigurationGraphTest" time="0"/>
  <testcase name="testGraphContains{String}[193]" classname="MathResearch2019.Tests.ReconfigurationGraphTest" time="0"/>
  <testcase name="testGraphContains{String}[194]" classname="MathResearch2019.Tests.ReconfigurationGraphTest" time="0.001"/>
  <testcase name="testGraphContains{String}[195]" classname="MathResearch2019.Tests.ReconfigurationGraphTest" time="0.001"/>
  <testcase name="testGraphContains{String}[196]" classname="MathResearch2019.Tests.ReconfigurationGraphTest" time="0"/>
  <testcase name="testGraphContains{String}[197]" classname="MathResearch2019.Tests.ReconfigurationGraphTest" time="0"/>
  <testcase name="testGraphContains{String}[198]" classname="MathResearch2019.Tests.ReconfigurationGraphTest" time="0"/>
  <testcase name="testGraphContains{String}[199]" classname="MathResearch2019.Tests.ReconfigurationGraphTest" time="0.001"/>
  <testcase name="testGraphContains{String}[200]" classname="MathResearch2019.Tests.ReconfigurationGraphTest" time="0"/>
  <testcase name="testGraphContains{String}[201]" classname="MathResearch2019.Tests.ReconfigurationGraphTest" time="0.001"/>
  <testcase name="testGraphContains{String}[202]" classname="MathResearch2019.Tests.ReconfigurationGraphTest" time="0.001"/>
  <testcase name="testGraphContains{String}[203]" classname="MathResearch2019.Tests.ReconfigurationGraphTest" time="0"/>
  <testcase name="testGraphContains{String}[204]" classname="MathResearch2019.Tests.ReconfigurationGraphTest" time="0.001"/>
  <testcase name="testGraphContains{String}[205]" classname="MathResearch2019.Tests.ReconfigurationGraphTest" time="0"/>
  <testcase name="testGraphContains{String}[206]" classname="MathResearch2019.Tests.ReconfigurationGraphTest" time="0.001"/>
  <testcase name="testGraphContains{String}[207]" classname="MathResearch2019.Tests.ReconfigurationGraphTest" time="0.001"/>
  <testcase name="testGraphContains{String}[208]" classname="MathResearch2019.Tests.ReconfigurationGraphTest" time="0.001"/>
  <testcase name="testGraphContains{String}[209]" classname="MathResearch2019.Tests.ReconfigurationGraphTest" time="0.001"/>
  <testcase name="testGraphContains{String}[210]" classname="MathResearch2019.Tests.ReconfigurationGraphTest" time="0"/>
  <testcase name="testGraphContains{String}[211]" classname="MathResearch2019.Tests.ReconfigurationGraphTest" time="0.001"/>
  <testcase name="testGraphContains{String}[212]" classname="MathResearch2019.Tests.ReconfigurationGraphTest" time="0.001"/>
  <testcase name="testGraphContains{String}[213]" classname="MathResearch2019.Tests.ReconfigurationGraphTest" time="0.001"/>
  <testcase name="testGraphContains{String}[214]" classname="MathResearch2019.Tests.ReconfigurationGraphTest" time="0.001"/>
  <testcase name="testGraphContains{String}[215]" classname="MathResearch2019.Tests.ReconfigurationGraphTest" time="0"/>
  <testcase name="testGraphContains{String}[216]" classname="MathResearch2019.Tests.ReconfigurationGraphTest" time="0"/>
  <testcase name="testGraphContains{String}[217]" classname="MathResearch2019.Tests.ReconfigurationGraphTest" time="0.001"/>
  <testcase name="testGraphContains{String}[218]" classname="MathResearch2019.Tests.ReconfigurationGraphTest" time="0.001"/>
  <testcase name="testGraphContains{String}[219]" classname="MathResearch2019.Tests.ReconfigurationGraphTest" time="0.002"/>
  <testcase name="testGraphContains{String}[220]" classname="MathResearch2019.Tests.ReconfigurationGraphTest" time="0.001"/>
  <testcase name="testGraphContains{String}[221]" classname="MathResearch2019.Tests.ReconfigurationGraphTest" time="0"/>
  <testcase name="testGraphContains{String}[222]" classname="MathResearch2019.Tests.ReconfigurationGraphTest" time="0"/>
  <testcase name="testGraphContains{String}[223]" classname="MathResearch2019.Tests.ReconfigurationGraphTest" time="0"/>
  <testcase name="testGraphContains{String}[224]" classname="MathResearch2019.Tests.ReconfigurationGraphTest" time="0"/>
  <testcase name="testGraphContains{String}[225]" classname="MathResearch2019.Tests.ReconfigurationGraphTest" time="0"/>
  <testcase name="testGraphContains{String}[226]" classname="MathResearch2019.Tests.ReconfigurationGraphTest" time="0"/>
  <testcase name="testGraphContains{String}[227]" classname="MathResearch2019.Tests.ReconfigurationGraphTest" time="0.001"/>
  <testcase name="testGraphContains{String}[228]" classname="MathResearch2019.Tests.ReconfigurationGraphTest" time="0"/>
  <testcase name="testGraphContains{String}[229]" classname="MathResearch2019.Tests.ReconfigurationGraphTest" time="0.001"/>
  <testcase name="testGraphContains{String}[230]" classname="MathResearch2019.Tests.ReconfigurationGraphTest" time="0"/>
  <testcase name="testGraphContains{String}[231]" classname="MathResearch2019.Tests.ReconfigurationGraphTest" time="0.001"/>
  <testcase name="testGraphContains{String}[232]" classname="MathResearch2019.Tests.ReconfigurationGraphTest" time="0"/>
  <testcase name="testGraphContains{String}[233]" classname="MathResearch2019.Tests.ReconfigurationGraphTest" time="0"/>
  <testcase name="testGraphContains{String}[234]" classname="MathResearch2019.Tests.ReconfigurationGraphTest" time="0.001"/>
  <testcase name="testGraphContains{String}[235]" classname="MathResearch2019.Tests.ReconfigurationGraphTest" time="0"/>
  <testcase name="testGraphContains{String}[236]" classname="MathResearch2019.Tests.ReconfigurationGraphTest" time="0"/>
  <testcase name="testGraphContains{String}[237]" classname="MathResearch2019.Tests.ReconfigurationGraphTest" time="0"/>
  <testcase name="testGraphContains{String}[238]" classname="MathResearch2019.Tests.ReconfigurationGraphTest" time="0.001"/>
  <testcase name="testGraphContains{String}[239]" classname="MathResearch2019.Tests.ReconfigurationGraphTest" time="0"/>
  <testcase name="testGraphContains{String}[240]" classname="MathResearch2019.Tests.ReconfigurationGraphTest" time="0"/>
  <testcase name="testGraphContains{String}[241]" classname="MathResearch2019.Tests.ReconfigurationGraphTest" time="0.001"/>
  <testcase name="testGraphContains{String}[242]" classname="MathResearch2019.Tests.ReconfigurationGraphTest" time="0"/>
  <testcase name="testGraphContains{String}[243]" classname="MathResearch2019.Tests.ReconfigurationGraphTest" time="0"/>
  <testcase name="testGraphContains{String}[244]" classname="MathResearch2019.Tests.ReconfigurationGraphTest" time="0"/>
  <testcase name="testGraphContains{String}[245]" classname="MathResearch2019.Tests.ReconfigurationGraphTest" time="0.001"/>
  <testcase name="testGraphContains{String}[246]" classname="MathResearch2019.Tests.ReconfigurationGraphTest" time="0.001"/>
  <testcase name="testGraphContains{String}[247]" classname="MathResearch2019.Tests.ReconfigurationGraphTest" time="0"/>
  <testcase name="testGraphContains{String}[248]" classname="MathResearch2019.Tests.ReconfigurationGraphTest" time="0"/>
  <testcase name="testGraphContains{String}[249]" classname="MathResearch2019.Tests.ReconfigurationGraphTest" time="0"/>
  <testcase name="testGraphContains{String}[250]" classname="MathResearch2019.Tests.ReconfigurationGraphTest" time="0.001"/>
  <testcase name="testGraphContains{String}[251]" classname="MathResearch2019.Tests.ReconfigurationGraphTest" time="0.001"/>
  <testcase name="testGraphContains{String}[252]" classname="MathResearch2019.Tests.ReconfigurationGraphTest" time="0"/>
  <testcase name="testGraphContains{String}[253]" classname="MathResearch2019.Tests.ReconfigurationGraphTest" time="0"/>
  <testcase name="testGraphContains{String}[254]" classname="MathResearch2019.Tests.ReconfigurationGraphTest" time="0"/>
  <testcase name="testGraphContains{String}[255]" classname="MathResearch2019.Tests.ReconfigurationGraphTest" time="0.001"/>
  <testcase name="testGraphContains{String}[256]" classname="MathResearch2019.Tests.ReconfigurationGraphTest" time="0"/>
  <testcase name="testGraphContains{String}[257]" classname="MathResearch2019.Tests.ReconfigurationGraphTest" time="0"/>
  <testcase name="testGraphContains{String}[258]" classname="MathResearch2019.Tests.ReconfigurationGraphTest" time="0"/>
  <testcase name="testGraphContains{String}[259]" classname="MathResearch2019.Tests.ReconfigurationGraphTest" time="0"/>
  <testcase name="testGraphContains{String}[260]" classname="MathResearch2019.Tests.ReconfigurationGraphTest" time="0"/>
  <testcase name="testGraphContains{String}[261]" classname="MathResearch2019.Tests.ReconfigurationGraphTest" time="0"/>
  <testcase name="testGraphContains{String}[262]" classname="MathResearch2019.Tests.ReconfigurationGraphTest" time="0"/>
  <testcase name="testGraphContains{String}[263]" classname="MathResearch2019.Tests.ReconfigurationGraphTest" time="0.001"/>
  <testcase name="testGraphContains{String}[264]" classname="MathResearch2019.Tests.ReconfigurationGraphTest" time="0.001"/>
  <testcase name="testGraphContains{String}[265]" classname="MathResearch2019.Tests.ReconfigurationGraphTest" time="0"/>
  <testcase name="testGraphContains{String}[266]" classname="MathResearch2019.Tests.ReconfigurationGraphTest" time="0"/>
  <testcase name="testGraphContains{String}[267]" classname="MathResearch2019.Tests.ReconfigurationGraphTest" time="0.001"/>
  <testcase name="testGraphContains{String}[268]" classname="MathResearch2019.Tests.ReconfigurationGraphTest" time="0"/>
  <testcase name="testGraphContains{String}[269]" classname="MathResearch2019.Tests.ReconfigurationGraphTest" time="0"/>
  <testcase name="testGraphContains{String}[270]" classname="MathResearch2019.Tests.ReconfigurationGraphTest" time="0"/>
  <testcase name="testGraphContains{String}[271]" classname="MathResearch2019.Tests.ReconfigurationGraphTest" time="0.001"/>
  <testcase name="testGraphContains{String}[272]" classname="MathResearch2019.Tests.ReconfigurationGraphTest" time="0"/>
  <testcase name="testGraphContains{String}[273]" classname="MathResearch2019.Tests.ReconfigurationGraphTest" time="0"/>
  <testcase name="testGraphContains{String}[274]" classname="MathResearch2019.Tests.ReconfigurationGraphTest" time="0"/>
  <testcase name="testGraphContains{String}[275]" classname="MathResearch2019.Tests.ReconfigurationGraphTest" time="0"/>
  <testcase name="testGraphContains{String}[276]" classname="MathResearch2019.Tests.ReconfigurationGraphTest" time="0"/>
  <testcase name="testGraphContains{String}[277]" classname="MathResearch2019.Tests.ReconfigurationGraphTest" time="0"/>
  <testcase name="testGraphContains{String}[278]" classname="MathResearch2019.Tests.ReconfigurationGraphTest" time="0"/>
  <testcase name="testGraphContains{String}[279]" classname="MathResearch2019.Tests.ReconfigurationGraphTest" time="0.001"/>
  <testcase name="testGraphContains{String}[280]" classname="MathResearch2019.Tests.ReconfigurationGraphTest" time="0"/>
  <testcase name="testGraphContains{String}[281]" classname="MathResearch2019.Tests.ReconfigurationGraphTest" time="0"/>
  <testcase name="testGraphContains{String}[282]" classname="MathResearch2019.Tests.ReconfigurationGraphTest" time="0.001"/>
  <testcase name="testGraphContains{String}[283]" classname="MathResearch2019.Tests.ReconfigurationGraphTest" time="0.001"/>
  <testcase name="testGraphContains{String}[284]" classname="MathResearch2019.Tests.ReconfigurationGraphTest" time="0"/>
  <testcase name="testGraphContains{String}[285]" classname="MathResearch2019.Tests.ReconfigurationGraphTest" time="0"/>
  <testcase name="testGraphContains{String}[286]" classname="MathResearch2019.Tests.ReconfigurationGraphTest" time="0"/>
  <testcase name="testGraphContains{String}[287]" classname="MathResearch2019.Tests.ReconfigurationGraphTest" time="0"/>
  <testcase name="testGraphContains{String}[288]" classname="MathResearch2019.Tests.ReconfigurationGraphTest" time="0"/>
  <testcase name="testGraphContains{String}[289]" classname="MathResearch2019.Tests.ReconfigurationGraphTest" time="0.001"/>
  <testcase name="testGraphContains{String}[290]" classname="MathResearch2019.Tests.ReconfigurationGraphTest" time="0"/>
  <testcase name="testGraphContains{String}[291]" classname="MathResearch2019.Tests.ReconfigurationGraphTest" time="0"/>
  <testcase name="testGraphContains{String}[292]" classname="MathResearch2019.Tests.ReconfigurationGraphTest" time="0"/>
  <testcase name="testGraphContains{String}[293]" classname="MathResearch2019.Tests.ReconfigurationGraphTest" time="0"/>
  <testcase name="testGraphContains{String}[294]" classname="MathResearch2019.Tests.ReconfigurationGraphTest" time="0"/>
  <testcase name="testGraphContains{String}[295]" classname="MathResearch2019.Tests.ReconfigurationGraphTest" time="0.001"/>
  <testcase name="testGraphContains{String}[296]" classname="MathResearch2019.Tests.ReconfigurationGraphTest" time="0"/>
  <testcase name="testGraphContains{String}[297]" classname="MathResearch2019.Tests.ReconfigurationGraphTest" time="0.001"/>
  <testcase name="testGraphContains{String}[298]" classname="MathResearch2019.Tests.ReconfigurationGraphTest" time="0.001"/>
  <testcase name="testGraphContains{String}[299]" classname="MathResearch2019.Tests.ReconfigurationGraphTest" time="0"/>
  <testcase name="testGraphContains{String}[300]" classname="MathResearch2019.Tests.ReconfigurationGraphTest" time="0"/>
  <testcase name="testGraphContains{String}[301]" classname="MathResearch2019.Tests.ReconfigurationGraphTest" time="0.001"/>
  <testcase name="testGraphContains{String}[302]" classname="MathResearch2019.Tests.ReconfigurationGraphTest" time="0"/>
  <testcase name="testGraphContains{String}[303]" classname="MathResearch2019.Tests.ReconfigurationGraphTest" time="0"/>
  <testcase name="testGraphContains{String}[304]" classname="MathResearch2019.Tests.ReconfigurationGraphTest" time="0"/>
  <testcase name="testGraphContains{String}[305]" classname="MathResearch2019.Tests.ReconfigurationGraphTest" time="0"/>
  <testcase name="testGraphContains{String}[306]" classname="MathResearch2019.Tests.ReconfigurationGraphTest" time="0.001"/>
  <testcase name="testGraphContains{String}[307]" classname="MathResearch2019.Tests.ReconfigurationGraphTest" time="0.001"/>
  <testcase name="testGraphContains{String}[308]" classname="MathResearch2019.Tests.ReconfigurationGraphTest" time="0.001"/>
  <testcase name="testGraphContains{String}[309]" classname="MathResearch2019.Tests.ReconfigurationGraphTest" time="0"/>
  <testcase name="testGraphContains{String}[310]" classname="MathResearch2019.Tests.ReconfigurationGraphTest" time="0"/>
  <testcase name="testGraphContains{String}[311]" classname="MathResearch2019.Tests.ReconfigurationGraphTest" time="0.001"/>
  <testcase name="testGraphContains{String}[312]" classname="MathResearch2019.Tests.ReconfigurationGraphTest" time="0.001"/>
  <testcase name="testGraphContains{String}[313]" classname="MathResearch2019.Tests.ReconfigurationGraphTest" time="0.001"/>
  <testcase name="testGraphContains{String}[314]" classname="MathResearch2019.Tests.ReconfigurationGraphTest" time="0.001"/>
  <testcase name="testGraphContains{String}[315]" classname="MathResearch2019.Tests.ReconfigurationGraphTest" time="0.001"/>
  <testcase name="testGraphContains{String}[316]" classname="MathResearch2019.Tests.ReconfigurationGraphTest" time="0"/>
  <testcase name="testGraphContains{String}[317]" classname="MathResearch2019.Tests.ReconfigurationGraphTest" time="0.001"/>
  <testcase name="testGraphContains{String}[318]" classname="MathResearch2019.Tests.ReconfigurationGraphTest" time="0"/>
  <testcase name="testGraphContains{String}[319]" classname="MathResearch2019.Tests.ReconfigurationGraphTest" time="0"/>
  <testcase name="testGraphContains{String}[320]" classname="MathResearch2019.Tests.ReconfigurationGraphTest" time="0.001"/>
  <testcase name="testGraphContains{String}[321]" classname="MathResearch2019.Tests.ReconfigurationGraphTest" time="0.001"/>
  <testcase name="testGraphContains{String}[322]" classname="MathResearch2019.Tests.ReconfigurationGraphTest" time="0"/>
  <testcase name="testGraphContains{String}[323]" classname="MathResearch2019.Tests.ReconfigurationGraphTest" time="0"/>
  <testcase name="testGraphContains{String}[324]" classname="MathResearch2019.Tests.ReconfigurationGraphTest" time="0"/>
  <testcase name="testGraphContains{String}[325]" classname="MathResearch2019.Tests.ReconfigurationGraphTest" time="0"/>
  <testcase name="testGraphContains{String}[326]" classname="MathResearch2019.Tests.ReconfigurationGraphTest" time="0"/>
  <testcase name="testGraphContains{String}[327]" classname="MathResearch2019.Tests.ReconfigurationGraphTest" time="0"/>
  <testcase name="testGraphContains{String}[328]" classname="MathResearch2019.Tests.ReconfigurationGraphTest" time="0"/>
  <testcase name="testGraphContains{String}[329]" classname="MathResearch2019.Tests.ReconfigurationGraphTest" time="0"/>
  <testcase name="testGraphContains{String}[330]" classname="MathResearch2019.Tests.ReconfigurationGraphTest" time="0"/>
  <testcase name="testGraphContains{String}[331]" classname="MathResearch2019.Tests.ReconfigurationGraphTest" time="0"/>
  <testcase name="testGraphContains{String}[332]" classname="MathResearch2019.Tests.ReconfigurationGraphTest" time="0"/>
  <testcase name="testGraphContains{String}[333]" classname="MathResearch2019.Tests.ReconfigurationGraphTest" time="0"/>
  <testcase name="testGraphContains{String}[334]" classname="MathResearch2019.Tests.ReconfigurationGraphTest" time="0"/>
  <testcase name="testGraphContains{String}[335]" classname="MathResearch2019.Tests.ReconfigurationGraphTest" time="0.001"/>
  <testcase name="testGraphContains{String}[336]" classname="MathResearch2019.Tests.ReconfigurationGraphTest" time="0.001"/>
  <testcase name="testGraphContains{String}[337]" classname="MathResearch2019.Tests.ReconfigurationGraphTest" time="0"/>
  <testcase name="testGraphContains{String}[338]" classname="MathResearch2019.Tests.ReconfigurationGraphTest" time="0.001"/>
  <testcase name="testGraphContains{String}[339]" classname="MathResearch2019.Tests.ReconfigurationGraphTest" time="0"/>
  <testcase name="testGraphContains{String}[340]" classname="MathResearch2019.Tests.ReconfigurationGraphTest" time="0"/>
  <testcase name="testGraphContains{String}[341]" classname="MathResearch2019.Tests.ReconfigurationGraphTest" time="0"/>
  <testcase name="testGraphContains{String}[342]" classname="MathResearch2019.Tests.ReconfigurationGraphTest" time="0.001"/>
  <testcase name="testGraphContains{String}[343]" classname="MathResearch2019.Tests.ReconfigurationGraphTest" time="0"/>
  <testcase name="testGraphContains{String}[344]" classname="MathResearch2019.Tests.ReconfigurationGraphTest" time="0"/>
  <testcase name="testGraphContains{String}[345]" classname="MathResearch2019.Tests.ReconfigurationGraphTest" time="0"/>
  <testcase name="testGraphContains{String}[346]" classname="MathResearch2019.Tests.ReconfigurationGraphTest" time="0"/>
  <testcase name="testGraphContains{String}[347]" classname="MathResearch2019.Tests.ReconfigurationGraphTest" time="0"/>
  <testcase name="testGraphContains{String}[348]" classname="MathResearch2019.Tests.ReconfigurationGraphTest" time="0"/>
  <testcase name="testGraphContains{String}[349]" classname="MathResearch2019.Tests.ReconfigurationGraphTest" time="0"/>
  <testcase name="testGraphContains{String}[350]" classname="MathResearch2019.Tests.ReconfigurationGraphTest" time="0"/>
  <testcase name="testGraphContains{String}[351]" classname="MathResearch2019.Tests.ReconfigurationGraphTest" time="0.001"/>
  <testcase name="testGraphContains{String}[352]" classname="MathResearch2019.Tests.ReconfigurationGraphTest" time="0"/>
  <testcase name="testGraphContains{String}[353]" classname="MathResearch2019.Tests.ReconfigurationGraphTest" time="0"/>
  <testcase name="testGraphContains{String}[354]" classname="MathResearch2019.Tests.ReconfigurationGraphTest" time="0"/>
  <testcase name="testGraphContains{String}[355]" classname="MathResearch2019.Tests.ReconfigurationGraphTest" time="0"/>
  <testcase name="testGraphContains{String}[356]" classname="MathResearch2019.Tests.ReconfigurationGraphTest" time="0.001"/>
  <testcase name="testGraphContains{String}[357]" classname="MathResearch2019.Tests.ReconfigurationGraphTest" time="0"/>
  <testcase name="testGraphContains{String}[358]" classname="MathResearch2019.Tests.ReconfigurationGraphTest" time="0"/>
  <testcase name="testGraphContains{String}[359]" classname="MathResearch2019.Tests.ReconfigurationGraphTest" time="0"/>
  <testcase name="testGraphContains{String}[360]" classname="MathResearch2019.Tests.ReconfigurationGraphTest" time="0"/>
  <testcase name="testGraphContains{String}[361]" classname="MathResearch2019.Tests.ReconfigurationGraphTest" time="0"/>
  <testcase name="testGraphContains{String}[362]" classname="MathResearch2019.Tests.ReconfigurationGraphTest" time="0"/>
  <testcase name="testGraphContains{String}[363]" classname="MathResearch2019.Tests.ReconfigurationGraphTest" time="0"/>
  <testcase name="testGraphContains{String}[364]" classname="MathResearch2019.Tests.ReconfigurationGraphTest" time="0"/>
  <testcase name="testGraphContains{String}[365]" classname="MathResearch2019.Tests.ReconfigurationGraphTest" time="0"/>
  <testcase name="testGraphContains{String}[366]" classname="MathResearch2019.Tests.ReconfigurationGraphTest" time="0.001"/>
  <testcase name="testGraphContains{String}[367]" classname="MathResearch2019.Tests.ReconfigurationGraphTest" time="0"/>
  <testcase name="testGraphContains{String}[368]" classname="MathResearch2019.Tests.ReconfigurationGraphTest" time="0"/>
  <testcase name="testGraphContains{String}[369]" classname="MathResearch2019.Tests.ReconfigurationGraphTest" time="0"/>
  <testcase name="testGraphContains{String}[370]" classname="MathResearch2019.Tests.ReconfigurationGraphTest" time="0"/>
  <testcase name="testGraphContains{String}[371]" classname="MathResearch2019.Tests.ReconfigurationGraphTest" time="0.001"/>
  <testcase name="testGraphContains{String}[372]" classname="MathResearch2019.Tests.ReconfigurationGraphTest" time="0"/>
  <testcase name="testGraphContains{String}[373]" classname="MathResearch2019.Tests.ReconfigurationGraphTest" time="0"/>
  <testcase name="testGraphContains{String}[374]" classname="MathResearch2019.Tests.ReconfigurationGraphTest" time="0"/>
  <testcase name="testGraphContains{String}[375]" classname="MathResearch2019.Tests.ReconfigurationGraphTest" time="0"/>
  <testcase name="testGraphContains{String}[376]" classname="MathResearch2019.Tests.ReconfigurationGraphTest" time="0"/>
  <testcase name="testGraphContains{String}[377]" classname="MathResearch2019.Tests.ReconfigurationGraphTest" time="0"/>
  <testcase name="testGraphContains{String}[378]" classname="MathResearch2019.Tests.ReconfigurationGraphTest" time="0.001"/>
  <testcase name="testGraphContains{String}[379]" classname="MathResearch2019.Tests.ReconfigurationGraphTest" time="0.001"/>
  <testcase name="testGraphContains{String}[380]" classname="MathResearch2019.Tests.ReconfigurationGraphTest" time="0.001"/>
  <testcase name="testGraphContains{String}[381]" classname="MathResearch2019.Tests.ReconfigurationGraphTest" time="0"/>
  <testcase name="testGraphContains{String}[382]" classname="MathResearch2019.Tests.ReconfigurationGraphTest" time="0.001"/>
  <testcase name="testGraphContains{String}[383]" classname="MathResearch2019.Tests.ReconfigurationGraphTest" time="0"/>
  <testcase name="testGraphContains{String}[384]" classname="MathResearch2019.Tests.ReconfigurationGraphTest" time="0.001"/>
  <testcase name="testGraphContains{String}[385]" classname="MathResearch2019.Tests.ReconfigurationGraphTest" time="0.001"/>
  <testcase name="testGraphContains{String}[386]" classname="MathResearch2019.Tests.ReconfigurationGraphTest" time="0.001"/>
  <testcase name="testGraphContains{String}[387]" classname="MathResearch2019.Tests.ReconfigurationGraphTest" time="0"/>
  <testcase name="testGraphContains{String}[388]" classname="MathResearch2019.Tests.ReconfigurationGraphTest" time="0"/>
  <testcase name="testGraphContains{String}[389]" classname="MathResearch2019.Tests.ReconfigurationGraphTest" time="0"/>
  <testcase name="testGraphContains{String}[390]" classname="MathResearch2019.Tests.ReconfigurationGraphTest" time="0"/>
  <testcase name="testGraphContains{String}[391]" classname="MathResearch2019.Tests.ReconfigurationGraphTest" time="0"/>
  <testcase name="testGraphContains{String}[392]" classname="MathResearch2019.Tests.ReconfigurationGraphTest" time="0"/>
  <testcase name="testGraphContains{String}[393]" classname="MathResearch2019.Tests.ReconfigurationGraphTest" time="0"/>
  <testcase name="testGraphContains{String}[394]" classname="MathResearch2019.Tests.ReconfigurationGraphTest" time="0"/>
  <testcase name="testGraphContains{String}[395]" classname="MathResearch2019.Tests.ReconfigurationGraphTest" time="0"/>
  <testcase name="testGraphContains{String}[396]" classname="MathResearch2019.Tests.ReconfigurationGraphTest" time="0"/>
  <testcase name="testGraphContains{String}[397]" classname="MathResearch2019.Tests.ReconfigurationGraphTest" time="0"/>
  <testcase name="testGraphContains{String}[398]" classname="MathResearch2019.Tests.ReconfigurationGraphTest" time="0.001"/>
  <testcase name="testGraphContains{String}[399]" classname="MathResearch2019.Tests.ReconfigurationGraphTest" time="0.001"/>
  <testcase name="testGraphContains{String}[400]" classname="MathResearch2019.Tests.ReconfigurationGraphTest" time="0.001"/>
  <testcase name="testGraphContains{String}[401]" classname="MathResearch2019.Tests.ReconfigurationGraphTest" time="0"/>
  <testcase name="testGraphContains{String}[402]" classname="MathResearch2019.Tests.ReconfigurationGraphTest" time="0.001"/>
  <testcase name="testGraphContains{String}[403]" classname="MathResearch2019.Tests.ReconfigurationGraphTest" time="0.001"/>
  <testcase name="testGraphContains{String}[404]" classname="MathResearch2019.Tests.ReconfigurationGraphTest" time="0.001"/>
  <testcase name="testGraphContains{String}[405]" classname="MathResearch2019.Tests.ReconfigurationGraphTest" time="0.001"/>
  <testcase name="testGraphContains{String}[406]" classname="MathResearch2019.Tests.ReconfigurationGraphTest" time="0.001"/>
  <testcase name="testGraphContains{String}[407]" classname="MathResearch2019.Tests.ReconfigurationGraphTest" time="0"/>
  <testcase name="testGraphContains{String}[408]" classname="MathResearch2019.Tests.ReconfigurationGraphTest" time="0.001"/>
  <testcase name="testGraphContains{String}[409]" classname="MathResearch2019.Tests.ReconfigurationGraphTest" time="0.001"/>
  <testcase name="testGraphContains{String}[410]" classname="MathResearch2019.Tests.ReconfigurationGraphTest" time="0.001"/>
  <testcase name="testGraphContains{String}[411]" classname="MathResearch2019.Tests.ReconfigurationGraphTest" time="0.001"/>
  <testcase name="testGraphContains{String}[412]" classname="MathResearch2019.Tests.ReconfigurationGraphTest" time="0.001"/>
  <testcase name="testGraphContains{String}[413]" classname="MathResearch2019.Tests.ReconfigurationGraphTest" time="0.001"/>
  <testcase name="testGraphContains{String}[414]" classname="MathResearch2019.Tests.ReconfigurationGraphTest" time="0.001"/>
  <testcase name="testGraphContains{String}[415]" classname="MathResearch2019.Tests.ReconfigurationGraphTest" time="0"/>
  <testcase name="testGraphContains{String}[416]" classname="MathResearch2019.Tests.ReconfigurationGraphTest" time="0"/>
  <testcase name="testGraphContains{String}[417]" classname="MathResearch2019.Tests.ReconfigurationGraphTest" time="0.001"/>
  <testcase name="testGraphContains{String}[418]" classname="MathResearch2019.Tests.ReconfigurationGraphTest" time="0.001"/>
  <testcase name="testGraphContains{String}[419]" classname="MathResearch2019.Tests.ReconfigurationGraphTest" time="0.001"/>
  <testcase name="testGraphContains{String}[420]" classname="MathResearch2019.Tests.ReconfigurationGraphTest" time="0"/>
  <testcase name="testGraphContains{String}[421]" classname="MathResearch2019.Tests.ReconfigurationGraphTest" time="0.001"/>
  <testcase name="testGraphContains{String}[422]" classname="MathResearch2019.Tests.ReconfigurationGraphTest" time="0"/>
  <testcase name="testGraphContains{String}[423]" classname="MathResearch2019.Tests.ReconfigurationGraphTest" time="0.001"/>
  <testcase name="testGraphContains{String}[424]" classname="MathResearch2019.Tests.ReconfigurationGraphTest" time="0"/>
  <testcase name="testGraphContains{String}[425]" classname="MathResearch2019.Tests.ReconfigurationGraphTest" time="0.001"/>
  <testcase name="testGraphContains{String}[426]" classname="MathResearch2019.Tests.ReconfigurationGraphTest" time="0.001"/>
  <testcase name="testGraphContains{String}[427]" classname="MathResearch2019.Tests.ReconfigurationGraphTest" time="0"/>
  <testcase name="testGraphContains{String}[428]" classname="MathResearch2019.Tests.ReconfigurationGraphTest" time="0"/>
  <testcase name="testGraphContains{String}[429]" classname="MathResearch2019.Tests.ReconfigurationGraphTest" time="0.001"/>
  <testcase name="testGraphContains{String}[430]" classname="MathResearch2019.Tests.ReconfigurationGraphTest" time="0.001"/>
  <testcase name="testGraphContains{String}[431]" classname="MathResearch2019.Tests.ReconfigurationGraphTest" time="0"/>
  <testcase name="testGraphContains{String}[432]" classname="MathResearch2019.Tests.ReconfigurationGraphTest" time="0"/>
  <testcase name="testGraphContains{String}[433]" classname="MathResearch2019.Tests.ReconfigurationGraphTest" time="0.001"/>
  <testcase name="testGraphContains{String}[434]" classname="MathResearch2019.Tests.ReconfigurationGraphTest" time="0"/>
  <testcase name="testGraphContains{String}[435]" classname="MathResearch2019.Tests.ReconfigurationGraphTest" time="0"/>
  <testcase name="testGraphContains{String}[436]" classname="MathResearch2019.Tests.ReconfigurationGraphTest" time="0"/>
  <testcase name="testGraphContains{String}[437]" classname="MathResearch2019.Tests.ReconfigurationGraphTest" time="0"/>
  <testcase name="testGraphContains{String}[438]" classname="MathResearch2019.Tests.ReconfigurationGraphTest" time="0.001"/>
  <testcase name="testGraphContains{String}[439]" classname="MathResearch2019.Tests.ReconfigurationGraphTest" time="0.001"/>
  <testcase name="testGraphContains{String}[440]" classname="MathResearch2019.Tests.ReconfigurationGraphTest" time="0"/>
  <testcase name="testGraphContains{String}[441]" classname="MathResearch2019.Tests.ReconfigurationGraphTest" time="0"/>
  <testcase name="testGraphContains{String}[442]" classname="MathResearch2019.Tests.ReconfigurationGraphTest" time="0"/>
  <testcase name="testGraphContains{String}[443]" classname="MathResearch2019.Tests.ReconfigurationGraphTest" time="0"/>
  <testcase name="testGraphContains{String}[444]" classname="MathResearch2019.Tests.ReconfigurationGraphTest" time="0"/>
  <testcase name="testGraphContains{String}[445]" classname="MathResearch2019.Tests.ReconfigurationGraphTest" time="0"/>
  <testcase name="testGraphContains{String}[446]" classname="MathResearch2019.Tests.ReconfigurationGraphTest" time="0"/>
  <testcase name="testGraphContains{String}[447]" classname="MathResearch2019.Tests.ReconfigurationGraphTest" time="0"/>
  <testcase name="testGraphContains{String}[448]" classname="MathResearch2019.Tests.ReconfigurationGraphTest" time="0"/>
  <testcase name="testGraphContains{String}[449]" classname="MathResearch2019.Tests.ReconfigurationGraphTest" time="0"/>
  <testcase name="testGraphContains{String}[450]" classname="MathResearch2019.Tests.ReconfigurationGraphTest" time="0"/>
  <testcase name="testGraphContains{String}[451]" classname="MathResearch2019.Tests.ReconfigurationGraphTest" time="0"/>
  <testcase name="testGraphContains{String}[452]" classname="MathResearch2019.Tests.ReconfigurationGraphTest" time="0"/>
  <testcase name="testGraphContains{String}[453]" classname="MathResearch2019.Tests.ReconfigurationGraphTest" time="0.001"/>
  <testcase name="testGraphContains{String}[454]" classname="MathResearch2019.Tests.ReconfigurationGraphTest" time="0"/>
  <testcase name="testGraphContains{String}[455]" classname="MathResearch2019.Tests.ReconfigurationGraphTest" time="0"/>
  <testcase name="testGraphContains{String}[456]" classname="MathResearch2019.Tests.ReconfigurationGraphTest" time="0"/>
  <testcase name="testGraphContains{String}[457]" classname="MathResearch2019.Tests.ReconfigurationGraphTest" time="0"/>
  <testcase name="testGraphContains{String}[458]" classname="MathResearch2019.Tests.ReconfigurationGraphTest" time="0"/>
  <testcase name="testGraphContains{String}[459]" classname="MathResearch2019.Tests.ReconfigurationGraphTest" time="0"/>
  <testcase name="testGraphContains{String}[460]" classname="MathResearch2019.Tests.ReconfigurationGraphTest" time="0"/>
  <testcase name="testGraphContains{String}[461]" classname="MathResearch2019.Tests.ReconfigurationGraphTest" time="0"/>
  <testcase name="testGraphContains{String}[462]" classname="MathResearch2019.Tests.ReconfigurationGraphTest" time="0"/>
  <testcase name="testGraphContains{String}[463]" classname="MathResearch2019.Tests.ReconfigurationGraphTest" time="0"/>
  <testcase name="testGraphContains{String}[464]" classname="MathResearch2019.Tests.ReconfigurationGraphTest" time="0"/>
  <testcase name="testGraphContains{String}[465]" classname="MathResearch2019.Tests.ReconfigurationGraphTest" time="0"/>
  <testcase name="testGraphContains{String}[466]" classname="MathResearch2019.Tests.ReconfigurationGraphTest" time="0"/>
  <testcase name="testGraphContains{String}[467]" classname="MathResearch2019.Tests.ReconfigurationGraphTest" time="0"/>
  <testcase name="testGraphContains{String}[468]" classname="MathResearch2019.Tests.ReconfigurationGraphTest" time="0"/>
  <testcase name="testGraphContains{String}[469]" classname="MathResearch2019.Tests.ReconfigurationGraphTest" time="0.001"/>
  <testcase name="testGraphContains{String}[470]" classname="MathResearch2019.Tests.ReconfigurationGraphTest" time="0"/>
  <testcase name="testGraphContains{String}[471]" classname="MathResearch2019.Tests.ReconfigurationGraphTest" time="0"/>
  <testcase name="testGraphContains{String}[472]" classname="MathResearch2019.Tests.ReconfigurationGraphTest" time="0.001"/>
  <testcase name="testGraphContains{String}[473]" classname="MathResearch2019.Tests.ReconfigurationGraphTest" time="0"/>
  <testcase name="testGraphContains{String}[474]" classname="MathResearch2019.Tests.ReconfigurationGraphTest" time="0"/>
  <testcase name="testGraphContains{String}[475]" classname="MathResearch2019.Tests.ReconfigurationGraphTest" time="0"/>
  <testcase name="testGraphContains{String}[476]" classname="MathResearch2019.Tests.ReconfigurationGraphTest" time="0"/>
  <testcase name="testGraphContains{String}[477]" classname="MathResearch2019.Tests.ReconfigurationGraphTest" time="0"/>
  <testcase name="testGraphContains{String}[478]" classname="MathResearch2019.Tests.ReconfigurationGraphTest" time="0"/>
  <testcase name="testGraphContains{String}[479]" classname="MathResearch2019.Tests.ReconfigurationGraphTest" time="0"/>
  <testcase name="testGraphContains{String}[480]" classname="MathResearch2019.Tests.ReconfigurationGraphTest" time="0"/>
  <testcase name="testGraphContains{String}[481]" classname="MathResearch2019.Tests.ReconfigurationGraphTest" time="0"/>
  <testcase name="testGraphContains{String}[482]" classname="MathResearch2019.Tests.ReconfigurationGraphTest" time="0"/>
  <testcase name="testGraphContains{String}[483]" classname="MathResearch2019.Tests.ReconfigurationGraphTest" time="0"/>
  <testcase name="testGraphContains{String}[484]" classname="MathResearch2019.Tests.ReconfigurationGraphTest" time="0"/>
  <testcase name="testGraphContains{String}[485]" classname="MathResearch2019.Tests.ReconfigurationGraphTest" time="0"/>
  <testcase name="testGraphContains{String}[486]" classname="MathResearch2019.Tests.ReconfigurationGraphTest" time="0"/>
  <testcase name="testGraphContains{String}[487]" classname="MathResearch2019.Tests.ReconfigurationGraphTest" time="0"/>
  <testcase name="testGraphContains{String}[488]" classname="MathResearch2019.Tests.ReconfigurationGraphTest" time="0"/>
  <testcase name="testGraphContains{String}[489]" classname="MathResearch2019.Tests.ReconfigurationGraphTest" time="0.001"/>
  <testcase name="testGraphContains{String}[490]" classname="MathResearch2019.Tests.ReconfigurationGraphTest" time="0.001"/>
  <testcase name="testGraphContains{String}[491]" classname="MathResearch2019.Tests.ReconfigurationGraphTest" time="0.001"/>
  <testcase name="testGraphContains{String}[492]" classname="MathResearch2019.Tests.ReconfigurationGraphTest" time="0"/>
  <testcase name="testGraphContains{String}[493]" classname="MathResearch2019.Tests.ReconfigurationGraphTest" time="0"/>
  <testcase name="testGraphContains{String}[494]" classname="MathResearch2019.Tests.ReconfigurationGraphTest" time="0.001"/>
  <testcase name="testGraphContains{String}[495]" classname="MathResearch2019.Tests.ReconfigurationGraphTest" time="0"/>
  <testcase name="testGraphContains{String}[496]" classname="MathResearch2019.Tests.ReconfigurationGraphTest" time="0"/>
  <testcase name="testGraphContains{String}[497]" classname="MathResearch2019.Tests.ReconfigurationGraphTest" time="0"/>
  <testcase name="testGraphContains{String}[498]" classname="MathResearch2019.Tests.ReconfigurationGraphTest" time="0.001"/>
  <testcase name="testGraphContains{String}[499]" classname="MathResearch2019.Tests.ReconfigurationGraphTest" time="0"/>
  <testcase name="testGraphContains{String}[500]" classname="MathResearch2019.Tests.ReconfigurationGraphTest" time="0"/>
  <testcase name="testGraphContains{String}[501]" classname="MathResearch2019.Tests.ReconfigurationGraphTest" time="0"/>
  <testcase name="testGraphContains{String}[502]" classname="MathResearch2019.Tests.ReconfigurationGraphTest" time="0"/>
  <testcase name="testGraphContains{String}[503]" classname="MathResearch2019.Tests.ReconfigurationGraphTest" time="0"/>
  <testcase name="testGraphContains{String}[504]" classname="MathResearch2019.Tests.ReconfigurationGraphTest" time="0"/>
  <testcase name="testGraphContains{String}[505]" classname="MathResearch2019.Tests.ReconfigurationGraphTest" time="0"/>
  <testcase name="testGraphContains{String}[506]" classname="MathResearch2019.Tests.ReconfigurationGraphTest" time="0"/>
  <testcase name="testGraphContains{String}[507]" classname="MathResearch2019.Tests.ReconfigurationGraphTest" time="0"/>
  <testcase name="testGraphContains{String}[508]" classname="MathResearch2019.Tests.ReconfigurationGraphTest" time="0"/>
  <testcase name="testGraphContains{String}[509]" classname="MathResearch2019.Tests.ReconfigurationGraphTest" time="0.001"/>
  <testcase name="testGraphContains{String}[510]" classname="MathResearch2019.Tests.ReconfigurationGraphTest" time="0"/>
  <testcase name="testGraphContains{String}[511]" classname="MathResearch2019.Tests.ReconfigurationGraphTest" time="0.001"/>
  <testcase name="testGraphContains{String}[512]" classname="MathResearch2019.Tests.ReconfigurationGraphTest" time="0.001"/>
  <testcase name="testGraphContains{String}[513]" classname="MathResearch2019.Tests.ReconfigurationGraphTest" time="0"/>
  <testcase name="testGraphContains{String}[514]" classname="MathResearch2019.Tests.ReconfigurationGraphTest" time="0"/>
  <testcase name="testGraphContains{String}[515]" classname="MathResearch2019.Tests.ReconfigurationGraphTest" time="0"/>
  <testcase name="testGraphContains{String}[516]" classname="MathResearch2019.Tests.ReconfigurationGraphTest" time="0.001"/>
  <testcase name="testGraphContains{String}[517]" classname="MathResearch2019.Tests.ReconfigurationGraphTest" time="0"/>
  <testcase name="testGraphContains{String}[518]" classname="MathResearch2019.Tests.ReconfigurationGraphTest" time="0"/>
  <testcase name="testGraphContains{String}[519]" classname="MathResearch2019.Tests.ReconfigurationGraphTest" time="0"/>
  <testcase name="testGraphContains{String}[520]" classname="MathResearch2019.Tests.ReconfigurationGraphTest" time="0"/>
  <testcase name="testGraphContains{String}[521]" classname="MathResearch2019.Tests.ReconfigurationGraphTest" time="0"/>
  <testcase name="testGraphContains{String}[522]" classname="MathResearch2019.Tests.ReconfigurationGraphTest" time="0"/>
  <testcase name="testGraphContains{String}[523]" classname="MathResearch2019.Tests.ReconfigurationGraphTest" time="0"/>
  <testcase name="testGraphContains{String}[524]" classname="MathResearch2019.Tests.ReconfigurationGraphTest" time="0.001"/>
  <testcase name="testGraphContains{String}[525]" classname="MathResearch2019.Tests.ReconfigurationGraphTest" time="0"/>
  <testcase name="testGraphContains{String}[526]" classname="MathResearch2019.Tests.ReconfigurationGraphTest" time="0"/>
  <testcase name="testGraphContains{String}[527]" classname="MathResearch2019.Tests.ReconfigurationGraphTest" time="0.001"/>
  <testcase name="testGraphContains{String}[528]" classname="MathResearch2019.Tests.ReconfigurationGraphTest" time="0"/>
  <testcase name="testGraphContains{String}[529]" classname="MathResearch2019.Tests.ReconfigurationGraphTest" time="0.001"/>
  <testcase name="testGraphContains{String}[530]" classname="MathResearch2019.Tests.ReconfigurationGraphTest" time="0"/>
  <testcase name="testGraphContains{String}[531]" classname="MathResearch2019.Tests.ReconfigurationGraphTest" time="0"/>
  <testcase name="testGraphContains{String}[532]" classname="MathResearch2019.Tests.ReconfigurationGraphTest" time="0"/>
  <testcase name="testGraphContains{String}[533]" classname="MathResearch2019.Tests.ReconfigurationGraphTest" time="0"/>
  <testcase name="testGraphContains{String}[534]" classname="MathResearch2019.Tests.ReconfigurationGraphTest" time="0"/>
  <testcase name="testGraphContains{String}[535]" classname="MathResearch2019.Tests.ReconfigurationGraphTest" time="0.001"/>
  <testcase name="testGraphContains{String}[536]" classname="MathResearch2019.Tests.ReconfigurationGraphTest" time="0.001"/>
  <testcase name="testGraphContains{String}[537]" classname="MathResearch2019.Tests.ReconfigurationGraphTest" time="0"/>
  <testcase name="testGraphContains{String}[538]" classname="MathResearch2019.Tests.ReconfigurationGraphTest" time="0"/>
  <testcase name="testGraphContains{String}[539]" classname="MathResearch2019.Tests.ReconfigurationGraphTest" time="0"/>
  <testcase name="testGraphContains{String}[540]" classname="MathResearch2019.Tests.ReconfigurationGraphTest" time="0"/>
  <testcase name="testGraphContains{String}[541]" classname="MathResearch2019.Tests.ReconfigurationGraphTest" time="0"/>
  <testcase name="testGraphContains{String}[542]" classname="MathResearch2019.Tests.ReconfigurationGraphTest" time="0"/>
  <testcase name="testGraphContains{String}[543]" classname="MathResearch2019.Tests.ReconfigurationGraphTest" time="0.001"/>
  <testcase name="testGraphContains{String}[544]" classname="MathResearch2019.Tests.ReconfigurationGraphTest" time="0"/>
  <testcase name="testGraphContains{String}[545]" classname="MathResearch2019.Tests.ReconfigurationGraphTest" time="0"/>
  <testcase name="testGraphContains{String}[546]" classname="MathResearch2019.Tests.ReconfigurationGraphTest" time="0.001"/>
  <testcase name="testGraphContains{String}[547]" classname="MathResearch2019.Tests.ReconfigurationGraphTest" time="0"/>
  <testcase name="testGraphContains{String}[548]" classname="MathResearch2019.Tests.ReconfigurationGraphTest" time="0"/>
  <testcase name="testGraphContains{String}[549]" classname="MathResearch2019.Tests.ReconfigurationGraphTest" time="0"/>
  <testcase name="testGraphContains{String}[550]" classname="MathResearch2019.Tests.ReconfigurationGraphTest" time="0.001"/>
  <testcase name="testGraphContains{String}[551]" classname="MathResearch2019.Tests.ReconfigurationGraphTest" time="0"/>
  <testcase name="testGraphContains{String}[552]" classname="MathResearch2019.Tests.ReconfigurationGraphTest" time="0"/>
  <testcase name="testGraphContains{String}[553]" classname="MathResearch2019.Tests.ReconfigurationGraphTest" time="0"/>
  <testcase name="testGraphContains{String}[554]" classname="MathResearch2019.Tests.ReconfigurationGraphTest" time="0"/>
  <testcase name="testGraphContains{String}[555]" classname="MathResearch2019.Tests.ReconfigurationGraphTest" time="0"/>
  <testcase name="testGraphContains{String}[556]" classname="MathResearch2019.Tests.ReconfigurationGraphTest" time="0"/>
  <testcase name="testGraphContains{String}[557]" classname="MathResearch2019.Tests.ReconfigurationGraphTest" time="0"/>
  <testcase name="testGraphContains{String}[558]" classname="MathResearch2019.Tests.ReconfigurationGraphTest" time="0.001"/>
  <testcase name="testGraphContains{String}[559]" classname="MathResearch2019.Tests.ReconfigurationGraphTest" time="0"/>
  <testcase name="testGraphContains{String}[560]" classname="MathResearch2019.Tests.ReconfigurationGraphTest" time="0"/>
  <testcase name="testGraphContains{String}[561]" classname="MathResearch2019.Tests.ReconfigurationGraphTest" time="0.001"/>
  <testcase name="testGraphContains{String}[562]" classname="MathResearch2019.Tests.ReconfigurationGraphTest" time="0"/>
  <testcase name="testGraphContains{String}[563]" classname="MathResearch2019.Tests.ReconfigurationGraphTest" time="0"/>
  <testcase name="testGraphContains{String}[564]" classname="MathResearch2019.Tests.ReconfigurationGraphTest" time="0"/>
  <testcase name="testGraphContains{String}[565]" classname="MathResearch2019.Tests.ReconfigurationGraphTest" time="0"/>
  <testcase name="testGraphContains{String}[566]" classname="MathResearch2019.Tests.ReconfigurationGraphTest" time="0.001"/>
  <testcase name="testGraphContains{String}[567]" classname="MathResearch2019.Tests.ReconfigurationGraphTest" time="0.001"/>
  <testcase name="testGraphContains{String}[568]" classname="MathResearch2019.Tests.ReconfigurationGraphTest" time="0"/>
  <testcase name="testGraphContains{String}[569]" classname="MathResearch2019.Tests.ReconfigurationGraphTest" time="0"/>
  <testcase name="testGraphContains{String}[570]" classname="MathResearch2019.Tests.ReconfigurationGraphTest" time="0"/>
  <testcase name="testGraphContains{String}[571]" classname="MathResearch2019.Tests.ReconfigurationGraphTest" time="0"/>
  <testcase name="testGraphContains{String}[572]" classname="MathResearch2019.Tests.ReconfigurationGraphTest" time="0.001"/>
  <testcase name="testGraphContains{String}[573]" classname="MathResearch2019.Tests.ReconfigurationGraphTest" time="0"/>
  <testcase name="testGraphContains{String}[574]" classname="MathResearch2019.Tests.ReconfigurationGraphTest" time="0"/>
  <testcase name="testGraphContains{String}[575]" classname="MathResearch2019.Tests.ReconfigurationGraphTest" time="0"/>
  <testcase name="testGraphContains{String}[576]" classname="MathResearch2019.Tests.ReconfigurationGraphTest" time="0"/>
  <testcase name="testGraphContains{String}[577]" classname="MathResearch2019.Tests.ReconfigurationGraphTest" time="0.001"/>
  <testcase name="testGraphContains{String}[578]" classname="MathResearch2019.Tests.ReconfigurationGraphTest" time="0"/>
  <testcase name="testGraphContains{String}[579]" classname="MathResearch2019.Tests.ReconfigurationGraphTest" time="0.001"/>
  <testcase name="testGraphContains{String}[580]" classname="MathResearch2019.Tests.ReconfigurationGraphTest" time="0"/>
  <testcase name="testGraphContains{String}[581]" classname="MathResearch2019.Tests.ReconfigurationGraphTest" time="0.001"/>
  <testcase name="testGraphContains{String}[582]" classname="MathResearch2019.Tests.ReconfigurationGraphTest" time="0"/>
  <testcase name="testGraphContains{String}[583]" classname="MathResearch2019.Tests.ReconfigurationGraphTest" time="0.001"/>
  <testcase name="testGraphContains{String}[584]" classname="MathResearch2019.Tests.ReconfigurationGraphTest" time="0.001"/>
  <testcase name="testGraphContains{String}[585]" classname="MathResearch2019.Tests.ReconfigurationGraphTest" time="0.001"/>
  <testcase name="testGraphContains{String}[586]" classname="MathResearch2019.Tests.ReconfigurationGraphTest" time="0.001"/>
  <testcase name="testGraphContains{String}[587]" classname="MathResearch2019.Tests.ReconfigurationGraphTest" time="0.001"/>
  <testcase name="testGraphContains{String}[588]" classname="MathResearch2019.Tests.ReconfigurationGraphTest" time="0"/>
  <testcase name="testGraphContains{String}[589]" classname="MathResearch2019.Tests.ReconfigurationGraphTest" time="0"/>
  <testcase name="testGraphContains{String}[590]" classname="MathResearch2019.Tests.ReconfigurationGraphTest" time="0"/>
  <testcase name="testGraphContains{String}[591]" classname="MathResearch2019.Tests.ReconfigurationGraphTest" time="0.001"/>
  <testcase name="testGraphContains{String}[592]" classname="MathResearch2019.Tests.ReconfigurationGraphTest" time="0.001"/>
  <testcase name="testGraphContains{String}[593]" classname="MathResearch2019.Tests.ReconfigurationGraphTest" time="0"/>
  <testcase name="testGraphContains{String}[594]" classname="MathResearch2019.Tests.ReconfigurationGraphTest" time="0"/>
  <testcase name="testGraphContains{String}[595]" classname="MathResearch2019.Tests.ReconfigurationGraphTest" time="0"/>
  <testcase name="testGraphContains{String}[596]" classname="MathResearch2019.Tests.ReconfigurationGraphTest" time="0.001"/>
  <testcase name="testGraphContains{String}[597]" classname="MathResearch2019.Tests.ReconfigurationGraphTest" time="0"/>
  <testcase name="testGraphContains{String}[598]" classname="MathResearch2019.Tests.ReconfigurationGraphTest" time="0.001"/>
  <testcase name="testGraphContains{String}[599]" classname="MathResearch2019.Tests.ReconfigurationGraphTest" time="0"/>
  <testcase name="testGraphContains{String}[600]" classname="MathResearch2019.Tests.ReconfigurationGraphTest" time="0"/>
  <testcase name="testGraphContains{String}[601]" classname="MathResearch2019.Tests.ReconfigurationGraphTest" time="0"/>
  <testcase name="testGraphContains{String}[602]" classname="MathResearch2019.Tests.ReconfigurationGraphTest" time="0"/>
  <testcase name="testGraphContains{String}[603]" classname="MathResearch2019.Tests.ReconfigurationGraphTest" time="0"/>
  <testcase name="testGraphContains{String}[604]" classname="MathResearch2019.Tests.ReconfigurationGraphTest" time="0"/>
  <testcase name="testGraphContains{String}[605]" classname="MathResearch2019.Tests.ReconfigurationGraphTest" time="0"/>
  <testcase name="testGraphContains{String}[606]" classname="MathResearch2019.Tests.ReconfigurationGraphTest" time="0"/>
  <testcase name="testGraphContains{String}[607]" classname="MathResearch2019.Tests.ReconfigurationGraphTest" time="0.001"/>
  <testcase name="testGraphContains{String}[608]" classname="MathResearch2019.Tests.ReconfigurationGraphTest" time="0"/>
  <testcase name="testGraphContains{String}[609]" classname="MathResearch2019.Tests.ReconfigurationGraphTest" time="0.001"/>
  <testcase name="testGraphContains{String}[610]" classname="MathResearch2019.Tests.ReconfigurationGraphTest" time="0"/>
  <testcase name="testGraphContains{String}[611]" classname="MathResearch2019.Tests.ReconfigurationGraphTest" time="0"/>
  <testcase name="testGraphContains{String}[612]" classname="MathResearch2019.Tests.ReconfigurationGraphTest" time="0"/>
  <testcase name="testGraphContains{String}[613]" classname="MathResearch2019.Tests.ReconfigurationGraphTest" time="0"/>
  <testcase name="testGraphContains{String}[614]" classname="MathResearch2019.Tests.ReconfigurationGraphTest" time="0"/>
  <testcase name="testGraphContains{String}[615]" classname="MathResearch2019.Tests.ReconfigurationGraphTest" time="0"/>
  <testcase name="testGraphContains{String}[616]" classname="MathResearch2019.Tests.ReconfigurationGraphTest" time="0"/>
  <testcase name="testGraphContains{String}[617]" classname="MathResearch2019.Tests.ReconfigurationGraphTest" time="0"/>
  <testcase name="testGraphContains{String}[618]" classname="MathResearch2019.Tests.ReconfigurationGraphTest" time="0"/>
  <testcase name="testGraphContains{String}[619]" classname="MathResearch2019.Tests.ReconfigurationGraphTest" time="0"/>
  <testcase name="testGraphContains{String}[620]" classname="MathResearch2019.Tests.ReconfigurationGraphTest" time="0"/>
  <testcase name="testGraphContains{String}[621]" classname="MathResearch2019.Tests.ReconfigurationGraphTest" time="0"/>
  <testcase name="testGraphContains{String}[622]" classname="MathResearch2019.Tests.ReconfigurationGraphTest" time="0"/>
  <testcase name="testGraphContains{String}[623]" classname="MathResearch2019.Tests.ReconfigurationGraphTest" time="0"/>
  <testcase name="testGraphContains{String}[624]" classname="MathResearch2019.Tests.ReconfigurationGraphTest" time="0"/>
  <testcase name="testGraphContains{String}[625]" classname="MathResearch2019.Tests.ReconfigurationGraphTest" time="0"/>
  <testcase name="testGraphContains{String}[626]" classname="MathResearch2019.Tests.ReconfigurationGraphTest" time="0"/>
  <testcase name="testGraphContains{String}[627]" classname="MathResearch2019.Tests.ReconfigurationGraphTest" time="0.001"/>
  <testcase name="testGraphContains{String}[628]" classname="MathResearch2019.Tests.ReconfigurationGraphTest" time="0"/>
  <testcase name="testGraphContains{String}[629]" classname="MathResearch2019.Tests.ReconfigurationGraphTest" time="0"/>
  <testcase name="testGraphContains{String}[630]" classname="MathResearch2019.Tests.ReconfigurationGraphTest" time="0"/>
  <testcase name="testGraphContains{String}[631]" classname="MathResearch2019.Tests.ReconfigurationGraphTest" time="0"/>
  <testcase name="testGraphContains{String}[632]" classname="MathResearch2019.Tests.ReconfigurationGraphTest" time="0"/>
  <testcase name="testGraphContains{String}[633]" classname="MathResearch2019.Tests.ReconfigurationGraphTest" time="0"/>
  <testcase name="testGraphContains{String}[634]" classname="MathResearch2019.Tests.ReconfigurationGraphTest" time="0"/>
  <testcase name="testGraphContains{String}[635]" classname="MathResearch2019.Tests.ReconfigurationGraphTest" time="0"/>
  <testcase name="testGraphContains{String}[636]" classname="MathResearch2019.Tests.ReconfigurationGraphTest" time="0"/>
  <testcase name="testGraphContains{String}[637]" classname="MathResearch2019.Tests.ReconfigurationGraphTest" time="0"/>
  <testcase name="testGraphContains{String}[638]" classname="MathResearch2019.Tests.ReconfigurationGraphTest" time="0"/>
  <testcase name="testGraphContains{String}[639]" classname="MathResearch2019.Tests.ReconfigurationGraphTest" time="0.001"/>
  <testcase name="testGraphContains{String}[640]" classname="MathResearch2019.Tests.ReconfigurationGraphTest" time="0"/>
  <testcase name="testGraphContains{String}[641]" classname="MathResearch2019.Tests.ReconfigurationGraphTest" time="0"/>
  <testcase name="testGraphContains{String}[642]" classname="MathResearch2019.Tests.ReconfigurationGraphTest" time="0"/>
  <testcase name="testGraphContains{String}[643]" classname="MathResearch2019.Tests.ReconfigurationGraphTest" time="0"/>
  <testcase name="testGraphContains{String}[644]" classname="MathResearch2019.Tests.ReconfigurationGraphTest" time="0"/>
  <testcase name="testGraphContains{String}[645]" classname="MathResearch2019.Tests.ReconfigurationGraphTest" time="0"/>
  <testcase name="testGraphContains{String}[646]" classname="MathResearch2019.Tests.ReconfigurationGraphTest" time="0"/>
  <testcase name="testGraphContains{String}[647]" classname="MathResearch2019.Tests.ReconfigurationGraphTest" time="0"/>
  <testcase name="testGraphContains{String}[648]" classname="MathResearch2019.Tests.ReconfigurationGraphTest" time="0"/>
  <testcase name="testGraphContains{String}[649]" classname="MathResearch2019.Tests.ReconfigurationGraphTest" time="0"/>
  <testcase name="testGraphContains{String}[650]" classname="MathResearch2019.Tests.ReconfigurationGraphTest" time="0"/>
  <testcase name="testGraphContains{String}[651]" classname="MathResearch2019.Tests.ReconfigurationGraphTest" time="0"/>
  <testcase name="testGraphContains{String}[652]" classname="MathResearch2019.Tests.ReconfigurationGraphTest" time="0"/>
  <testcase name="testGraphContains{String}[653]" classname="MathResearch2019.Tests.ReconfigurationGraphTest" time="0.001"/>
  <testcase name="testGraphContains{String}[654]" classname="MathResearch2019.Tests.ReconfigurationGraphTest" time="0"/>
  <testcase name="testGraphContains{String}[655]" classname="MathResearch2019.Tests.ReconfigurationGraphTest" time="0"/>
  <testcase name="testGraphContains{String}[656]" classname="MathResearch2019.Tests.ReconfigurationGraphTest" time="0"/>
  <testcase name="testGraphContains{String}[657]" classname="MathResearch2019.Tests.ReconfigurationGraphTest" time="0"/>
  <testcase name="testGraphContains{String}[658]" classname="MathResearch2019.Tests.ReconfigurationGraphTest" time="0"/>
  <testcase name="testGraphContains{String}[659]" classname="MathResearch2019.Tests.ReconfigurationGraphTest" time="0"/>
  <testcase name="testGraphContains{String}[660]" classname="MathResearch2019.Tests.ReconfigurationGraphTest" time="0"/>
  <testcase name="testGraphContains{String}[661]" classname="MathResearch2019.Tests.ReconfigurationGraphTest" time="0"/>
  <testcase name="testGraphContains{String}[662]" classname="MathResearch2019.Tests.ReconfigurationGraphTest" time="0.001"/>
  <testcase name="testGraphContains{String}[663]" classname="MathResearch2019.Tests.ReconfigurationGraphTest" time="0"/>
  <testcase name="testGraphContains{String}[664]" classname="MathResearch2019.Tests.ReconfigurationGraphTest" time="0"/>
  <testcase name="testGraphContains{String}[665]" classname="MathResearch2019.Tests.ReconfigurationGraphTest" time="0"/>
  <testcase name="testGraphContains{String}[666]" classname="MathResearch2019.Tests.ReconfigurationGraphTest" time="0"/>
  <testcase name="testGraphContains{String}[667]" classname="MathResearch2019.Tests.ReconfigurationGraphTest" time="0"/>
  <testcase name="testGraphContains{String}[668]" classname="MathResearch2019.Tests.ReconfigurationGraphTest" time="0"/>
  <testcase name="testGraphContains{String}[669]" classname="MathResearch2019.Tests.ReconfigurationGraphTest" time="0.001"/>
  <testcase name="testGraphContains{String}[670]" classname="MathResearch2019.Tests.ReconfigurationGraphTest" time="0"/>
  <testcase name="testGraphContains{String}[671]" classname="MathResearch2019.Tests.ReconfigurationGraphTest" time="0"/>
  <testcase name="testGraphContains{String}[672]" classname="MathResearch2019.Tests.ReconfigurationGraphTest" time="0.001"/>
  <testcase name="testGraphContains{String}[673]" classname="MathResearch2019.Tests.ReconfigurationGraphTest" time="0"/>
  <testcase name="testGraphContains{String}[674]" classname="MathResearch2019.Tests.ReconfigurationGraphTest" time="0"/>
  <testcase name="testGraphContains{String}[675]" classname="MathResearch2019.Tests.ReconfigurationGraphTest" time="0"/>
  <testcase name="testGraphContains{String}[676]" classname="MathResearch2019.Tests.ReconfigurationGraphTest" time="0"/>
  <testcase name="testGraphContains{String}[677]" classname="MathResearch2019.Tests.ReconfigurationGraphTest" time="0"/>
  <testcase name="testGraphContains{String}[678]" classname="MathResearch2019.Tests.ReconfigurationGraphTest" time="0.001"/>
  <testcase name="testGraphContains{String}[679]" classname="MathResearch2019.Tests.ReconfigurationGraphTest" time="0"/>
  <testcase name="testGraphContains{String}[680]" classname="MathResearch2019.Tests.ReconfigurationGraphTest" time="0.001"/>
  <testcase name="testGraphContains{String}[681]" classname="MathResearch2019.Tests.ReconfigurationGraphTest" time="0"/>
  <testcase name="testGraphContains{String}[682]" classname="MathResearch2019.Tests.ReconfigurationGraphTest" time="0.001"/>
  <testcase name="testGraphContains{String}[683]" classname="MathResearch2019.Tests.ReconfigurationGraphTest" time="0"/>
  <testcase name="testGraphContains{String}[684]" classname="MathResearch2019.Tests.ReconfigurationGraphTest" time="0"/>
  <testcase name="testGraphContains{String}[685]" classname="MathResearch2019.Tests.ReconfigurationGraphTest" time="0"/>
  <testcase name="testGraphContains{String}[686]" classname="MathResearch2019.Tests.ReconfigurationGraphTest" time="0.001"/>
  <testcase name="testGraphContains{String}[687]" classname="MathResearch2019.Tests.ReconfigurationGraphTest" time="0"/>
  <testcase name="testGraphContains{String}[688]" classname="MathResearch2019.Tests.ReconfigurationGraphTest" time="0.001"/>
  <testcase name="testGraphContains{String}[689]" classname="MathResearch2019.Tests.ReconfigurationGraphTest" time="0"/>
  <testcase name="testGraphContains{String}[690]" classname="MathResearch2019.Tests.ReconfigurationGraphTest" time="0"/>
  <testcase name="testGraphContains{String}[691]" classname="MathResearch2019.Tests.ReconfigurationGraphTest" time="0"/>
  <testcase name="testGraphContains{String}[692]" classname="MathResearch2019.Tests.ReconfigurationGraphTest" time="0.001"/>
  <testcase name="testGraphContains{String}[693]" classname="MathResearch2019.Tests.ReconfigurationGraphTest" time="0"/>
  <testcase name="testGraphContains{String}[694]" classname="MathResearch2019.Tests.ReconfigurationGraphTest" time="0"/>
  <testcase name="testGraphContains{String}[695]" classname="MathResearch2019.Tests.ReconfigurationGraphTest" time="0"/>
  <testcase name="testGraphContains{String}[696]" classname="MathResearch2019.Tests.ReconfigurationGraphTest" time="0"/>
  <testcase name="testGraphContains{String}[697]" classname="MathResearch2019.Tests.ReconfigurationGraphTest" time="0.001"/>
  <testcase name="testGraphContains{String}[698]" classname="MathResearch2019.Tests.ReconfigurationGraphTest" time="0.001"/>
  <testcase name="testGraphContains{String}[699]" classname="MathResearch2019.Tests.ReconfigurationGraphTest" time="0"/>
  <testcase name="testGraphContains{String}[700]" classname="MathResearch2019.Tests.ReconfigurationGraphTest" time="0"/>
  <testcase name="testGraphContains{String}[701]" classname="MathResearch2019.Tests.ReconfigurationGraphTest" time="0"/>
  <testcase name="testGraphContains{String}[702]" classname="MathResearch2019.Tests.ReconfigurationGraphTest" time="0"/>
  <testcase name="testGraphContains{String}[703]" classname="MathResearch2019.Tests.ReconfigurationGraphTest" time="0"/>
  <testcase name="testGraphContains{String}[704]" classname="MathResearch2019.Tests.ReconfigurationGraphTest" time="0.001"/>
  <testcase name="testGraphContains{String}[705]" classname="MathResearch2019.Tests.ReconfigurationGraphTest" time="0"/>
  <testcase name="testGraphContains{String}[706]" classname="MathResearch2019.Tests.ReconfigurationGraphTest" time="0"/>
  <testcase name="testGraphContains{String}[707]" classname="MathResearch2019.Tests.ReconfigurationGraphTest" time="0.001"/>
  <testcase name="testGraphContains{String}[708]" classname="MathResearch2019.Tests.ReconfigurationGraphTest" time="0"/>
  <testcase name="testGraphContains{String}[709]" classname="MathResearch2019.Tests.ReconfigurationGraphTest" time="0"/>
  <testcase name="testGraphContains{String}[710]" classname="MathResearch2019.Tests.ReconfigurationGraphTest" time="0"/>
  <testcase name="testGraphContains{String}[711]" classname="MathResearch2019.Tests.ReconfigurationGraphTest" time="0.001"/>
  <testcase name="testGraphContains{String}[712]" classname="MathResearch2019.Tests.ReconfigurationGraphTest" time="0"/>
  <testcase name="testGraphContains{String}[713]" classname="MathResearch2019.Tests.ReconfigurationGraphTest" time="0"/>
  <testcase name="testGraphContains{String}[714]" classname="MathResearch2019.Tests.ReconfigurationGraphTest" time="0.001"/>
  <testcase name="testGraphContains{String}[715]" classname="MathResearch2019.Tests.ReconfigurationGraphTest" time="0"/>
  <testcase name="testGraphContains{String}[716]" classname="MathResearch2019.Tests.ReconfigurationGraphTest" time="0"/>
  <testcase name="testGraphContains{String}[717]" classname="MathResearch2019.Tests.ReconfigurationGraphTest" time="0"/>
  <testcase name="testGraphContains{String}[718]" classname="MathResearch2019.Tests.ReconfigurationGraphTest" time="0"/>
  <testcase name="testGraphContains{String}[719]" classname="MathResearch2019.Tests.ReconfigurationGraphTest" time="0"/>
  <testcase name="testGraphContains{String}[720]" classname="MathResearch2019.Tests.ReconfigurationGraphTest" time="0.001"/>
  <testcase name="testGraphContains{String}[721]" classname="MathResearch2019.Tests.ReconfigurationGraphTest" time="0.001"/>
  <testcase name="testGraphContains{String}[722]" classname="MathResearch2019.Tests.ReconfigurationGraphTest" time="0.001"/>
  <testcase name="testGraphContains{String}[723]" classname="MathResearch2019.Tests.ReconfigurationGraphTest" time="0"/>
  <testcase name="testGraphContains{String}[724]" classname="MathResearch2019.Tests.ReconfigurationGraphTest" time="0"/>
  <testcase name="testGraphContains{String}[725]" classname="MathResearch2019.Tests.ReconfigurationGraphTest" time="0"/>
  <testcase name="testGraphContains{String}[726]" classname="MathResearch2019.Tests.ReconfigurationGraphTest" time="0"/>
  <testcase name="testGraphContains{String}[727]" classname="MathResearch2019.Tests.ReconfigurationGraphTest" time="0"/>
  <testcase name="testGraphContains{String}[728]" classname="MathResearch2019.Tests.ReconfigurationGraphTest" time="0"/>
  <testcase name="testGraphContains{String}[729]" classname="MathResearch2019.Tests.ReconfigurationGraphTest" time="0.001"/>
  <testcase name="testGraphContains{String}[730]" classname="MathResearch2019.Tests.ReconfigurationGraphTest" time="0"/>
  <testcase name="testGraphContains{String}[731]" classname="MathResearch2019.Tests.ReconfigurationGraphTest" time="0"/>
  <testcase name="testGraphContains{String}[732]" classname="MathResearch2019.Tests.ReconfigurationGraphTest" time="0"/>
  <testcase name="testGraphContains{String}[733]" classname="MathResearch2019.Tests.ReconfigurationGraphTest" time="0"/>
  <testcase name="testGraphContains{String}[734]" classname="MathResearch2019.Tests.ReconfigurationGraphTest" time="0.001"/>
  <testcase name="testGraphContains{String}[735]" classname="MathResearch2019.Tests.ReconfigurationGraphTest" time="0"/>
  <testcase name="testGraphContains{String}[736]" classname="MathResearch2019.Tests.ReconfigurationGraphTest" time="0"/>
  <testcase name="testGraphContains{String}[737]" classname="MathResearch2019.Tests.ReconfigurationGraphTest" time="0"/>
  <testcase name="testGraphContains{String}[738]" classname="MathResearch2019.Tests.ReconfigurationGraphTest" time="0"/>
  <testcase name="testGraphContains{String}[739]" classname="MathResearch2019.Tests.ReconfigurationGraphTest" time="0"/>
  <testcase name="testGraphContains{String}[740]" classname="MathResearch2019.Tests.ReconfigurationGraphTest" time="0"/>
  <testcase name="testGraphContains{String}[741]" classname="MathResearch2019.Tests.ReconfigurationGraphTest" time="0"/>
  <testcase name="testGraphContains{String}[742]" classname="MathResearch2019.Tests.ReconfigurationGraphTest" time="0"/>
  <testcase name="testGraphContains{String}[743]" classname="MathResearch2019.Tests.ReconfigurationGraphTest" time="0"/>
  <testcase name="testGraphContains{String}[744]" classname="MathResearch2019.Tests.ReconfigurationGraphTest" time="0"/>
  <testcase name="testGraphContains{String}[745]" classname="MathResearch2019.Tests.ReconfigurationGraphTest" time="0"/>
  <testcase name="testGraphContains{String}[746]" classname="MathResearch2019.Tests.ReconfigurationGraphTest" time="0.001"/>
  <testcase name="testGraphContains{String}[747]" classname="MathResearch2019.Tests.ReconfigurationGraphTest" time="0"/>
  <testcase name="testGraphContains{String}[748]" classname="MathResearch2019.Tests.ReconfigurationGraphTest" time="0"/>
  <testcase name="testGraphContains{String}[749]" classname="MathResearch2019.Tests.ReconfigurationGraphTest" time="0"/>
  <testcase name="testGraphContains{String}[750]" classname="MathResearch2019.Tests.ReconfigurationGraphTest" time="0.001"/>
  <testcase name="testGraphContains{String}[751]" classname="MathResearch2019.Tests.ReconfigurationGraphTest" time="0.001"/>
  <testcase name="testGraphContains{String}[752]" classname="MathResearch2019.Tests.ReconfigurationGraphTest" time="0"/>
  <testcase name="testGraphContains{String}[753]" classname="MathResearch2019.Tests.ReconfigurationGraphTest" time="0.001"/>
  <testcase name="testGraphContains{String}[754]" classname="MathResearch2019.Tests.ReconfigurationGraphTest" time="0.001"/>
  <testcase name="testGraphContains{String}[755]" classname="MathResearch2019.Tests.ReconfigurationGraphTest" time="0"/>
  <testcase name="testGraphContains{String}[756]" classname="MathResearch2019.Tests.ReconfigurationGraphTest" time="0"/>
  <testcase name="testGraphContains{String}[757]" classname="MathResearch2019.Tests.ReconfigurationGraphTest" time="0"/>
  <testcase name="testGraphContains{String}[758]" classname="MathResearch2019.Tests.ReconfigurationGraphTest" time="0.001"/>
  <testcase name="testGraphContains{String}[759]" classname="MathResearch2019.Tests.ReconfigurationGraphTest" time="0"/>
  <testcase name="testGraphContains{String}[760]" classname="MathResearch2019.Tests.ReconfigurationGraphTest" time="0"/>
  <testcase name="testGraphContains{String}[761]" classname="MathResearch2019.Tests.ReconfigurationGraphTest" time="0"/>
  <testcase name="testGraphContains{String}[762]" classname="MathResearch2019.Tests.ReconfigurationGraphTest" time="0"/>
  <testcase name="testGraphContains{String}[763]" classname="MathResearch2019.Tests.ReconfigurationGraphTest" time="0"/>
  <testcase name="testGraphContains{String}[764]" classname="MathResearch2019.Tests.ReconfigurationGraphTest" time="0"/>
  <testcase name="testGraphContains{String}[765]" classname="MathResearch2019.Tests.ReconfigurationGraphTest" time="0"/>
  <testcase name="testGraphContains{String}[766]" classname="MathResearch2019.Tests.ReconfigurationGraphTest" time="0"/>
  <testcase name="testGraphContains{String}[767]" classname="MathResearch2019.Tests.ReconfigurationGraphTest" time="0"/>
  <testcase name="testGraphContains{String}[768]" classname="MathResearch2019.Tests.ReconfigurationGraphTest" time="0"/>
  <testcase name="testGraphContains{String}[769]" classname="MathResearch2019.Tests.ReconfigurationGraphTest" time="0"/>
  <testcase name="testGraphContains{String}[770]" classname="MathResearch2019.Tests.ReconfigurationGraphTest" time="0"/>
  <testcase name="testGraphContains{String}[771]" classname="MathResearch2019.Tests.ReconfigurationGraphTest" time="0"/>
  <testcase name="testGraphContains{String}[772]" classname="MathResearch2019.Tests.ReconfigurationGraphTest" time="0"/>
  <testcase name="testGraphContains{String}[773]" classname="MathResearch2019.Tests.ReconfigurationGraphTest" time="0.001"/>
  <testcase name="testGraphContains{String}[774]" classname="MathResearch2019.Tests.ReconfigurationGraphTest" time="0.001"/>
  <testcase name="testGraphContains{String}[775]" classname="MathResearch2019.Tests.ReconfigurationGraphTest" time="0"/>
  <testcase name="testGraphContains{String}[776]" classname="MathResearch2019.Tests.ReconfigurationGraphTest" time="0"/>
  <testcase name="testGraphContains{String}[777]" classname="MathResearch2019.Tests.ReconfigurationGraphTest" time="0"/>
  <testcase name="testGraphContains{String}[778]" classname="MathResearch2019.Tests.ReconfigurationGraphTest" time="0.001"/>
  <testcase name="testGraphContains{String}[779]" classname="MathResearch2019.Tests.ReconfigurationGraphTest" time="0"/>
  <testcase name="testGraphContains{String}[780]" classname="MathResearch2019.Tests.ReconfigurationGraphTest" time="0"/>
  <testcase name="testGraphContains{String}[781]" classname="MathResearch2019.Tests.ReconfigurationGraphTest" time="0.001"/>
  <testcase name="testGraphContains{String}[782]" classname="MathResearch2019.Tests.ReconfigurationGraphTest" time="0"/>
  <testcase name="testGraphContains{String}[783]" classname="MathResearch2019.Tests.ReconfigurationGraphTest" time="0"/>
  <testcase name="testGraphContains{String}[784]" classname="MathResearch2019.Tests.ReconfigurationGraphTest" time="0"/>
  <testcase name="testGraphContains{String}[785]" classname="MathResearch2019.Tests.ReconfigurationGraphTest" time="0"/>
  <testcase name="testGraphContains{String}[786]" classname="MathResearch2019.Tests.ReconfigurationGraphTest" time="0"/>
  <testcase name="testGraphContains{String}[787]" classname="MathResearch2019.Tests.ReconfigurationGraphTest" time="0"/>
  <testcase name="testGraphContains{String}[788]" classname="MathResearch2019.Tests.ReconfigurationGraphTest" time="0"/>
  <testcase name="testGraphContains{String}[789]" classname="MathResearch2019.Tests.ReconfigurationGraphTest" time="0"/>
  <testcase name="testGraphContains{String}[790]" classname="MathResearch2019.Tests.ReconfigurationGraphTest" time="0"/>
  <testcase name="testGraphContains{String}[791]" classname="MathResearch2019.Tests.ReconfigurationGraphTest" time="0"/>
  <testcase name="testGraphContains{String}[792]" classname="MathResearch2019.Tests.ReconfigurationGraphTest" time="0"/>
  <testcase name="testGraphContains{String}[793]" classname="MathResearch2019.Tests.ReconfigurationGraphTest" time="0.001"/>
  <testcase name="testGraphContains{String}[794]" classname="MathResearch2019.Tests.ReconfigurationGraphTest" time="0"/>
  <testcase name="testGraphContains{String}[795]" classname="MathResearch2019.Tests.ReconfigurationGraphTest" time="0"/>
  <testcase name="testGraphContains{String}[796]" classname="MathResearch2019.Tests.ReconfigurationGraphTest" time="0"/>
  <testcase name="testGraphContains{String}[797]" classname="MathResearch2019.Tests.ReconfigurationGraphTest" time="0"/>
  <testcase name="testGraphContains{String}[798]" classname="MathResearch2019.Tests.ReconfigurationGraphTest" time="0"/>
  <testcase name="testGraphContains{String}[799]" classname="MathResearch2019.Tests.ReconfigurationGraphTest" time="0"/>
  <testcase name="testGraphContains{String}[800]" classname="MathResearch2019.Tests.ReconfigurationGraphTest" time="0"/>
  <testcase name="testGraphContains{String}[801]" classname="MathResearch2019.Tests.ReconfigurationGraphTest" time="0"/>
  <testcase name="testGraphContains{String}[802]" classname="MathResearch2019.Tests.ReconfigurationGraphTest" time="0"/>
  <testcase name="testGraphContains{String}[803]" classname="MathResearch2019.Tests.ReconfigurationGraphTest" time="0"/>
  <testcase name="testGraphContains{String}[804]" classname="MathResearch2019.Tests.ReconfigurationGraphTest" time="0"/>
  <testcase name="testGraphContains{String}[805]" classname="MathResearch2019.Tests.ReconfigurationGraphTest" time="0"/>
  <testcase name="testGraphContains{String}[806]" classname="MathResearch2019.Tests.ReconfigurationGraphTest" time="0"/>
  <testcase name="testGraphContains{String}[807]" classname="MathResearch2019.Tests.ReconfigurationGraphTest" time="0"/>
  <testcase name="testGraphContains{String}[808]" classname="MathResearch2019.Tests.ReconfigurationGraphTest" time="0"/>
  <testcase name="testGraphContains{String}[809]" classname="MathResearch2019.Tests.ReconfigurationGraphTest" time="0.001"/>
  <testcase name="testGraphContains{String}[810]" classname="MathResearch2019.Tests.ReconfigurationGraphTest" time="0"/>
  <testcase name="testGraphContains{String}[811]" classname="MathResearch2019.Tests.ReconfigurationGraphTest" time="0"/>
  <testcase name="testGraphContains{String}[812]" classname="MathResearch2019.Tests.ReconfigurationGraphTest" time="0"/>
  <testcase name="testGraphContains{String}[813]" classname="MathResearch2019.Tests.ReconfigurationGraphTest" time="0"/>
  <testcase name="testGraphContains{String}[814]" classname="MathResearch2019.Tests.ReconfigurationGraphTest" time="0"/>
  <testcase name="testGraphContains{String}[815]" classname="MathResearch2019.Tests.ReconfigurationGraphTest" time="0"/>
  <testcase name="testGraphContains{String}[816]" classname="MathResearch2019.Tests.ReconfigurationGraphTest" time="0.001"/>
  <testcase name="testGraphContains{String}[817]" classname="MathResearch2019.Tests.ReconfigurationGraphTest" time="0"/>
  <testcase name="testGraphContains{String}[818]" classname="MathResearch2019.Tests.ReconfigurationGraphTest" time="0.001"/>
  <testcase name="testGraphContains{String}[819]" classname="MathResearch2019.Tests.ReconfigurationGraphTest" time="0"/>
  <testcase name="testGraphContains{String}[820]" classname="MathResearch2019.Tests.ReconfigurationGraphTest" time="0"/>
  <testcase name="testGraphContains{String}[821]" classname="MathResearch2019.Tests.ReconfigurationGraphTest" time="0"/>
  <testcase name="testGraphContains{String}[822]" classname="MathResearch2019.Tests.ReconfigurationGraphTest" time="0"/>
  <testcase name="testGraphContains{String}[823]" classname="MathResearch2019.Tests.ReconfigurationGraphTest" time="0"/>
  <testcase name="testGraphContains{String}[824]" classname="MathResearch2019.Tests.ReconfigurationGraphTest" time="0"/>
  <testcase name="testGraphContains{String}[825]" classname="MathResearch2019.Tests.ReconfigurationGraphTest" time="0"/>
  <testcase name="testGraphContains{String}[826]" classname="MathResearch2019.Tests.ReconfigurationGraphTest" time="0.001"/>
  <testcase name="testGraphContains{String}[827]" classname="MathResearch2019.Tests.ReconfigurationGraphTest" time="0"/>
  <testcase name="testGraphContains{String}[828]" classname="MathResearch2019.Tests.ReconfigurationGraphTest" time="0"/>
  <testcase name="testGraphContains{String}[829]" classname="MathResearch2019.Tests.ReconfigurationGraphTest" time="0"/>
  <testcase name="testGraphContains{String}[830]" classname="MathResearch2019.Tests.ReconfigurationGraphTest" time="0"/>
  <testcase name="testGraphContains{String}[831]" classname="MathResearch2019.Tests.ReconfigurationGraphTest" time="0"/>
  <testcase name="testGraphContains{String}[832]" classname="MathResearch2019.Tests.ReconfigurationGraphTest" time="0"/>
  <testcase name="testGraphContains{String}[833]" classname="MathResearch2019.Tests.ReconfigurationGraphTest" time="0"/>
  <testcase name="testGraphContains{String}[834]" classname="MathResearch2019.Tests.ReconfigurationGraphTest" time="0"/>
  <testcase name="testGraphContains{String}[835]" classname="MathResearch2019.Tests.ReconfigurationGraphTest" time="0"/>
  <testcase name="testGraphContains{String}[836]" classname="MathResearch2019.Tests.ReconfigurationGraphTest" time="0"/>
  <testcase name="testGraphContains{String}[837]" classname="MathResearch2019.Tests.ReconfigurationGraphTest" time="0"/>
  <testcase name="testGraphContains{String}[838]" classname="MathResearch2019.Tests.ReconfigurationGraphTest" time="0"/>
  <testcase name="testGraphContains{String}[839]" classname="MathResearch2019.Tests.ReconfigurationGraphTest" time="0"/>
  <testcase name="testGraphContains{String}[840]" classname="MathResearch2019.Tests.ReconfigurationGraphTest" time="0.001"/>
  <testcase name="testGraphContains{String}[841]" classname="MathResearch2019.Tests.ReconfigurationGraphTest" time="0"/>
  <testcase name="testGraphContains{String}[842]" classname="MathResearch2019.Tests.ReconfigurationGraphTest" time="0"/>
  <testcase name="testGraphContains{String}[843]" classname="MathResearch2019.Tests.ReconfigurationGraphTest" time="0"/>
  <testcase name="testGraphContains{String}[844]" classname="MathResearch2019.Tests.ReconfigurationGraphTest" time="0.001"/>
  <testcase name="testGraphContains{String}[845]" classname="MathResearch2019.Tests.ReconfigurationGraphTest" time="0"/>
  <testcase name="testGraphContains{String}[846]" classname="MathResearch2019.Tests.ReconfigurationGraphTest" time="0"/>
  <testcase name="testGraphContains{String}[847]" classname="MathResearch2019.Tests.ReconfigurationGraphTest" time="0"/>
  <testcase name="testGraphContains{String}[848]" classname="MathResearch2019.Tests.ReconfigurationGraphTest" time="0"/>
  <testcase name="testGraphContains{String}[849]" classname="MathResearch2019.Tests.ReconfigurationGraphTest" time="0"/>
  <testcase name="testGraphContains{String}[850]" classname="MathResearch2019.Tests.ReconfigurationGraphTest" time="0.001"/>
  <testcase name="testGraphContains{String}[851]" classname="MathResearch2019.Tests.ReconfigurationGraphTest" time="0"/>
  <testcase name="testGraphContains{String}[852]" classname="MathResearch2019.Tests.ReconfigurationGraphTest" time="0"/>
  <testcase name="testGraphContains{String}[853]" classname="MathResearch2019.Tests.ReconfigurationGraphTest" time="0"/>
  <testcase name="testGraphContains{String}[854]" classname="MathResearch2019.Tests.ReconfigurationGraphTest" time="0"/>
  <testcase name="testGraphContains{String}[855]" classname="MathResearch2019.Tests.ReconfigurationGraphTest" time="0.001"/>
  <testcase name="testGraphContains{String}[856]" classname="MathResearch2019.Tests.ReconfigurationGraphTest" time="0"/>
  <testcase name="testGraphContains{String}[857]" classname="MathResearch2019.Tests.ReconfigurationGraphTest" time="0"/>
  <testcase name="testGraphContains{String}[858]" classname="MathResearch2019.Tests.ReconfigurationGraphTest" time="0.001"/>
  <testcase name="testGraphContains{String}[859]" classname="MathResearch2019.Tests.ReconfigurationGraphTest" time="0"/>
  <testcase name="testGraphContains{String}[860]" classname="MathResearch2019.Tests.ReconfigurationGraphTest" time="0"/>
  <testcase name="testGraphContains{String}[861]" classname="MathResearch2019.Tests.ReconfigurationGraphTest" time="0"/>
  <testcase name="testGraphContains{String}[862]" classname="MathResearch2019.Tests.ReconfigurationGraphTest" time="0"/>
  <testcase name="testGraphContains{String}[863]" classname="MathResearch2019.Tests.ReconfigurationGraphTest" time="0.001"/>
  <testcase name="testGraphContains{String}[864]" classname="MathResearch2019.Tests.ReconfigurationGraphTest" time="0"/>
  <testcase name="testGraphContains{String}[865]" classname="MathResearch2019.Tests.ReconfigurationGraphTest" time="0"/>
  <testcase name="testGraphContains{String}[866]" classname="MathResearch2019.Tests.ReconfigurationGraphTest" time="0.001"/>
  <testcase name="testGraphContains{String}[867]" classname="MathResearch2019.Tests.ReconfigurationGraphTest" time="0.001"/>
  <testcase name="testGraphContains{String}[868]" classname="MathResearch2019.Tests.ReconfigurationGraphTest" time="0"/>
  <testcase name="testGraphContains{String}[869]" classname="MathResearch2019.Tests.ReconfigurationGraphTest" time="0"/>
  <testcase name="testGraphContains{String}[870]" classname="MathResearch2019.Tests.ReconfigurationGraphTest" time="0"/>
  <testcase name="testGraphContains{String}[871]" classname="MathResearch2019.Tests.ReconfigurationGraphTest" time="0"/>
  <testcase name="testGraphContains{String}[872]" classname="MathResearch2019.Tests.ReconfigurationGraphTest" time="0"/>
  <testcase name="testGraphContains{String}[873]" classname="MathResearch2019.Tests.ReconfigurationGraphTest" time="0"/>
  <testcase name="testGraphContains{String}[874]" classname="MathResearch2019.Tests.ReconfigurationGraphTest" time="0"/>
  <testcase name="testGraphContains{String}[875]" classname="MathResearch2019.Tests.ReconfigurationGraphTest" time="0"/>
  <testcase name="testGraphContains{String}[876]" classname="MathResearch2019.Tests.ReconfigurationGraphTest" time="0"/>
  <testcase name="testGraphContains{String}[877]" classname="MathResearch2019.Tests.ReconfigurationGraphTest" time="0"/>
  <testcase name="testGraphContains{String}[878]" classname="MathResearch2019.Tests.ReconfigurationGraphTest" time="0"/>
  <testcase name="testGraphContains{String}[879]" classname="MathResearch2019.Tests.ReconfigurationGraphTest" time="0"/>
  <testcase name="testGraphContains{String}[880]" classname="MathResearch2019.Tests.ReconfigurationGraphTest" time="0"/>
  <testcase name="testGraphContains{String}[881]" classname="MathResearch2019.Tests.ReconfigurationGraphTest" time="0"/>
  <testcase name="testGraphContains{String}[882]" classname="MathResearch2019.Tests.ReconfigurationGraphTest" time="0"/>
  <testcase name="testGraphContains{String}[883]" classname="MathResearch2019.Tests.ReconfigurationGraphTest" time="0"/>
  <testcase name="testGraphContains{String}[884]" classname="MathResearch2019.Tests.ReconfigurationGraphTest" time="0"/>
  <testcase name="testGraphContains{String}[885]" classname="MathResearch2019.Tests.ReconfigurationGraphTest" time="0"/>
  <testcase name="testGraphContains{String}[886]" classname="MathResearch2019.Tests.ReconfigurationGraphTest" time="0.001"/>
  <testcase name="testGraphContains{String}[887]" classname="MathResearch2019.Tests.ReconfigurationGraphTest" time="0"/>
  <testcase name="testGraphContains{String}[888]" classname="MathResearch2019.Tests.ReconfigurationGraphTest" time="0.001"/>
  <testcase name="testGraphContains{String}[889]" classname="MathResearch2019.Tests.ReconfigurationGraphTest" time="0"/>
  <testcase name="testGraphContains{String}[890]" classname="MathResearch2019.Tests.ReconfigurationGraphTest" time="0"/>
  <testcase name="testGraphContains{String}[891]" classname="MathResearch2019.Tests.ReconfigurationGraphTest" time="0.001"/>
  <testcase name="testGraphContains{String}[892]" classname="MathResearch2019.Tests.ReconfigurationGraphTest" time="0"/>
  <testcase name="testGraphContains{String}[893]" classname="MathResearch2019.Tests.ReconfigurationGraphTest" time="0"/>
  <testcase name="testGraphContains{String}[894]" classname="MathResearch2019.Tests.ReconfigurationGraphTest" time="0"/>
  <testcase name="testGraphContains{String}[895]" classname="MathResearch2019.Tests.ReconfigurationGraphTest" time="0"/>
  <testcase name="testGraphContains{String}[896]" classname="MathResearch2019.Tests.ReconfigurationGraphTest" time="0"/>
  <testcase name="testGraphContains{String}[897]" classname="MathResearch2019.Tests.ReconfigurationGraphTest" time="0.001"/>
  <testcase name="testGraphContains{String}[898]" classname="MathResearch2019.Tests.ReconfigurationGraphTest" time="0.001"/>
  <testcase name="testGraphContains{String}[899]" classname="MathResearch2019.Tests.ReconfigurationGraphTest" time="0"/>
  <testcase name="testGraphContains{String}[900]" classname="MathResearch2019.Tests.ReconfigurationGraphTest" time="0"/>
  <testcase name="testGraphContains{String}[901]" classname="MathResearch2019.Tests.ReconfigurationGraphTest" time="0"/>
  <testcase name="testGraphContains{String}[902]" classname="MathResearch2019.Tests.ReconfigurationGraphTest" time="0"/>
  <testcase name="testGraphContains{String}[903]" classname="MathResearch2019.Tests.ReconfigurationGraphTest" time="0"/>
  <testcase name="testGraphContains{String}[904]" classname="MathResearch2019.Tests.ReconfigurationGraphTest" time="0"/>
  <testcase name="testGraphContains{String}[905]" classname="MathResearch2019.Tests.ReconfigurationGraphTest" time="0"/>
  <testcase name="testGraphContains{String}[906]" classname="MathResearch2019.Tests.ReconfigurationGraphTest" time="0"/>
  <testcase name="testGraphContains{String}[907]" classname="MathResearch2019.Tests.ReconfigurationGraphTest" time="0"/>
  <testcase name="testGraphContains{String}[908]" classname="MathResearch2019.Tests.ReconfigurationGraphTest" time="0"/>
  <testcase name="testGraphContains{String}[909]" classname="MathResearch2019.Tests.ReconfigurationGraphTest" time="0"/>
  <testcase name="testGraphContains{String}[910]" classname="MathResearch2019.Tests.ReconfigurationGraphTest" time="0"/>
  <testcase name="testGraphContains{String}[911]" classname="MathResearch2019.Tests.ReconfigurationGraphTest" time="0"/>
  <testcase name="testGraphContains{String}[912]" classname="MathResearch2019.Tests.ReconfigurationGraphTest" time="0"/>
  <testcase name="testGraphContains{String}[913]" classname="MathResearch2019.Tests.ReconfigurationGraphTest" time="0"/>
  <testcase name="testGraphContains{String}[914]" classname="MathResearch2019.Tests.ReconfigurationGraphTest" time="0"/>
  <testcase name="testGraphContains{String}[915]" classname="MathResearch2019.Tests.ReconfigurationGraphTest" time="0"/>
  <testcase name="testGraphContains{String}[916]" classname="MathResearch2019.Tests.ReconfigurationGraphTest" time="0"/>
  <testcase name="testGraphContains{String}[917]" classname="MathResearch2019.Tests.ReconfigurationGraphTest" time="0"/>
  <testcase name="testGraphContains{String}[918]" classname="MathResearch2019.Tests.ReconfigurationGraphTest" time="0"/>
  <testcase name="testGraphContains{String}[919]" classname="MathResearch2019.Tests.ReconfigurationGraphTest" time="0"/>
  <testcase name="testGraphContains{String}[920]" classname="MathResearch2019.Tests.ReconfigurationGraphTest" time="0"/>
  <testcase name="testGraphContains{String}[921]" classname="MathResearch2019.Tests.ReconfigurationGraphTest" time="0.001"/>
  <testcase name="testGraphContains{String}[922]" classname="MathResearch2019.Tests.ReconfigurationGraphTest" time="0.001"/>
  <testcase name="testGraphContains{String}[923]" classname="MathResearch2019.Tests.ReconfigurationGraphTest" time="0"/>
  <testcase name="testGraphContains{String}[924]" classname="MathResearch2019.Tests.ReconfigurationGraphTest" time="0"/>
  <testcase name="testGraphContains{String}[925]" classname="MathResearch2019.Tests.ReconfigurationGraphTest" time="0"/>
  <testcase name="testGraphContains{String}[926]" classname="MathResearch2019.Tests.ReconfigurationGraphTest" time="0"/>
  <testcase name="testGraphContains{String}[927]" classname="MathResearch2019.Tests.ReconfigurationGraphTest" time="0"/>
  <testcase name="testGraphContains{String}[928]" classname="MathResearch2019.Tests.ReconfigurationGraphTest" time="0"/>
  <testcase name="testGraphContains{String}[929]" classname="MathResearch2019.Tests.ReconfigurationGraphTest" time="0"/>
  <testcase name="testGraphContains{String}[930]" classname="MathResearch2019.Tests.ReconfigurationGraphTest" time="0"/>
  <testcase name="testGraphContains{String}[931]" classname="MathResearch2019.Tests.ReconfigurationGraphTest" time="0"/>
  <testcase name="testGraphContains{String}[932]" classname="MathResearch2019.Tests.ReconfigurationGraphTest" time="0"/>
  <testcase name="testGraphContains{String}[933]" classname="MathResearch2019.Tests.ReconfigurationGraphTest" time="0"/>
  <testcase name="testGraphContains{String}[934]" classname="MathResearch2019.Tests.ReconfigurationGraphTest" time="0"/>
  <testcase name="testGraphContains{String}[935]" classname="MathResearch2019.Tests.ReconfigurationGraphTest" time="0"/>
  <testcase name="testGraphContains{String}[936]" classname="MathResearch2019.Tests.ReconfigurationGraphTest" time="0"/>
  <testcase name="testGraphContains{String}[937]" classname="MathResearch2019.Tests.ReconfigurationGraphTest" time="0"/>
  <testcase name="testGraphContains{String}[938]" classname="MathResearch2019.Tests.ReconfigurationGraphTest" time="0"/>
  <testcase name="testGraphContains{String}[939]" classname="MathResearch2019.Tests.ReconfigurationGraphTest" time="0"/>
  <testcase name="testGraphContains{String}[940]" classname="MathResearch2019.Tests.ReconfigurationGraphTest" time="0"/>
  <testcase name="testGraphContains{String}[941]" classname="MathResearch2019.Tests.ReconfigurationGraphTest" time="0"/>
  <testcase name="testGraphContains{String}[942]" classname="MathResearch2019.Tests.ReconfigurationGraphTest" time="0"/>
  <testcase name="testGraphContains{String}[943]" classname="MathResearch2019.Tests.ReconfigurationGraphTest" time="0"/>
  <testcase name="testGraphContains{String}[944]" classname="MathResearch2019.Tests.ReconfigurationGraphTest" time="0"/>
  <testcase name="testGraphContains{String}[945]" classname="MathResearch2019.Tests.ReconfigurationGraphTest" time="0"/>
  <testcase name="testGraphContains{String}[946]" classname="MathResearch2019.Tests.ReconfigurationGraphTest" time="0"/>
  <testcase name="testGraphContains{String}[947]" classname="MathResearch2019.Tests.ReconfigurationGraphTest" time="0"/>
  <testcase name="testGraphContains{String}[948]" classname="MathResearch2019.Tests.ReconfigurationGraphTest" time="0"/>
  <testcase name="testGraphContains{String}[949]" classname="MathResearch2019.Tests.ReconfigurationGraphTest" time="0"/>
  <testcase name="testGraphContains{String}[950]" classname="MathResearch2019.Tests.ReconfigurationGraphTest" time="0"/>
  <testcase name="testGraphContains{String}[951]" classname="MathResearch2019.Tests.ReconfigurationGraphTest" time="0"/>
  <testcase name="testGraphContains{String}[952]" classname="MathResearch2019.Tests.ReconfigurationGraphTest" time="0"/>
  <testcase name="testGraphContains{String}[953]" classname="MathResearch2019.Tests.ReconfigurationGraphTest" time="0"/>
  <testcase name="testGraphContains{String}[954]" classname="MathResearch2019.Tests.ReconfigurationGraphTest" time="0.001"/>
  <testcase name="testGraphContains{String}[955]" classname="MathResearch2019.Tests.ReconfigurationGraphTest" time="0"/>
  <testcase name="testGraphContains{String}[956]" classname="MathResearch2019.Tests.ReconfigurationGraphTest" time="0"/>
  <testcase name="testGraphContains{String}[957]" classname="MathResearch2019.Tests.ReconfigurationGraphTest" time="0.001"/>
  <testcase name="testGraphContains{String}[958]" classname="MathResearch2019.Tests.ReconfigurationGraphTest" time="0"/>
  <testcase name="testGraphContains{String}[959]" classname="MathResearch2019.Tests.ReconfigurationGraphTest" time="0"/>
  <testcase name="testGraphContains{String}[960]" classname="MathResearch2019.Tests.ReconfigurationGraphTest" time="0"/>
  <testcase name="testGraphContains{String}[961]" classname="MathResearch2019.Tests.ReconfigurationGraphTest" time="0"/>
  <testcase name="testGraphContains{String}[962]" classname="MathResearch2019.Tests.ReconfigurationGraphTest" time="0"/>
  <testcase name="testGraphContains{String}[963]" classname="MathResearch2019.Tests.ReconfigurationGraphTest" time="0"/>
  <testcase name="testGraphContains{String}[964]" classname="MathResearch2019.Tests.ReconfigurationGraphTest" time="0.001"/>
  <testcase name="testGraphContains{String}[965]" classname="MathResearch2019.Tests.ReconfigurationGraphTest" time="0"/>
  <testcase name="testGraphContains{String}[966]" classname="MathResearch2019.Tests.ReconfigurationGraphTest" time="0.001"/>
  <testcase name="testGraphContains{String}[967]" classname="MathResearch2019.Tests.ReconfigurationGraphTest" time="0"/>
  <testcase name="testGraphContains{String}[968]" classname="MathResearch2019.Tests.ReconfigurationGraphTest" time="0"/>
  <testcase name="testGraphContains{String}[969]" classname="MathResearch2019.Tests.ReconfigurationGraphTest" time="0"/>
  <testcase name="testGraphContains{String}[970]" classname="MathResearch2019.Tests.ReconfigurationGraphTest" time="0"/>
  <testcase name="testGraphContains{String}[971]" classname="MathResearch2019.Tests.ReconfigurationGraphTest" time="0"/>
  <testcase name="testGraphContains{String}[972]" classname="MathResearch2019.Tests.ReconfigurationGraphTest" time="0.001"/>
  <testcase name="testGraphContains{String}[973]" classname="MathResearch2019.Tests.ReconfigurationGraphTest" time="0"/>
  <testcase name="testGraphContains{String}[974]" classname="MathResearch2019.Tests.ReconfigurationGraphTest" time="0.001"/>
  <testcase name="testGraphContains{String}[975]" classname="MathResearch2019.Tests.ReconfigurationGraphTest" time="0"/>
  <testcase name="testGraphContains{String}[976]" classname="MathResearch2019.Tests.ReconfigurationGraphTest" time="0"/>
  <testcase name="testGraphContains{String}[977]" classname="MathResearch2019.Tests.ReconfigurationGraphTest" time="0"/>
  <testcase name="testGraphContains{String}[978]" classname="MathResearch2019.Tests.ReconfigurationGraphTest" time="0"/>
  <testcase name="testGraphContains{String}[979]" classname="MathResearch2019.Tests.ReconfigurationGraphTest" time="0.001"/>
  <testcase name="testGraphContains{String}[980]" classname="MathResearch2019.Tests.ReconfigurationGraphTest" time="0"/>
  <testcase name="testGraphContains{String}[981]" classname="MathResearch2019.Tests.ReconfigurationGraphTest" time="0"/>
  <testcase name="testGraphContains{String}[982]" classname="MathResearch2019.Tests.ReconfigurationGraphTest" time="0"/>
  <testcase name="testGraphContains{String}[983]" classname="MathResearch2019.Tests.ReconfigurationGraphTest" time="0.001"/>
  <testcase name="testGraphContains{String}[984]" classname="MathResearch2019.Tests.ReconfigurationGraphTest" time="0"/>
  <testcase name="testGraphContains{String}[985]" classname="MathResearch2019.Tests.ReconfigurationGraphTest" time="0"/>
  <testcase name="testGraphContains{String}[986]" classname="MathResearch2019.Tests.ReconfigurationGraphTest" time="0.001"/>
  <testcase name="testGraphContains{String}[987]" classname="MathResearch2019.Tests.ReconfigurationGraphTest" time="0"/>
  <testcase name="testGraphContains{String}[988]" classname="MathResearch2019.Tests.ReconfigurationGraphTest" time="0"/>
  <testcase name="testGraphContains{String}[989]" classname="MathResearch2019.Tests.ReconfigurationGraphTest" time="0.001"/>
  <testcase name="testGraphContains{String}[990]" classname="MathResearch2019.Tests.ReconfigurationGraphTest" time="0"/>
  <testcase name="testGraphContains{String}[991]" classname="MathResearch2019.Tests.ReconfigurationGraphTest" time="0"/>
  <testcase name="testGraphContains{String}[992]" classname="MathResearch2019.Tests.ReconfigurationGraphTest" time="0"/>
  <testcase name="testGraphContains{String}[993]" classname="MathResearch2019.Tests.ReconfigurationGraphTest" time="0"/>
  <testcase name="testGraphContains{String}[994]" classname="MathResearch2019.Tests.ReconfigurationGraphTest" time="0"/>
  <testcase name="testGraphContains{String}[995]" classname="MathResearch2019.Tests.ReconfigurationGraphTest" time="0"/>
  <testcase name="testGraphContains{String}[996]" classname="MathResearch2019.Tests.ReconfigurationGraphTest" time="0"/>
  <testcase name="testGraphContains{String}[997]" classname="MathResearch2019.Tests.ReconfigurationGraphTest" time="0"/>
  <testcase name="testGraphContains{String}[998]" classname="MathResearch2019.Tests.ReconfigurationGraphTest" time="0"/>
  <testcase name="testGraphContains{String}[999]" classname="MathResearch2019.Tests.ReconfigurationGraphTest" time="0"/>
  <testcase name="testGraphContains{String}[1000]" classname="MathResearch2019.Tests.ReconfigurationGraphTest" time="0"/>
  <testcase name="testGraphContains{String}[1001]" classname="MathResearch2019.Tests.ReconfigurationGraphTest" time="0"/>
  <testcase name="testGraphContains{String}[1002]" classname="MathResearch2019.Tests.ReconfigurationGraphTest" time="0.001"/>
  <testcase name="testGraphContains{String}[1003]" classname="MathResearch2019.Tests.ReconfigurationGraphTest" time="0"/>
  <testcase name="testGraphContains{String}[1004]" classname="MathResearch2019.Tests.ReconfigurationGraphTest" time="0"/>
  <testcase name="testGraphContains{String}[1005]" classname="MathResearch2019.Tests.ReconfigurationGraphTest" time="0"/>
  <testcase name="testGraphContains{String}[1006]" classname="MathResearch2019.Tests.ReconfigurationGraphTest" time="0"/>
  <testcase name="testGraphContains{String}[1007]" classname="MathResearch2019.Tests.ReconfigurationGraphTest" time="0"/>
  <testcase name="testGraphContains{String}[1008]" classname="MathResearch2019.Tests.ReconfigurationGraphTest" time="0"/>
  <testcase name="testGraphContains{String}[1009]" classname="MathResearch2019.Tests.ReconfigurationGraphTest" time="0"/>
  <testcase name="testGraphContains{String}[1010]" classname="MathResearch2019.Tests.ReconfigurationGraphTest" time="0"/>
  <testcase name="testGraphContains{String}[1011]" classname="MathResearch2019.Tests.ReconfigurationGraphTest" time="0"/>
  <testcase name="testGraphContains{String}[1012]" classname="MathResearch2019.Tests.ReconfigurationGraphTest" time="0.001"/>
  <testcase name="testGraphContains{String}[1013]" classname="MathResearch2019.Tests.ReconfigurationGraphTest" time="0"/>
  <testcase name="testGraphContains{String}[1014]" classname="MathResearch2019.Tests.ReconfigurationGraphTest" time="0"/>
  <testcase name="testGraphContains{String}[1015]" classname="MathResearch2019.Tests.ReconfigurationGraphTest" time="0"/>
  <testcase name="testGraphContains{String}[1016]" classname="MathResearch2019.Tests.ReconfigurationGraphTest" time="0"/>
  <testcase name="testGraphContains{String}[1017]" classname="MathResearch2019.Tests.ReconfigurationGraphTest" time="0"/>
  <testcase name="testGraphContains{String}[1018]" classname="MathResearch2019.Tests.ReconfigurationGraphTest" time="0.009"/>
  <testcase name="testGraphContains{String}[1019]" classname="MathResearch2019.Tests.ReconfigurationGraphTest" time="0"/>
  <testcase name="testGraphContains{String}[1020]" classname="MathResearch2019.Tests.ReconfigurationGraphTest" time="0.001"/>
  <testcase name="testGraphContains{String}[1021]" classname="MathResearch2019.Tests.ReconfigurationGraphTest" time="0"/>
  <testcase name="testGraphContains{String}[1022]" classname="MathResearch2019.Tests.ReconfigurationGraphTest" time="0"/>
  <testcase name="testGraphContains{String}[1023]" classname="MathResearch2019.Tests.ReconfigurationGraphTest" time="0"/>
  <testcase name="testGraphContains{String}[1024]" classname="MathResearch2019.Tests.ReconfigurationGraphTest" time="0"/>
  <testcase name="testGraphContains{String}[1025]" classname="MathResearch2019.Tests.ReconfigurationGraphTest" time="0"/>
  <testcase name="testGraphContains{String}[1026]" classname="MathResearch2019.Tests.ReconfigurationGraphTest" time="0"/>
  <testcase name="testGraphContains{String}[1027]" classname="MathResearch2019.Tests.ReconfigurationGraphTest" time="0"/>
  <testcase name="testGraphContains{String}[1028]" classname="MathResearch2019.Tests.ReconfigurationGraphTest" time="0"/>
  <testcase name="testGraphContains{String}[1029]" classname="MathResearch2019.Tests.ReconfigurationGraphTest" time="0"/>
  <testcase name="testGraphContains{String}[1030]" classname="MathResearch2019.Tests.ReconfigurationGraphTest" time="0"/>
  <testcase name="testGraphContains{String}[1031]" classname="MathResearch2019.Tests.ReconfigurationGraphTest" time="0"/>
  <testcase name="testGraphContains{String}[1032]" classname="MathResearch2019.Tests.ReconfigurationGraphTest" time="0"/>
  <testcase name="testGraphContains{String}[1033]" classname="MathResearch2019.Tests.ReconfigurationGraphTest" time="0.001"/>
  <testcase name="testGraphContains{String}[1034]" classname="MathResearch2019.Tests.ReconfigurationGraphTest" time="0"/>
  <testcase name="testGraphContains{String}[1035]" classname="MathResearch2019.Tests.ReconfigurationGraphTest" time="0"/>
  <testcase name="testGraphContains{String}[1036]" classname="MathResearch2019.Tests.ReconfigurationGraphTest" time="0"/>
  <testcase name="testGraphContains{String}[1037]" classname="MathResearch2019.Tests.ReconfigurationGraphTest" time="0"/>
  <testcase name="testGraphContains{String}[1038]" classname="MathResearch2019.Tests.ReconfigurationGraphTest" time="0"/>
  <testcase name="testGraphContains{String}[1039]" classname="MathResearch2019.Tests.ReconfigurationGraphTest" time="0.001"/>
  <testcase name="testGraphContains{String}[1040]" classname="MathResearch2019.Tests.ReconfigurationGraphTest" time="0.001"/>
  <testcase name="testGraphContains{String}[1041]" classname="MathResearch2019.Tests.ReconfigurationGraphTest" time="0"/>
  <testcase name="testGraphContains{String}[1042]" classname="MathResearch2019.Tests.ReconfigurationGraphTest" time="0"/>
  <testcase name="testGraphContains{String}[1043]" classname="MathResearch2019.Tests.ReconfigurationGraphTest" time="0.001"/>
  <testcase name="testGraphContains{String}[1044]" classname="MathResearch2019.Tests.ReconfigurationGraphTest" time="0"/>
  <testcase name="testGraphContains{String}[1045]" classname="MathResearch2019.Tests.ReconfigurationGraphTest" time="0"/>
  <testcase name="testGraphContains{String}[1046]" classname="MathResearch2019.Tests.ReconfigurationGraphTest" time="0"/>
  <testcase name="testGraphContains{String}[1047]" classname="MathResearch2019.Tests.ReconfigurationGraphTest" time="0"/>
  <testcase name="testGraphContains{String}[1048]" classname="MathResearch2019.Tests.ReconfigurationGraphTest" time="0"/>
  <testcase name="testGraphContains{String}[1049]" classname="MathResearch2019.Tests.ReconfigurationGraphTest" time="0"/>
  <testcase name="testGraphContains{String}[1050]" classname="MathResearch2019.Tests.ReconfigurationGraphTest" time="0"/>
  <testcase name="testGraphContains{String}[1051]" classname="MathResearch2019.Tests.ReconfigurationGraphTest" time="0.001"/>
  <testcase name="testGraphContains{String}[1052]" classname="MathResearch2019.Tests.ReconfigurationGraphTest" time="0"/>
  <testcase name="testGraphContains{String}[1053]" classname="MathResearch2019.Tests.ReconfigurationGraphTest" time="0"/>
  <testcase name="testGraphContains{String}[1054]" classname="MathResearch2019.Tests.ReconfigurationGraphTest" time="0"/>
  <testcase name="testGraphContains{String}[1055]" classname="MathResearch2019.Tests.ReconfigurationGraphTest" time="0"/>
  <testcase name="testGraphContains{String}[1056]" classname="MathResearch2019.Tests.ReconfigurationGraphTest" time="0"/>
  <testcase name="testGraphContains{String}[1057]" classname="MathResearch2019.Tests.ReconfigurationGraphTest" time="0"/>
  <testcase name="testGraphContains{String}[1058]" classname="MathResearch2019.Tests.ReconfigurationGraphTest" time="0"/>
  <testcase name="testGraphContains{String}[1059]" classname="MathResearch2019.Tests.ReconfigurationGraphTest" time="0"/>
  <testcase name="testGraphContains{String}[1060]" classname="MathResearch2019.Tests.ReconfigurationGraphTest" time="0"/>
  <testcase name="testGraphContains{String}[1061]" classname="MathResearch2019.Tests.ReconfigurationGraphTest" time="0"/>
  <testcase name="testGraphContains{String}[1062]" classname="MathResearch2019.Tests.ReconfigurationGraphTest" time="0"/>
  <testcase name="testGraphContains{String}[1063]" classname="MathResearch2019.Tests.ReconfigurationGraphTest" time="0"/>
  <testcase name="testGraphContains{String}[1064]" classname="MathResearch2019.Tests.ReconfigurationGraphTest" time="0"/>
  <testcase name="testGraphContains{String}[1065]" classname="MathResearch2019.Tests.ReconfigurationGraphTest" time="0"/>
  <testcase name="testGraphContains{String}[1066]" classname="MathResearch2019.Tests.ReconfigurationGraphTest" time="0"/>
  <testcase name="testGraphContains{String}[1067]" classname="MathResearch2019.Tests.ReconfigurationGraphTest" time="0"/>
  <testcase name="testGraphContains{String}[1068]" classname="MathResearch2019.Tests.ReconfigurationGraphTest" time="0"/>
  <testcase name="testGraphContains{String}[1069]" classname="MathResearch2019.Tests.ReconfigurationGraphTest" time="0"/>
  <testcase name="testGraphContains{String}[1070]" classname="MathResearch2019.Tests.ReconfigurationGraphTest" time="0.001"/>
  <testcase name="testGraphContains{String}[1071]" classname="MathResearch2019.Tests.ReconfigurationGraphTest" time="0.001"/>
  <testcase name="testGraphContains{String}[1072]" classname="MathResearch2019.Tests.ReconfigurationGraphTest" time="0"/>
  <testcase name="testGraphContains{String}[1073]" classname="MathResearch2019.Tests.ReconfigurationGraphTest" time="0.002"/>
  <testcase name="testGraphContains{String}[1074]" classname="MathResearch2019.Tests.ReconfigurationGraphTest" time="0"/>
  <testcase name="testGraphContains{String}[1075]" classname="MathResearch2019.Tests.ReconfigurationGraphTest" time="0.004"/>
  <testcase name="testGraphContains{String}[1076]" classname="MathResearch2019.Tests.ReconfigurationGraphTest" time="0.001"/>
  <testcase name="testGraphContains{String}[1077]" classname="MathResearch2019.Tests.ReconfigurationGraphTest" time="0"/>
  <testcase name="testGraphContains{String}[1078]" classname="MathResearch2019.Tests.ReconfigurationGraphTest" time="0.001"/>
  <testcase name="testGraphContains{String}[1079]" classname="MathResearch2019.Tests.ReconfigurationGraphTest" time="0.001"/>
  <testcase name="testGraphContains{String}[1080]" classname="MathResearch2019.Tests.ReconfigurationGraphTest" time="0"/>
  <testcase name="testGraphContains{String}[1081]" classname="MathResearch2019.Tests.ReconfigurationGraphTest" time="0"/>
  <testcase name="testGraphContains{String}[1082]" classname="MathResearch2019.Tests.ReconfigurationGraphTest" time="0"/>
  <testcase name="testGraphContains{String}[1083]" classname="MathResearch2019.Tests.ReconfigurationGraphTest" time="0"/>
  <testcase name="testGraphContains{String}[1084]" classname="MathResearch2019.Tests.ReconfigurationGraphTest" time="0"/>
  <testcase name="testGraphContains{String}[1085]" classname="MathResearch2019.Tests.ReconfigurationGraphTest" time="0.004"/>
  <testcase name="testGraphContains{String}[1086]" classname="MathResearch2019.Tests.ReconfigurationGraphTest" time="0.001"/>
  <testcase name="testGraphContains{String}[1087]" classname="MathResearch2019.Tests.ReconfigurationGraphTest" time="0"/>
  <testcase name="testGraphContains{String}[1088]" classname="MathResearch2019.Tests.ReconfigurationGraphTest" time="0"/>
  <testcase name="testGraphContains{String}[1089]" classname="MathResearch2019.Tests.ReconfigurationGraphTest" time="0"/>
  <testcase name="testGraphContains{String}[1090]" classname="MathResearch2019.Tests.ReconfigurationGraphTest" time="0"/>
  <testcase name="testGraphContains{String}[1091]" classname="MathResearch2019.Tests.ReconfigurationGraphTest" time="0"/>
  <testcase name="testGraphContains{String}[1092]" classname="MathResearch2019.Tests.ReconfigurationGraphTest" time="0"/>
  <testcase name="testGraphContains{String}[1093]" classname="MathResearch2019.Tests.ReconfigurationGraphTest" time="0.001"/>
  <testcase name="testGraphContains{String}[1094]" classname="MathResearch2019.Tests.ReconfigurationGraphTest" time="0.002"/>
  <testcase name="testGraphContains{String}[1095]" classname="MathResearch2019.Tests.ReconfigurationGraphTest" time="0"/>
  <testcase name="testGraphContains{String}[1096]" classname="MathResearch2019.Tests.ReconfigurationGraphTest" time="0"/>
  <testcase name="testGraphContains{String}[1097]" classname="MathResearch2019.Tests.ReconfigurationGraphTest" time="0"/>
  <testcase name="testGraphContains{String}[1098]" classname="MathResearch2019.Tests.ReconfigurationGraphTest" time="0"/>
  <testcase name="testGraphContains{String}[1099]" classname="MathResearch2019.Tests.ReconfigurationGraphTest" time="0"/>
  <testcase name="testGraphContains{String}[1100]" classname="MathResearch2019.Tests.ReconfigurationGraphTest" time="0"/>
  <testcase name="testGraphContains{String}[1101]" classname="MathResearch2019.Tests.ReconfigurationGraphTest" time="0"/>
  <testcase name="testGraphContains{String}[1102]" classname="MathResearch2019.Tests.ReconfigurationGraphTest" time="0"/>
  <testcase name="testGraphContains{String}[1103]" classname="MathResearch2019.Tests.ReconfigurationGraphTest" time="0"/>
  <testcase name="testGraphContains{String}[1104]" classname="MathResearch2019.Tests.ReconfigurationGraphTest" time="0"/>
  <testcase name="testGraphContains{String}[1105]" classname="MathResearch2019.Tests.ReconfigurationGraphTest" time="0"/>
  <testcase name="testGraphContains{String}[1106]" classname="MathResearch2019.Tests.ReconfigurationGraphTest" time="0"/>
  <testcase name="testGraphContains{String}[1107]" classname="MathResearch2019.Tests.ReconfigurationGraphTest" time="0.001"/>
  <testcase name="testGraphContains{String}[1108]" classname="MathResearch2019.Tests.ReconfigurationGraphTest" time="0.001"/>
  <testcase name="testGraphContains{String}[1109]" classname="MathResearch2019.Tests.ReconfigurationGraphTest" time="0"/>
  <testcase name="testGraphContains{String}[1110]" classname="MathResearch2019.Tests.ReconfigurationGraphTest" time="0"/>
  <testcase name="testGraphContains{String}[1111]" classname="MathResearch2019.Tests.ReconfigurationGraphTest" time="0"/>
  <testcase name="testGraphContains{String}[1112]" classname="MathResearch2019.Tests.ReconfigurationGraphTest" time="0.001"/>
  <testcase name="testGraphContains{String}[1113]" classname="MathResearch2019.Tests.ReconfigurationGraphTest" time="0"/>
  <testcase name="testGraphContains{String}[1114]" classname="MathResearch2019.Tests.ReconfigurationGraphTest" time="0"/>
  <testcase name="testGraphContains{String}[1115]" classname="MathResearch2019.Tests.ReconfigurationGraphTest" time="0"/>
  <testcase name="testGraphContains{String}[1116]" classname="MathResearch2019.Tests.ReconfigurationGraphTest" time="0.001"/>
  <testcase name="testGraphContains{String}[1117]" classname="MathResearch2019.Tests.ReconfigurationGraphTest" time="0"/>
  <testcase name="testGraphContains{String}[1118]" classname="MathResearch2019.Tests.ReconfigurationGraphTest" time="0"/>
  <testcase name="testGraphContains{String}[1119]" classname="MathResearch2019.Tests.ReconfigurationGraphTest" time="0"/>
  <testcase name="testGraphContains{String}[1120]" classname="MathResearch2019.Tests.ReconfigurationGraphTest" time="0.001"/>
  <testcase name="testGraphContains{String}[1121]" classname="MathResearch2019.Tests.ReconfigurationGraphTest" time="0"/>
  <testcase name="testGraphContains{String}[1122]" classname="MathResearch2019.Tests.ReconfigurationGraphTest" time="0"/>
  <testcase name="testGraphContains{String}[1123]" classname="MathResearch2019.Tests.ReconfigurationGraphTest" time="0"/>
  <testcase name="testGraphContains{String}[1124]" classname="MathResearch2019.Tests.ReconfigurationGraphTest" time="0.001"/>
  <testcase name="testGraphContains{String}[1125]" classname="MathResearch2019.Tests.ReconfigurationGraphTest" time="0.001"/>
  <testcase name="testGraphContains{String}[1126]" classname="MathResearch2019.Tests.ReconfigurationGraphTest" time="0"/>
  <testcase name="testGraphContains{String}[1127]" classname="MathResearch2019.Tests.ReconfigurationGraphTest" time="0"/>
  <testcase name="testGraphContains{String}[1128]" classname="MathResearch2019.Tests.ReconfigurationGraphTest" time="0"/>
  <testcase name="testGraphContains{String}[1129]" classname="MathResearch2019.Tests.ReconfigurationGraphTest" time="0"/>
  <testcase name="testGraphContains{String}[1130]" classname="MathResearch2019.Tests.ReconfigurationGraphTest" time="0"/>
  <testcase name="testGraphContains{String}[1131]" classname="MathResearch2019.Tests.ReconfigurationGraphTest" time="0"/>
  <testcase name="testGraphContains{String}[1132]" classname="MathResearch2019.Tests.ReconfigurationGraphTest" time="0"/>
  <testcase name="testGraphContains{String}[1133]" classname="MathResearch2019.Tests.ReconfigurationGraphTest" time="0"/>
  <testcase name="testGraphContains{String}[1134]" classname="MathResearch2019.Tests.ReconfigurationGraphTest" time="0"/>
  <testcase name="testGraphContains{String}[1135]" classname="MathResearch2019.Tests.ReconfigurationGraphTest" time="0"/>
  <testcase name="testGraphContains{String}[1136]" classname="MathResearch2019.Tests.ReconfigurationGraphTest" time="0.001"/>
  <testcase name="testGraphContains{String}[1137]" classname="MathResearch2019.Tests.ReconfigurationGraphTest" time="0.001"/>
  <testcase name="testGraphContains{String}[1138]" classname="MathResearch2019.Tests.ReconfigurationGraphTest" time="0"/>
  <testcase name="testGraphContains{String}[1139]" classname="MathResearch2019.Tests.ReconfigurationGraphTest" time="0"/>
  <testcase name="testGraphContains{String}[1140]" classname="MathResearch2019.Tests.ReconfigurationGraphTest" time="0"/>
  <testcase name="testGraphContains{String}[1141]" classname="MathResearch2019.Tests.ReconfigurationGraphTest" time="0"/>
  <testcase name="testGraphContains{String}[1142]" classname="MathResearch2019.Tests.ReconfigurationGraphTest" time="0"/>
  <testcase name="testGraphContains{String}[1143]" classname="MathResearch2019.Tests.ReconfigurationGraphTest" time="0.001"/>
  <testcase name="testGraphContains{String}[1144]" classname="MathResearch2019.Tests.ReconfigurationGraphTest" time="0"/>
  <testcase name="testGraphContains{String}[1145]" classname="MathResearch2019.Tests.ReconfigurationGraphTest" time="0.001"/>
  <testcase name="testGraphContains{String}[1146]" classname="MathResearch2019.Tests.ReconfigurationGraphTest" time="0"/>
  <testcase name="testGraphContains{String}[1147]" classname="MathResearch2019.Tests.ReconfigurationGraphTest" time="0"/>
  <testcase name="testGraphContains{String}[1148]" classname="MathResearch2019.Tests.ReconfigurationGraphTest" time="0"/>
  <testcase name="testGraphContains{String}[1149]" classname="MathResearch2019.Tests.ReconfigurationGraphTest" time="0"/>
  <testcase name="testGraphContains{String}[1150]" classname="MathResearch2019.Tests.ReconfigurationGraphTest" time="0"/>
  <testcase name="testGraphContains{String}[1151]" classname="MathResearch2019.Tests.ReconfigurationGraphTest" time="0"/>
  <testcase name="testGraphContains{String}[1152]" classname="MathResearch2019.Tests.ReconfigurationGraphTest" time="0"/>
  <testcase name="testGraphContains{String}[1153]" classname="MathResearch2019.Tests.ReconfigurationGraphTest" time="0.004"/>
  <testcase name="testGraphContains{String}[1154]" classname="MathResearch2019.Tests.ReconfigurationGraphTest" time="0.001"/>
  <testcase name="testGraphContains{String}[1155]" classname="MathResearch2019.Tests.ReconfigurationGraphTest" time="0.001"/>
  <testcase name="testGraphContains{String}[1156]" classname="MathResearch2019.Tests.ReconfigurationGraphTest" time="0.002"/>
  <testcase name="testGraphContains{String}[1157]" classname="MathResearch2019.Tests.ReconfigurationGraphTest" time="0"/>
  <testcase name="testGraphContains{String}[1158]" classname="MathResearch2019.Tests.ReconfigurationGraphTest" time="0"/>
  <testcase name="testGraphContains{String}[1159]" classname="MathResearch2019.Tests.ReconfigurationGraphTest" time="0"/>
  <testcase name="testGraphContains{String}[1160]" classname="MathResearch2019.Tests.ReconfigurationGraphTest" time="0"/>
  <testcase name="testGraphContains{String}[1161]" classname="MathResearch2019.Tests.ReconfigurationGraphTest" time="0"/>
  <testcase name="testGraphContains{String}[1162]" classname="MathResearch2019.Tests.ReconfigurationGraphTest" time="0"/>
  <testcase name="testGraphContains{String}[1163]" classname="MathResearch2019.Tests.ReconfigurationGraphTest" time="0"/>
  <testcase name="testGraphContains{String}[1164]" classname="MathResearch2019.Tests.ReconfigurationGraphTest" time="0"/>
  <testcase name="testGraphContains{String}[1165]" classname="MathResearch2019.Tests.ReconfigurationGraphTest" time="0"/>
  <testcase name="testGraphContains{String}[1166]" classname="MathResearch2019.Tests.ReconfigurationGraphTest" time="0"/>
  <testcase name="testGraphContains{String}[1167]" classname="MathResearch2019.Tests.ReconfigurationGraphTest" time="0"/>
  <testcase name="testGraphContains{String}[1168]" classname="MathResearch2019.Tests.ReconfigurationGraphTest" time="0.001"/>
  <testcase name="testGraphContains{String}[1169]" classname="MathResearch2019.Tests.ReconfigurationGraphTest" time="0"/>
  <testcase name="testGraphContains{String}[1170]" classname="MathResearch2019.Tests.ReconfigurationGraphTest" time="0"/>
  <testcase name="testGraphContains{String}[1171]" classname="MathResearch2019.Tests.ReconfigurationGraphTest" time="0"/>
  <testcase name="testGraphContains{String}[1172]" classname="MathResearch2019.Tests.ReconfigurationGraphTest" time="0.001"/>
  <testcase name="testGraphContains{String}[1173]" classname="MathResearch2019.Tests.ReconfigurationGraphTest" time="0"/>
  <testcase name="testGraphContains{String}[1174]" classname="MathResearch2019.Tests.ReconfigurationGraphTest" time="0"/>
  <testcase name="testGraphContains{String}[1175]" classname="MathResearch2019.Tests.ReconfigurationGraphTest" time="0"/>
  <testcase name="testGraphContains{String}[1176]" classname="MathResearch2019.Tests.ReconfigurationGraphTest" time="0.001"/>
  <testcase name="testGraphContains{String}[1177]" classname="MathResearch2019.Tests.ReconfigurationGraphTest" time="0.001"/>
  <testcase name="testGraphContains{String}[1178]" classname="MathResearch2019.Tests.ReconfigurationGraphTest" time="0"/>
  <testcase name="testGraphContains{String}[1179]" classname="MathResearch2019.Tests.ReconfigurationGraphTest" time="0"/>
  <testcase name="testGraphContains{String}[1180]" classname="MathResearch2019.Tests.ReconfigurationGraphTest" time="0"/>
  <testcase name="testGraphContains{String}[1181]" classname="MathResearch2019.Tests.ReconfigurationGraphTest" time="0"/>
  <testcase name="testGraphContains{String}[1182]" classname="MathResearch2019.Tests.ReconfigurationGraphTest" time="0"/>
  <testcase name="testGraphContains{String}[1183]" classname="MathResearch2019.Tests.ReconfigurationGraphTest" time="0"/>
  <testcase name="testGraphContains{String}[1184]" classname="MathResearch2019.Tests.ReconfigurationGraphTest" time="0"/>
  <testcase name="testGraphContains{String}[1185]" classname="MathResearch2019.Tests.ReconfigurationGraphTest" time="0"/>
  <testcase name="testGraphContains{String}[1186]" classname="MathResearch2019.Tests.ReconfigurationGraphTest" time="0"/>
  <testcase name="testGraphContains{String}[1187]" classname="MathResearch2019.Tests.ReconfigurationGraphTest" time="0"/>
  <testcase name="testGraphContains{String}[1188]" classname="MathResearch2019.Tests.ReconfigurationGraphTest" time="0"/>
  <testcase name="testGraphContains{String}[1189]" classname="MathResearch2019.Tests.ReconfigurationGraphTest" time="0"/>
  <testcase name="testGraphContains{String}[1190]" classname="MathResearch2019.Tests.ReconfigurationGraphTest" time="0"/>
  <testcase name="testGraphContains{String}[1191]" classname="MathResearch2019.Tests.ReconfigurationGraphTest" time="0.001"/>
  <testcase name="testGraphContains{String}[1192]" classname="MathResearch2019.Tests.ReconfigurationGraphTest" time="0"/>
  <testcase name="testGraphContains{String}[1193]" classname="MathResearch2019.Tests.ReconfigurationGraphTest" time="0"/>
  <testcase name="testGraphContains{String}[1194]" classname="MathResearch2019.Tests.ReconfigurationGraphTest" time="0"/>
  <testcase name="testGraphContains{String}[1195]" classname="MathResearch2019.Tests.ReconfigurationGraphTest" time="0"/>
  <testcase name="testGraphContains{String}[1196]" classname="MathResearch2019.Tests.ReconfigurationGraphTest" time="0"/>
  <testcase name="testGraphContains{String}[1197]" classname="MathResearch2019.Tests.ReconfigurationGraphTest" time="0"/>
  <testcase name="testGraphContains{String}[1198]" classname="MathResearch2019.Tests.ReconfigurationGraphTest" time="0.001"/>
  <testcase name="testGraphContains{String}[1199]" classname="MathResearch2019.Tests.ReconfigurationGraphTest" time="0.001"/>
  <testcase name="testGraphContains{String}[1200]" classname="MathResearch2019.Tests.ReconfigurationGraphTest" time="0"/>
  <testcase name="testGraphContains{String}[1201]" classname="MathResearch2019.Tests.ReconfigurationGraphTest" time="0.001"/>
  <testcase name="testGraphContains{String}[1202]" classname="MathResearch2019.Tests.ReconfigurationGraphTest" time="0"/>
  <testcase name="testGraphContains{String}[1203]" classname="MathResearch2019.Tests.ReconfigurationGraphTest" time="0"/>
  <testcase name="testGraphContains{String}[1204]" classname="MathResearch2019.Tests.ReconfigurationGraphTest" time="0"/>
  <testcase name="testGraphContains{String}[1205]" classname="MathResearch2019.Tests.ReconfigurationGraphTest" time="0"/>
  <testcase name="testGraphContains{String}[1206]" classname="MathResearch2019.Tests.ReconfigurationGraphTest" time="0"/>
  <testcase name="testGraphContains{String}[1207]" classname="MathResearch2019.Tests.ReconfigurationGraphTest" time="0"/>
  <testcase name="testGraphContains{String}[1208]" classname="MathResearch2019.Tests.ReconfigurationGraphTest" time="0"/>
  <testcase name="testGraphContains{String}[1209]" classname="MathResearch2019.Tests.ReconfigurationGraphTest" time="0"/>
  <testcase name="testGraphContains{String}[1210]" classname="MathResearch2019.Tests.ReconfigurationGraphTest" time="0.001"/>
  <testcase name="testGraphContains{String}[1211]" classname="MathResearch2019.Tests.ReconfigurationGraphTest" time="0.001"/>
  <testcase name="testGraphContains{String}[1212]" classname="MathResearch2019.Tests.ReconfigurationGraphTest" time="0"/>
  <testcase name="testGraphContains{String}[1213]" classname="MathResearch2019.Tests.ReconfigurationGraphTest" time="0"/>
  <testcase name="testGraphContains{String}[1214]" classname="MathResearch2019.Tests.ReconfigurationGraphTest" time="0"/>
  <testcase name="testGraphContains{String}[1215]" classname="MathResearch2019.Tests.ReconfigurationGraphTest" time="0"/>
  <testcase name="testGraphContains{String}[1216]" classname="MathResearch2019.Tests.ReconfigurationGraphTest" time="0"/>
  <testcase name="testGraphContains{String}[1217]" classname="MathResearch2019.Tests.ReconfigurationGraphTest" time="0"/>
  <testcase name="testGraphContains{String}[1218]" classname="MathResearch2019.Tests.ReconfigurationGraphTest" time="0"/>
  <testcase name="testGraphContains{String}[1219]" classname="MathResearch2019.Tests.ReconfigurationGraphTest" time="0"/>
  <testcase name="testGraphContains{String}[1220]" classname="MathResearch2019.Tests.ReconfigurationGraphTest" time="0"/>
  <testcase name="testGraphContains{String}[1221]" classname="MathResearch2019.Tests.ReconfigurationGraphTest" time="0"/>
  <testcase name="testGraphContains{String}[1222]" classname="MathResearch2019.Tests.ReconfigurationGraphTest" time="0"/>
  <testcase name="testGraphContains{String}[1223]" classname="MathResearch2019.Tests.ReconfigurationGraphTest" time="0"/>
  <testcase name="testGraphContains{String}[1224]" classname="MathResearch2019.Tests.ReconfigurationGraphTest" time="0"/>
  <testcase name="testGraphContains{String}[1225]" classname="MathResearch2019.Tests.ReconfigurationGraphTest" time="0"/>
  <testcase name="testGraphContains{String}[1226]" classname="MathResearch2019.Tests.ReconfigurationGraphTest" time="0"/>
  <testcase name="testGraphContains{String}[1227]" classname="MathResearch2019.Tests.ReconfigurationGraphTest" time="0"/>
  <testcase name="testGraphContains{String}[1228]" classname="MathResearch2019.Tests.ReconfigurationGraphTest" time="0"/>
  <testcase name="testGraphContains{String}[1229]" classname="MathResearch2019.Tests.ReconfigurationGraphTest" time="0"/>
  <testcase name="testGraphContains{String}[1230]" classname="MathResearch2019.Tests.ReconfigurationGraphTest" time="0"/>
  <testcase name="testGraphContains{String}[1231]" classname="MathResearch2019.Tests.ReconfigurationGraphTest" time="0"/>
  <testcase name="testGraphContains{String}[1232]" classname="MathResearch2019.Tests.ReconfigurationGraphTest" time="0"/>
  <testcase name="testGraphContains{String}[1233]" classname="MathResearch2019.Tests.ReconfigurationGraphTest" time="0"/>
  <testcase name="testGraphContains{String}[1234]" classname="MathResearch2019.Tests.ReconfigurationGraphTest" time="0"/>
  <testcase name="testGraphContains{String}[1235]" classname="MathResearch2019.Tests.ReconfigurationGraphTest" time="0"/>
  <testcase name="testGraphContains{String}[1236]" classname="MathResearch2019.Tests.ReconfigurationGraphTest" time="0"/>
  <testcase name="testGraphContains{String}[1237]" classname="MathResearch2019.Tests.ReconfigurationGraphTest" time="0"/>
  <testcase name="testGraphContains{String}[1238]" classname="MathResearch2019.Tests.ReconfigurationGraphTest" time="0.001"/>
  <testcase name="testGraphContains{String}[1239]" classname="MathResearch2019.Tests.ReconfigurationGraphTest" time="0"/>
  <testcase name="testGraphContains{String}[1240]" classname="MathResearch2019.Tests.ReconfigurationGraphTest" time="0"/>
  <testcase name="testGraphContains{String}[1241]" classname="MathResearch2019.Tests.ReconfigurationGraphTest" time="0"/>
  <testcase name="testGraphContains{String}[1242]" classname="MathResearch2019.Tests.ReconfigurationGraphTest" time="0"/>
  <testcase name="testGraphContains{String}[1243]" classname="MathResearch2019.Tests.ReconfigurationGraphTest" time="0.001"/>
  <testcase name="testGraphContains{String}[1244]" classname="MathResearch2019.Tests.ReconfigurationGraphTest" time="0"/>
  <testcase name="testGraphContains{String}[1245]" classname="MathResearch2019.Tests.ReconfigurationGraphTest" time="0"/>
  <testcase name="testGraphContains{String}[1246]" classname="MathResearch2019.Tests.ReconfigurationGraphTest" time="0"/>
  <testcase name="testGraphContains{String}[1247]" classname="MathResearch2019.Tests.ReconfigurationGraphTest" time="0"/>
  <testcase name="testGraphContains{String}[1248]" classname="MathResearch2019.Tests.ReconfigurationGraphTest" time="0"/>
  <testcase name="testGraphContains{String}[1249]" classname="MathResearch2019.Tests.ReconfigurationGraphTest" time="0.001"/>
  <testcase name="testGraphContains{String}[1250]" classname="MathResearch2019.Tests.ReconfigurationGraphTest" time="0"/>
  <testcase name="testGraphContains{String}[1251]" classname="MathResearch2019.Tests.ReconfigurationGraphTest" time="0"/>
  <testcase name="testGraphContains{String}[1252]" classname="MathResearch2019.Tests.ReconfigurationGraphTest" time="0"/>
  <testcase name="testGraphContains{String}[1253]" classname="MathResearch2019.Tests.ReconfigurationGraphTest" time="0"/>
  <testcase name="testGraphContains{String}[1254]" classname="MathResearch2019.Tests.ReconfigurationGraphTest" time="0"/>
  <testcase name="testGraphContains{String}[1255]" classname="MathResearch2019.Tests.ReconfigurationGraphTest" time="0.01"/>
  <testcase name="testGraphContains{String}[1256]" classname="MathResearch2019.Tests.ReconfigurationGraphTest" time="0.001"/>
  <testcase name="testGraphContains{String}[1257]" classname="MathResearch2019.Tests.ReconfigurationGraphTest" time="0"/>
  <testcase name="testGraphContains{String}[1258]" classname="MathResearch2019.Tests.ReconfigurationGraphTest" time="0"/>
  <testcase name="testGraphContains{String}[1259]" classname="MathResearch2019.Tests.ReconfigurationGraphTest" time="0.001"/>
  <testcase name="testGraphContains{String}[1260]" classname="MathResearch2019.Tests.ReconfigurationGraphTest" time="0.001"/>
  <testcase name="testGraphContains{String}[1261]" classname="MathResearch2019.Tests.ReconfigurationGraphTest" time="0"/>
  <testcase name="testGraphContains{String}[1262]" classname="MathResearch2019.Tests.ReconfigurationGraphTest" time="0"/>
  <testcase name="testGraphContains{String}[1263]" classname="MathResearch2019.Tests.ReconfigurationGraphTest" time="0"/>
  <testcase name="testGraphContains{String}[1264]" classname="MathResearch2019.Tests.ReconfigurationGraphTest" time="0"/>
  <testcase name="testGraphContains{String}[1265]" classname="MathResearch2019.Tests.ReconfigurationGraphTest" time="0"/>
  <testcase name="testGraphContains{String}[1266]" classname="MathResearch2019.Tests.ReconfigurationGraphTest" time="0"/>
  <testcase name="testGraphContains{String}[1267]" classname="MathResearch2019.Tests.ReconfigurationGraphTest" time="0"/>
  <testcase name="testGraphContains{String}[1268]" classname="MathResearch2019.Tests.ReconfigurationGraphTest" time="0"/>
  <testcase name="testGraphContains{String}[1269]" classname="MathResearch2019.Tests.ReconfigurationGraphTest" time="0.001"/>
  <testcase name="testGraphContains{String}[1270]" classname="MathResearch2019.Tests.ReconfigurationGraphTest" time="0.001"/>
  <testcase name="testGraphContains{String}[1271]" classname="MathResearch2019.Tests.ReconfigurationGraphTest" time="0.001"/>
  <testcase name="testGraphContains{String}[1272]" classname="MathResearch2019.Tests.ReconfigurationGraphTest" time="0.001"/>
  <testcase name="testGraphContains{String}[1273]" classname="MathResearch2019.Tests.ReconfigurationGraphTest" time="0"/>
  <testcase name="testGraphContains{String}[1274]" classname="MathResearch2019.Tests.ReconfigurationGraphTest" time="0"/>
  <testcase name="testGraphContains{String}[1275]" classname="MathResearch2019.Tests.ReconfigurationGraphTest" time="0"/>
  <testcase name="testGraphContains{String}[1276]" classname="MathResearch2019.Tests.ReconfigurationGraphTest" time="0"/>
  <testcase name="testGraphContains{String}[1277]" classname="MathResearch2019.Tests.ReconfigurationGraphTest" time="0"/>
  <testcase name="testGraphContains{String}[1278]" classname="MathResearch2019.Tests.ReconfigurationGraphTest" time="0"/>
  <testcase name="testGraphContains{String}[1279]" classname="MathResearch2019.Tests.ReconfigurationGraphTest" time="0"/>
  <testcase name="testGraphContains{String}[1280]" classname="MathResearch2019.Tests.ReconfigurationGraphTest" time="0"/>
  <testcase name="testGraphContains{String}[1281]" classname="MathResearch2019.Tests.ReconfigurationGraphTest" time="0"/>
  <testcase name="testGraphContains{String}[1282]" classname="MathResearch2019.Tests.ReconfigurationGraphTest" time="0"/>
  <testcase name="testGraphContains{String}[1283]" classname="MathResearch2019.Tests.ReconfigurationGraphTest" time="0"/>
  <testcase name="testGraphContains{String}[1284]" classname="MathResearch2019.Tests.ReconfigurationGraphTest" time="0"/>
  <testcase name="testGraphContains{String}[1285]" classname="MathResearch2019.Tests.ReconfigurationGraphTest" time="0"/>
  <testcase name="testGraphContains{String}[1286]" classname="MathResearch2019.Tests.ReconfigurationGraphTest" time="0"/>
  <testcase name="testGraphContains{String}[1287]" classname="MathResearch2019.Tests.ReconfigurationGraphTest" time="0"/>
  <testcase name="testGraphContains{String}[1288]" classname="MathResearch2019.Tests.ReconfigurationGraphTest" time="0"/>
  <testcase name="testGraphContains{String}[1289]" classname="MathResearch2019.Tests.ReconfigurationGraphTest" time="0"/>
  <testcase name="testGraphContains{String}[1290]" classname="MathResearch2019.Tests.ReconfigurationGraphTest" time="0.001"/>
  <testcase name="testGraphContains{String}[1291]" classname="MathResearch2019.Tests.ReconfigurationGraphTest" time="0"/>
  <testcase name="testGraphContains{String}[1292]" classname="MathResearch2019.Tests.ReconfigurationGraphTest" time="0"/>
  <testcase name="testGraphContains{String}[1293]" classname="MathResearch2019.Tests.ReconfigurationGraphTest" time="0"/>
  <testcase name="testGraphContains{String}[1294]" classname="MathResearch2019.Tests.ReconfigurationGraphTest" time="0"/>
  <testcase name="testGraphContains{String}[1295]" classname="MathResearch2019.Tests.ReconfigurationGraphTest" time="0"/>
  <testcase name="testGraphContains{String}[1296]" classname="MathResearch2019.Tests.ReconfigurationGraphTest" time="0"/>
  <testcase name="testGraphContains{String}[1297]" classname="MathResearch2019.Tests.ReconfigurationGraphTest" time="0"/>
  <testcase name="testGraphContains{String}[1298]" classname="MathResearch2019.Tests.ReconfigurationGraphTest" time="0.001"/>
  <testcase name="testGraphContains{String}[1299]" classname="MathResearch2019.Tests.ReconfigurationGraphTest" time="0.001"/>
  <testcase name="testGraphContains{String}[1300]" classname="MathResearch2019.Tests.ReconfigurationGraphTest" time="0"/>
  <testcase name="testGraphContains{String}[1301]" classname="MathResearch2019.Tests.ReconfigurationGraphTest" time="0.001"/>
  <testcase name="testGraphContains{String}[1302]" classname="MathResearch2019.Tests.ReconfigurationGraphTest" time="0"/>
  <testcase name="testGraphContains{String}[1303]" classname="MathResearch2019.Tests.ReconfigurationGraphTest" time="0"/>
  <testcase name="testGraphContains{String}[1304]" classname="MathResearch2019.Tests.ReconfigurationGraphTest" time="0"/>
  <testcase name="testGraphContains{String}[1305]" classname="MathResearch2019.Tests.ReconfigurationGraphTest" time="0"/>
  <testcase name="testGraphContains{String}[1306]" classname="MathResearch2019.Tests.ReconfigurationGraphTest" time="0.001"/>
  <testcase name="testGraphContains{String}[1307]" classname="MathResearch2019.Tests.ReconfigurationGraphTest" time="0.001"/>
  <testcase name="testGraphContains{String}[1308]" classname="MathResearch2019.Tests.ReconfigurationGraphTest" time="0"/>
  <testcase name="testGraphContains{String}[1309]" classname="MathResearch2019.Tests.ReconfigurationGraphTest" time="0"/>
  <testcase name="testGraphContains{String}[1310]" classname="MathResearch2019.Tests.ReconfigurationGraphTest" time="0.001"/>
  <testcase name="testGraphContains{String}[1311]" classname="MathResearch2019.Tests.ReconfigurationGraphTest" time="0"/>
  <testcase name="testGraphContains{String}[1312]" classname="MathResearch2019.Tests.ReconfigurationGraphTest" time="0"/>
  <testcase name="testGraphContains{String}[1313]" classname="MathResearch2019.Tests.ReconfigurationGraphTest" time="0"/>
  <testcase name="testGraphContains{String}[1314]" classname="MathResearch2019.Tests.ReconfigurationGraphTest" time="0"/>
  <testcase name="testGraphContains{String}[1315]" classname="MathResearch2019.Tests.ReconfigurationGraphTest" time="0"/>
  <testcase name="testGraphContains{String}[1316]" classname="MathResearch2019.Tests.ReconfigurationGraphTest" time="0.001"/>
  <testcase name="testGraphContains{String}[1317]" classname="MathResearch2019.Tests.ReconfigurationGraphTest" time="0"/>
  <testcase name="testGraphContains{String}[1318]" classname="MathResearch2019.Tests.ReconfigurationGraphTest" time="0"/>
  <testcase name="testGraphContains{String}[1319]" classname="MathResearch2019.Tests.ReconfigurationGraphTest" time="0"/>
  <testcase name="testGraphContains{String}[1320]" classname="MathResearch2019.Tests.ReconfigurationGraphTest" time="0"/>
  <testcase name="testGraphContains{String}[1321]" classname="MathResearch2019.Tests.ReconfigurationGraphTest" time="0"/>
  <testcase name="testGraphContains{String}[1322]" classname="MathResearch2019.Tests.ReconfigurationGraphTest" time="0.001"/>
  <testcase name="testGraphContains{String}[1323]" classname="MathResearch2019.Tests.ReconfigurationGraphTest" time="0"/>
  <testcase name="testGraphContains{String}[1324]" classname="MathResearch2019.Tests.ReconfigurationGraphTest" time="0.002"/>
  <testcase name="testGraphContains{String}[1325]" classname="MathResearch2019.Tests.ReconfigurationGraphTest" time="0"/>
  <testcase name="testGraphContains{String}[1326]" classname="MathResearch2019.Tests.ReconfigurationGraphTest" time="0"/>
  <testcase name="testGraphContains{String}[1327]" classname="MathResearch2019.Tests.ReconfigurationGraphTest" time="0"/>
  <testcase name="testGraphContains{String}[1328]" classname="MathResearch2019.Tests.ReconfigurationGraphTest" time="0"/>
  <testcase name="testGraphContains{String}[1329]" classname="MathResearch2019.Tests.ReconfigurationGraphTest" time="0"/>
  <testcase name="testGraphContains{String}[1330]" classname="MathResearch2019.Tests.ReconfigurationGraphTest" time="0"/>
  <testcase name="testGraphContains{String}[1331]" classname="MathResearch2019.Tests.ReconfigurationGraphTest" time="0"/>
  <testcase name="testGraphContains{String}[1332]" classname="MathResearch2019.Tests.ReconfigurationGraphTest" time="0"/>
  <testcase name="testGraphContains{String}[1333]" classname="MathResearch2019.Tests.ReconfigurationGraphTest" time="0"/>
  <testcase name="testGraphContains{String}[1334]" classname="MathResearch2019.Tests.ReconfigurationGraphTest" time="0"/>
  <testcase name="testGraphContains{String}[1335]" classname="MathResearch2019.Tests.ReconfigurationGraphTest" time="0"/>
  <testcase name="testGraphContains{String}[1336]" classname="MathResearch2019.Tests.ReconfigurationGraphTest" time="0"/>
  <testcase name="testGraphContains{String}[1337]" classname="MathResearch2019.Tests.ReconfigurationGraphTest" time="0"/>
  <testcase name="testGraphContains{String}[1338]" classname="MathResearch2019.Tests.ReconfigurationGraphTest" time="0"/>
  <testcase name="testGraphContains{String}[1339]" classname="MathResearch2019.Tests.ReconfigurationGraphTest" time="0"/>
  <testcase name="testGraphContains{String}[1340]" classname="MathResearch2019.Tests.ReconfigurationGraphTest" time="0"/>
  <testcase name="testGraphContains{String}[1341]" classname="MathResearch2019.Tests.ReconfigurationGraphTest" time="0"/>
  <testcase name="testGraphContains{String}[1342]" classname="MathResearch2019.Tests.ReconfigurationGraphTest" time="0"/>
  <testcase name="testGraphContains{String}[1343]" classname="MathResearch2019.Tests.ReconfigurationGraphTest" time="0"/>
  <testcase name="testGraphContains{String}[1344]" classname="MathResearch2019.Tests.ReconfigurationGraphTest" time="0"/>
  <testcase name="testGraphContains{String}[1345]" classname="MathResearch2019.Tests.ReconfigurationGraphTest" time="0.001"/>
  <testcase name="testGraphContains{String}[1346]" classname="MathResearch2019.Tests.ReconfigurationGraphTest" time="0"/>
  <testcase name="testGraphContains{String}[1347]" classname="MathResearch2019.Tests.ReconfigurationGraphTest" time="0"/>
  <testcase name="testGraphContains{String}[1348]" classname="MathResearch2019.Tests.ReconfigurationGraphTest" time="0"/>
  <testcase name="testGraphContains{String}[1349]" classname="MathResearch2019.Tests.ReconfigurationGraphTest" time="0"/>
  <testcase name="testGraphContains{String}[1350]" classname="MathResearch2019.Tests.ReconfigurationGraphTest" time="0.001"/>
  <testcase name="testGraphContains{String}[1351]" classname="MathResearch2019.Tests.ReconfigurationGraphTest" time="0"/>
  <testcase name="testGraphContains{String}[1352]" classname="MathResearch2019.Tests.ReconfigurationGraphTest" time="0"/>
  <testcase name="testGraphContains{String}[1353]" classname="MathResearch2019.Tests.ReconfigurationGraphTest" time="0"/>
  <testcase name="testGraphContains{String}[1354]" classname="MathResearch2019.Tests.ReconfigurationGraphTest" time="0"/>
  <testcase name="testGraphContains{String}[1355]" classname="MathResearch2019.Tests.ReconfigurationGraphTest" time="0.001"/>
  <testcase name="testGraphContains{String}[1356]" classname="MathResearch2019.Tests.ReconfigurationGraphTest" time="0.001"/>
  <testcase name="testGraphContains{String}[1357]" classname="MathResearch2019.Tests.ReconfigurationGraphTest" time="0"/>
  <testcase name="testGraphContains{String}[1358]" classname="MathResearch2019.Tests.ReconfigurationGraphTest" time="0"/>
  <testcase name="testGraphContains{String}[1359]" classname="MathResearch2019.Tests.ReconfigurationGraphTest" time="0"/>
  <testcase name="testGraphContains{String}[1360]" classname="MathResearch2019.Tests.ReconfigurationGraphTest" time="0"/>
  <testcase name="testGraphContains{String}[1361]" classname="MathResearch2019.Tests.ReconfigurationGraphTest" time="0"/>
  <testcase name="testGraphContains{String}[1362]" classname="MathResearch2019.Tests.ReconfigurationGraphTest" time="0"/>
  <testcase name="testGraphContains{String}[1363]" classname="MathResearch2019.Tests.ReconfigurationGraphTest" time="0"/>
  <testcase name="testGraphContains{String}[1364]" classname="MathResearch2019.Tests.ReconfigurationGraphTest" time="0"/>
  <testcase name="testGraphContains{String}[1365]" classname="MathResearch2019.Tests.ReconfigurationGraphTest" time="0"/>
  <testcase name="testGraphContains{String}[1366]" classname="MathResearch2019.Tests.ReconfigurationGraphTest" time="0"/>
  <testcase name="testGraphContains{String}[1367]" classname="MathResearch2019.Tests.ReconfigurationGraphTest" time="0"/>
  <testcase name="testGraphContains{String}[1368]" classname="MathResearch2019.Tests.ReconfigurationGraphTest" time="0"/>
  <testcase name="testGraphContains{String}[1369]" classname="MathResearch2019.Tests.ReconfigurationGraphTest" time="0"/>
  <testcase name="testGraphContains{String}[1370]" classname="MathResearch2019.Tests.ReconfigurationGraphTest" time="0"/>
  <testcase name="testGraphContains{String}[1371]" classname="MathResearch2019.Tests.ReconfigurationGraphTest" time="0"/>
  <testcase name="testGraphContains{String}[1372]" classname="MathResearch2019.Tests.ReconfigurationGraphTest" time="0"/>
  <testcase name="testGraphContains{String}[1373]" classname="MathResearch2019.Tests.ReconfigurationGraphTest" time="0"/>
  <testcase name="testGraphContains{String}[1374]" classname="MathResearch2019.Tests.ReconfigurationGraphTest" time="0"/>
  <testcase name="testGraphContains{String}[1375]" classname="MathResearch2019.Tests.ReconfigurationGraphTest" time="0"/>
  <testcase name="testGraphContains{String}[1376]" classname="MathResearch2019.Tests.ReconfigurationGraphTest" time="0"/>
  <testcase name="testGraphContains{String}[1377]" classname="MathResearch2019.Tests.ReconfigurationGraphTest" time="0.001"/>
  <testcase name="testGraphContains{String}[1378]" classname="MathResearch2019.Tests.ReconfigurationGraphTest" time="0.001"/>
  <testcase name="testGraphContains{String}[1379]" classname="MathResearch2019.Tests.ReconfigurationGraphTest" time="0.001"/>
  <testcase name="testGraphContains{String}[1380]" classname="MathResearch2019.Tests.ReconfigurationGraphTest" time="0"/>
  <testcase name="testGraphContains{String}[1381]" classname="MathResearch2019.Tests.ReconfigurationGraphTest" time="0"/>
  <testcase name="testGraphContains{String}[1382]" classname="MathResearch2019.Tests.ReconfigurationGraphTest" time="0"/>
  <testcase name="testGraphContains{String}[1383]" classname="MathResearch2019.Tests.ReconfigurationGraphTest" time="0"/>
  <testcase name="testGraphContains{String}[1384]" classname="MathResearch2019.Tests.ReconfigurationGraphTest" time="0"/>
  <testcase name="testGraphContains{String}[1385]" classname="MathResearch2019.Tests.ReconfigurationGraphTest" time="0"/>
  <testcase name="testGraphContains{String}[1386]" classname="MathResearch2019.Tests.ReconfigurationGraphTest" time="0"/>
  <testcase name="testGraphContains{String}[1387]" classname="MathResearch2019.Tests.ReconfigurationGraphTest" time="0"/>
  <testcase name="testGraphContains{String}[1388]" classname="MathResearch2019.Tests.ReconfigurationGraphTest" time="0"/>
  <testcase name="testGraphContains{String}[1389]" classname="MathResearch2019.Tests.ReconfigurationGraphTest" time="0.001"/>
  <testcase name="testGraphContains{String}[1390]" classname="MathResearch2019.Tests.ReconfigurationGraphTest" time="0"/>
  <testcase name="testGraphContains{String}[1391]" classname="MathResearch2019.Tests.ReconfigurationGraphTest" time="0"/>
  <testcase name="testGraphContains{String}[1392]" classname="MathResearch2019.Tests.ReconfigurationGraphTest" time="0"/>
  <testcase name="testGraphContains{String}[1393]" classname="MathResearch2019.Tests.ReconfigurationGraphTest" time="0"/>
  <testcase name="testGraphContains{String}[1394]" classname="MathResearch2019.Tests.ReconfigurationGraphTest" time="0"/>
  <testcase name="testGraphContains{String}[1395]" classname="MathResearch2019.Tests.ReconfigurationGraphTest" time="0"/>
  <testcase name="testGraphContains{String}[1396]" classname="MathResearch2019.Tests.ReconfigurationGraphTest" time="0"/>
  <testcase name="testGraphContains{String}[1397]" classname="MathResearch2019.Tests.ReconfigurationGraphTest" time="0"/>
  <testcase name="testGraphContains{String}[1398]" classname="MathResearch2019.Tests.ReconfigurationGraphTest" time="0"/>
  <testcase name="testGraphContains{String}[1399]" classname="MathResearch2019.Tests.ReconfigurationGraphTest" time="0"/>
  <testcase name="testGraphContains{String}[1400]" classname="MathResearch2019.Tests.ReconfigurationGraphTest" time="0"/>
  <testcase name="testGraphContains{String}[1401]" classname="MathResearch2019.Tests.ReconfigurationGraphTest" time="0"/>
  <testcase name="testGraphContains{String}[1402]" classname="MathResearch2019.Tests.ReconfigurationGraphTest" time="0"/>
  <testcase name="testGraphContains{String}[1403]" classname="MathResearch2019.Tests.ReconfigurationGraphTest" time="0"/>
  <testcase name="testGraphContains{String}[1404]" classname="MathResearch2019.Tests.ReconfigurationGraphTest" time="0"/>
  <testcase name="testGraphContains{String}[1405]" classname="MathResearch2019.Tests.ReconfigurationGraphTest" time="0"/>
  <testcase name="testGraphContains{String}[1406]" classname="MathResearch2019.Tests.ReconfigurationGraphTest" time="0"/>
  <testcase name="testGraphContains{String}[1407]" classname="MathResearch2019.Tests.ReconfigurationGraphTest" time="0"/>
  <testcase name="testGraphContains{String}[1408]" classname="MathResearch2019.Tests.ReconfigurationGraphTest" time="0"/>
  <testcase name="testGraphContains{String}[1409]" classname="MathResearch2019.Tests.ReconfigurationGraphTest" time="0"/>
  <testcase name="testGraphContains{String}[1410]" classname="MathResearch2019.Tests.ReconfigurationGraphTest" time="0"/>
  <testcase name="testGraphContains{String}[1411]" classname="MathResearch2019.Tests.ReconfigurationGraphTest" time="0"/>
  <testcase name="testGraphContains{String}[1412]" classname="MathResearch2019.Tests.ReconfigurationGraphTest" time="0"/>
  <testcase name="testGraphContains{String}[1413]" classname="MathResearch2019.Tests.ReconfigurationGraphTest" time="0"/>
  <testcase name="testGraphContains{String}[1414]" classname="MathResearch2019.Tests.ReconfigurationGraphTest" time="0"/>
  <testcase name="testGraphContains{String}[1415]" classname="MathResearch2019.Tests.ReconfigurationGraphTest" time="0.001"/>
  <testcase name="testGraphContains{String}[1416]" classname="MathResearch2019.Tests.ReconfigurationGraphTest" time="0"/>
  <testcase name="testGraphContains{String}[1417]" classname="MathResearch2019.Tests.ReconfigurationGraphTest" time="0.001"/>
  <testcase name="testGraphContains{String}[1418]" classname="MathResearch2019.Tests.ReconfigurationGraphTest" time="0"/>
  <testcase name="testGraphContains{String}[1419]" classname="MathResearch2019.Tests.ReconfigurationGraphTest" time="0"/>
  <testcase name="testGraphContains{String}[1420]" classname="MathResearch2019.Tests.ReconfigurationGraphTest" time="0"/>
  <testcase name="testGraphContains{String}[1421]" classname="MathResearch2019.Tests.ReconfigurationGraphTest" time="0"/>
  <testcase name="testGraphContains{String}[1422]" classname="MathResearch2019.Tests.ReconfigurationGraphTest" time="0"/>
  <testcase name="testGraphContains{String}[1423]" classname="MathResearch2019.Tests.ReconfigurationGraphTest" time="0"/>
  <testcase name="testGraphContains{String}[1424]" classname="MathResearch2019.Tests.ReconfigurationGraphTest" time="0"/>
  <testcase name="testGraphContains{String}[1425]" classname="MathResearch2019.Tests.ReconfigurationGraphTest" time="0"/>
  <testcase name="testGraphContains{String}[1426]" classname="MathResearch2019.Tests.ReconfigurationGraphTest" time="0"/>
  <testcase name="testGraphContains{String}[1427]" classname="MathResearch2019.Tests.ReconfigurationGraphTest" time="0"/>
  <testcase name="testGraphContains{String}[1428]" classname="MathResearch2019.Tests.ReconfigurationGraphTest" time="0"/>
  <testcase name="testGraphContains{String}[1429]" classname="MathResearch2019.Tests.ReconfigurationGraphTest" time="0"/>
  <testcase name="testGraphContains{String}[1430]" classname="MathResearch2019.Tests.ReconfigurationGraphTest" time="0"/>
  <testcase name="testGraphContains{String}[1431]" classname="MathResearch2019.Tests.ReconfigurationGraphTest" time="0"/>
  <testcase name="testGraphContains{String}[1432]" classname="MathResearch2019.Tests.ReconfigurationGraphTest" time="0"/>
  <testcase name="testGraphContains{String}[1433]" classname="MathResearch2019.Tests.ReconfigurationGraphTest" time="0.001"/>
  <testcase name="testGraphContains{String}[1434]" classname="MathResearch2019.Tests.ReconfigurationGraphTest" time="0"/>
  <testcase name="testGraphContains{String}[1435]" classname="MathResearch2019.Tests.ReconfigurationGraphTest" time="0"/>
  <testcase name="testGraphContains{String}[1436]" classname="MathResearch2019.Tests.ReconfigurationGraphTest" time="0"/>
  <testcase name="testGraphContains{String}[1437]" classname="MathResearch2019.Tests.ReconfigurationGraphTest" time="0"/>
  <testcase name="testGraphContains{String}[1438]" classname="MathResearch2019.Tests.ReconfigurationGraphTest" time="0"/>
  <testcase name="testGraphContains{String}[1439]" classname="MathResearch2019.Tests.ReconfigurationGraphTest" time="0"/>
  <testcase name="testGraphContains{String}[1440]" classname="MathResearch2019.Tests.ReconfigurationGraphTest" time="0"/>
  <testcase name="testGraphContains{String}[1441]" classname="MathResearch2019.Tests.ReconfigurationGraphTest" time="0"/>
  <testcase name="testGraphContains{String}[1442]" classname="MathResearch2019.Tests.ReconfigurationGraphTest" time="0"/>
  <testcase name="testGraphContains{String}[1443]" classname="MathResearch2019.Tests.ReconfigurationGraphTest" time="0.001"/>
  <testcase name="testGraphContains{String}[1444]" classname="MathResearch2019.Tests.ReconfigurationGraphTest" time="0"/>
  <testcase name="testGraphContains{String}[1445]" classname="MathResearch2019.Tests.ReconfigurationGraphTest" time="0"/>
  <testcase name="testGraphContains{String}[1446]" classname="MathResearch2019.Tests.ReconfigurationGraphTest" time="0"/>
  <testcase name="testGraphContains{String}[1447]" classname="MathResearch2019.Tests.ReconfigurationGraphTest" time="0"/>
  <testcase name="testGraphContains{String}[1448]" classname="MathResearch2019.Tests.ReconfigurationGraphTest" time="0"/>
  <testcase name="testGraphContains{String}[1449]" classname="MathResearch2019.Tests.ReconfigurationGraphTest" time="0"/>
  <testcase name="testGraphContains{String}[1450]" classname="MathResearch2019.Tests.ReconfigurationGraphTest" time="0"/>
  <testcase name="testGraphContains{String}[1451]" classname="MathResearch2019.Tests.ReconfigurationGraphTest" time="0"/>
  <testcase name="testGraphContains{String}[1452]" classname="MathResearch2019.Tests.ReconfigurationGraphTest" time="0"/>
  <testcase name="testGraphContains{String}[1453]" classname="MathResearch2019.Tests.ReconfigurationGraphTest" time="0"/>
  <testcase name="testGraphContains{String}[1454]" classname="MathResearch2019.Tests.ReconfigurationGraphTest" time="0"/>
  <testcase name="testGraphContains{String}[1455]" classname="MathResearch2019.Tests.ReconfigurationGraphTest" time="0"/>
  <testcase name="testGraphContains{String}[1456]" classname="MathResearch2019.Tests.ReconfigurationGraphTest" time="0"/>
  <testcase name="testGraphContains{String}[1457]" classname="MathResearch2019.Tests.ReconfigurationGraphTest" time="0"/>
  <testcase name="testGraphContains{String}[1458]" classname="MathResearch2019.Tests.ReconfigurationGraphTest" time="0"/>
  <testcase name="testGraphContains{String}[1459]" classname="MathResearch2019.Tests.ReconfigurationGraphTest" time="0"/>
  <testcase name="testGraphContains{String}[1460]" classname="MathResearch2019.Tests.ReconfigurationGraphTest" time="0"/>
  <testcase name="testGraphContains{String}[1461]" classname="MathResearch2019.Tests.ReconfigurationGraphTest" time="0.001"/>
  <testcase name="testGraphContains{String}[1462]" classname="MathResearch2019.Tests.ReconfigurationGraphTest" time="0"/>
  <testcase name="testGraphContains{String}[1463]" classname="MathResearch2019.Tests.ReconfigurationGraphTest" time="0"/>
  <testcase name="testGraphContains{String}[1464]" classname="MathResearch2019.Tests.ReconfigurationGraphTest" time="0"/>
  <testcase name="testGraphContains{String}[1465]" classname="MathResearch2019.Tests.ReconfigurationGraphTest" time="0"/>
  <testcase name="testGraphContains{String}[1466]" classname="MathResearch2019.Tests.ReconfigurationGraphTest" time="0"/>
  <testcase name="testGraphContains{String}[1467]" classname="MathResearch2019.Tests.ReconfigurationGraphTest" time="0"/>
  <testcase name="testGraphContains{String}[1468]" classname="MathResearch2019.Tests.ReconfigurationGraphTest" time="0.001"/>
  <testcase name="testGraphContains{String}[1469]" classname="MathResearch2019.Tests.ReconfigurationGraphTest" time="0.001"/>
  <testcase name="testGraphContains{String}[1470]" classname="MathResearch2019.Tests.ReconfigurationGraphTest" time="0.001"/>
  <testcase name="testGraphContains{String}[1471]" classname="MathResearch2019.Tests.ReconfigurationGraphTest" time="0"/>
  <testcase name="testGraphContains{String}[1472]" classname="MathResearch2019.Tests.ReconfigurationGraphTest" time="0"/>
  <testcase name="testGraphContains{String}[1473]" classname="MathResearch2019.Tests.ReconfigurationGraphTest" time="0.001"/>
  <testcase name="testGraphContains{String}[1474]" classname="MathResearch2019.Tests.ReconfigurationGraphTest" time="0"/>
  <testcase name="testGraphContains{String}[1475]" classname="MathResearch2019.Tests.ReconfigurationGraphTest" time="0.001"/>
  <testcase name="testGraphContains{String}[1476]" classname="MathResearch2019.Tests.ReconfigurationGraphTest" time="0"/>
  <testcase name="testGraphContains{String}[1477]" classname="MathResearch2019.Tests.ReconfigurationGraphTest" time="0"/>
  <testcase name="testGraphContains{String}[1478]" classname="MathResearch2019.Tests.ReconfigurationGraphTest" time="0"/>
  <testcase name="testGraphContains{String}[1479]" classname="MathResearch2019.Tests.ReconfigurationGraphTest" time="0"/>
  <testcase name="testGraphContains{String}[1480]" classname="MathResearch2019.Tests.ReconfigurationGraphTest" time="0"/>
  <testcase name="testGraphContains{String}[1481]" classname="MathResearch2019.Tests.ReconfigurationGraphTest" time="0"/>
  <testcase name="testGraphContains{String}[1482]" classname="MathResearch2019.Tests.ReconfigurationGraphTest" time="0"/>
  <testcase name="testGraphContains{String}[1483]" classname="MathResearch2019.Tests.ReconfigurationGraphTest" time="0"/>
  <testcase name="testGraphContains{String}[1484]" classname="MathResearch2019.Tests.ReconfigurationGraphTest" time="0"/>
  <testcase name="testGraphContains{String}[1485]" classname="MathResearch2019.Tests.ReconfigurationGraphTest" time="0"/>
  <testcase name="testGraphContains{String}[1486]" classname="MathResearch2019.Tests.ReconfigurationGraphTest" time="0"/>
  <testcase name="testGraphContains{String}[1487]" classname="MathResearch2019.Tests.ReconfigurationGraphTest" time="0"/>
  <testcase name="testGraphContains{String}[1488]" classname="MathResearch2019.Tests.ReconfigurationGraphTest" time="0"/>
  <testcase name="testGraphContains{String}[1489]" classname="MathResearch2019.Tests.ReconfigurationGraphTest" time="0"/>
  <testcase name="testGraphContains{String}[1490]" classname="MathResearch2019.Tests.ReconfigurationGraphTest" time="0"/>
  <testcase name="testGraphContains{String}[1491]" classname="MathResearch2019.Tests.ReconfigurationGraphTest" time="0"/>
  <testcase name="testGraphContains{String}[1492]" classname="MathResearch2019.Tests.ReconfigurationGraphTest" time="0.001"/>
  <testcase name="testGraphContains{String}[1493]" classname="MathResearch2019.Tests.ReconfigurationGraphTest" time="0"/>
  <testcase name="testGraphContains{String}[1494]" classname="MathResearch2019.Tests.ReconfigurationGraphTest" time="0"/>
  <testcase name="testGraphContains{String}[1495]" classname="MathResearch2019.Tests.ReconfigurationGraphTest" time="0"/>
  <testcase name="testGraphContains{String}[1496]" classname="MathResearch2019.Tests.ReconfigurationGraphTest" time="0"/>
  <testcase name="testGraphContains{String}[1497]" classname="MathResearch2019.Tests.ReconfigurationGraphTest" time="0.001"/>
  <testcase name="testGraphContains{String}[1498]" classname="MathResearch2019.Tests.ReconfigurationGraphTest" time="0"/>
  <testcase name="testGraphContains{String}[1499]" classname="MathResearch2019.Tests.ReconfigurationGraphTest" time="0"/>
  <testcase name="testGraphContains{String}[1500]" classname="MathResearch2019.Tests.ReconfigurationGraphTest" time="0"/>
  <testcase name="testGraphContains{String}[1501]" classname="MathResearch2019.Tests.ReconfigurationGraphTest" time="0"/>
  <testcase name="testGraphContains{String}[1502]" classname="MathResearch2019.Tests.ReconfigurationGraphTest" time="0"/>
  <testcase name="testGraphContains{String}[1503]" classname="MathResearch2019.Tests.ReconfigurationGraphTest" time="0"/>
  <testcase name="testGraphContains{String}[1504]" classname="MathResearch2019.Tests.ReconfigurationGraphTest" time="0"/>
  <testcase name="testGraphContains{String}[1505]" classname="MathResearch2019.Tests.ReconfigurationGraphTest" time="0"/>
  <testcase name="testGraphContains{String}[1506]" classname="MathResearch2019.Tests.ReconfigurationGraphTest" time="0"/>
  <testcase name="testGraphContains{String}[1507]" classname="MathResearch2019.Tests.ReconfigurationGraphTest" time="0"/>
  <testcase name="testGraphContains{String}[1508]" classname="MathResearch2019.Tests.ReconfigurationGraphTest" time="0"/>
  <testcase name="testGraphContains{String}[1509]" classname="MathResearch2019.Tests.ReconfigurationGraphTest" time="0"/>
  <testcase name="testGraphContains{String}[1510]" classname="MathResearch2019.Tests.ReconfigurationGraphTest" time="0"/>
  <testcase name="testGraphContains{String}[1511]" classname="MathResearch2019.Tests.ReconfigurationGraphTest" time="0"/>
  <testcase name="testGraphContains{String}[1512]" classname="MathResearch2019.Tests.ReconfigurationGraphTest" time="0"/>
  <testcase name="testGraphContains{String}[1513]" classname="MathResearch2019.Tests.ReconfigurationGraphTest" time="0.001"/>
  <testcase name="testGraphContains{String}[1514]" classname="MathResearch2019.Tests.ReconfigurationGraphTest" time="0"/>
  <testcase name="testGraphContains{String}[1515]" classname="MathResearch2019.Tests.ReconfigurationGraphTest" time="0"/>
  <testcase name="testGraphContains{String}[1516]" classname="MathResearch2019.Tests.ReconfigurationGraphTest" time="0.001"/>
  <testcase name="testGraphContains{String}[1517]" classname="MathResearch2019.Tests.ReconfigurationGraphTest" time="0"/>
  <testcase name="testGraphContains{String}[1518]" classname="MathResearch2019.Tests.ReconfigurationGraphTest" time="0"/>
  <testcase name="testGraphContains{String}[1519]" classname="MathResearch2019.Tests.ReconfigurationGraphTest" time="0"/>
  <testcase name="testGraphContains{String}[1520]" classname="MathResearch2019.Tests.ReconfigurationGraphTest" time="0.001"/>
  <testcase name="testGraphContains{String}[1521]" classname="MathResearch2019.Tests.ReconfigurationGraphTest" time="0"/>
  <testcase name="testGraphContains{String}[1522]" classname="MathResearch2019.Tests.ReconfigurationGraphTest" time="0"/>
  <testcase name="testGraphContains{String}[1523]" classname="MathResearch2019.Tests.ReconfigurationGraphTest" time="0"/>
  <testcase name="testGraphContains{String}[1524]" classname="MathResearch2019.Tests.ReconfigurationGraphTest" time="0"/>
  <testcase name="testGraphContains{String}[1525]" classname="MathResearch2019.Tests.ReconfigurationGraphTest" time="0"/>
  <testcase name="testGraphContains{String}[1526]" classname="MathResearch2019.Tests.ReconfigurationGraphTest" time="0"/>
  <testcase name="testGraphContains{String}[1527]" classname="MathResearch2019.Tests.ReconfigurationGraphTest" time="0"/>
  <testcase name="testGraphContains{String}[1528]" classname="MathResearch2019.Tests.ReconfigurationGraphTest" time="0"/>
  <testcase name="testGraphContains{String}[1529]" classname="MathResearch2019.Tests.ReconfigurationGraphTest" time="0"/>
  <testcase name="testGraphContains{String}[1530]" classname="MathResearch2019.Tests.ReconfigurationGraphTest" time="0"/>
  <testcase name="testGraphContains{String}[1531]" classname="MathResearch2019.Tests.ReconfigurationGraphTest" time="0"/>
  <testcase name="testGraphContains{String}[1532]" classname="MathResearch2019.Tests.ReconfigurationGraphTest" time="0"/>
  <testcase name="testGraphContains{String}[1533]" classname="MathResearch2019.Tests.ReconfigurationGraphTest" time="0"/>
  <testcase name="testGraphContains{String}[1534]" classname="MathResearch2019.Tests.ReconfigurationGraphTest" time="0"/>
  <testcase name="testGraphContains{String}[1535]" classname="MathResearch2019.Tests.ReconfigurationGraphTest" time="0"/>
  <testcase name="testGraphContains{String}[1536]" classname="MathResearch2019.Tests.ReconfigurationGraphTest" time="0"/>
  <testcase name="testGraphContains{String}[1537]" classname="MathResearch2019.Tests.ReconfigurationGraphTest" time="0"/>
  <testcase name="testGraphContains{String}[1538]" classname="MathResearch2019.Tests.ReconfigurationGraphTest" time="0.001"/>
  <testcase name="testGraphContains{String}[1539]" classname="MathResearch2019.Tests.ReconfigurationGraphTest" time="0"/>
  <testcase name="testGraphContains{String}[1540]" classname="MathResearch2019.Tests.ReconfigurationGraphTest" time="0"/>
  <testcase name="testGraphContains{String}[1541]" classname="MathResearch2019.Tests.ReconfigurationGraphTest" time="0"/>
  <testcase name="testGraphContains{String}[1542]" classname="MathResearch2019.Tests.ReconfigurationGraphTest" time="0"/>
  <testcase name="testGraphContains{String}[1543]" classname="MathResearch2019.Tests.ReconfigurationGraphTest" time="0"/>
  <testcase name="testGraphContains{String}[1544]" classname="MathResearch2019.Tests.ReconfigurationGraphTest" time="0"/>
  <testcase name="testGraphContains{String}[1545]" classname="MathResearch2019.Tests.ReconfigurationGraphTest" time="0"/>
  <testcase name="testGraphContains{String}[1546]" classname="MathResearch2019.Tests.ReconfigurationGraphTest" time="0"/>
  <testcase name="testGraphContains{String}[1547]" classname="MathResearch2019.Tests.ReconfigurationGraphTest" time="0"/>
  <testcase name="testGraphContains{String}[1548]" classname="MathResearch2019.Tests.ReconfigurationGraphTest" time="0"/>
  <testcase name="testGraphContains{String}[1549]" classname="MathResearch2019.Tests.ReconfigurationGraphTest" time="0"/>
  <testcase name="testGraphContains{String}[1550]" classname="MathResearch2019.Tests.ReconfigurationGraphTest" time="0"/>
  <testcase name="testGraphContains{String}[1551]" classname="MathResearch2019.Tests.ReconfigurationGraphTest" time="0"/>
  <testcase name="testGraphContains{String}[1552]" classname="MathResearch2019.Tests.ReconfigurationGraphTest" time="0"/>
  <testcase name="testGraphContains{String}[1553]" classname="MathResearch2019.Tests.ReconfigurationGraphTest" time="0"/>
  <testcase name="testGraphContains{String}[1554]" classname="MathResearch2019.Tests.ReconfigurationGraphTest" time="0"/>
  <testcase name="testGraphContains{String}[1555]" classname="MathResearch2019.Tests.ReconfigurationGraphTest" time="0"/>
  <testcase name="testGraphContains{String}[1556]" classname="MathResearch2019.Tests.ReconfigurationGraphTest" time="0"/>
  <testcase name="testGraphContains{String}[1557]" classname="MathResearch2019.Tests.ReconfigurationGraphTest" time="0"/>
  <testcase name="testGraphContains{String}[1558]" classname="MathResearch2019.Tests.ReconfigurationGraphTest" time="0"/>
  <testcase name="testGraphContains{String}[1559]" classname="MathResearch2019.Tests.ReconfigurationGraphTest" time="0"/>
  <testcase name="testGraphContains{String}[1560]" classname="MathResearch2019.Tests.ReconfigurationGraphTest" time="0"/>
  <testcase name="testGraphContains{String}[1561]" classname="MathResearch2019.Tests.ReconfigurationGraphTest" time="0"/>
  <testcase name="testGraphContains{String}[1562]" classname="MathResearch2019.Tests.ReconfigurationGraphTest" time="0"/>
  <testcase name="testGraphContains{String}[1563]" classname="MathResearch2019.Tests.ReconfigurationGraphTest" time="0"/>
  <testcase name="testGraphContains{String}[1564]" classname="MathResearch2019.Tests.ReconfigurationGraphTest" time="0"/>
  <testcase name="testGraphContains{String}[1565]" classname="MathResearch2019.Tests.ReconfigurationGraphTest" time="0.001"/>
  <testcase name="testGraphContains{String}[1566]" classname="MathResearch2019.Tests.ReconfigurationGraphTest" time="0"/>
  <testcase name="testGraphContains{String}[1567]" classname="MathResearch2019.Tests.ReconfigurationGraphTest" time="0"/>
  <testcase name="testGraphContains{String}[1568]" classname="MathResearch2019.Tests.ReconfigurationGraphTest" time="0"/>
  <testcase name="testGraphContains{String}[1569]" classname="MathResearch2019.Tests.ReconfigurationGraphTest" time="0"/>
  <testcase name="testGraphContains{String}[1570]" classname="MathResearch2019.Tests.ReconfigurationGraphTest" time="0"/>
  <testcase name="testGraphContains{String}[1571]" classname="MathResearch2019.Tests.ReconfigurationGraphTest" time="0"/>
  <testcase name="testGraphContains{String}[1572]" classname="MathResearch2019.Tests.ReconfigurationGraphTest" time="0"/>
  <testcase name="testGraphContains{String}[1573]" classname="MathResearch2019.Tests.ReconfigurationGraphTest" time="0"/>
  <testcase name="testGraphContains{String}[1574]" classname="MathResearch2019.Tests.ReconfigurationGraphTest" time="0"/>
  <testcase name="testGraphContains{String}[1575]" classname="MathResearch2019.Tests.ReconfigurationGraphTest" time="0"/>
  <testcase name="testGraphContains{String}[1576]" classname="MathResearch2019.Tests.ReconfigurationGraphTest" time="0"/>
  <testcase name="testGraphContains{String}[1577]" classname="MathResearch2019.Tests.ReconfigurationGraphTest" time="0"/>
  <testcase name="testGraphContains{String}[1578]" classname="MathResearch2019.Tests.ReconfigurationGraphTest" time="0"/>
  <testcase name="testGraphContains{String}[1579]" classname="MathResearch2019.Tests.ReconfigurationGraphTest" time="0"/>
  <testcase name="testGraphContains{String}[1580]" classname="MathResearch2019.Tests.ReconfigurationGraphTest" time="0"/>
  <testcase name="testGraphContains{String}[1581]" classname="MathResearch2019.Tests.ReconfigurationGraphTest" time="0.001"/>
  <testcase name="testGraphContains{String}[1582]" classname="MathResearch2019.Tests.ReconfigurationGraphTest" time="0"/>
  <testcase name="testGraphContains{String}[1583]" classname="MathResearch2019.Tests.ReconfigurationGraphTest" time="0"/>
  <testcase name="testGraphContains{String}[1584]" classname="MathResearch2019.Tests.ReconfigurationGraphTest" time="0"/>
  <testcase name="testGraphContains{String}[1585]" classname="MathResearch2019.Tests.ReconfigurationGraphTest" time="0"/>
  <testcase name="testGraphContains{String}[1586]" classname="MathResearch2019.Tests.ReconfigurationGraphTest" time="0"/>
  <testcase name="testGraphContains{String}[1587]" classname="MathResearch2019.Tests.ReconfigurationGraphTest" time="0"/>
  <testcase name="testGraphContains{String}[1588]" classname="MathResearch2019.Tests.ReconfigurationGraphTest" time="0"/>
  <testcase name="testGraphContains{String}[1589]" classname="MathResearch2019.Tests.ReconfigurationGraphTest" time="0"/>
  <testcase name="testGraphContains{String}[1590]" classname="MathResearch2019.Tests.ReconfigurationGraphTest" time="0"/>
  <testcase name="testGraphContains{String}[1591]" classname="MathResearch2019.Tests.ReconfigurationGraphTest" time="0"/>
  <testcase name="testGraphContains{String}[1592]" classname="MathResearch2019.Tests.ReconfigurationGraphTest" time="0"/>
  <testcase name="testGraphContains{String}[1593]" classname="MathResearch2019.Tests.ReconfigurationGraphTest" time="0"/>
  <testcase name="testGraphContains{String}[1594]" classname="MathResearch2019.Tests.ReconfigurationGraphTest" time="0"/>
  <testcase name="testGraphContains{String}[1595]" classname="MathResearch2019.Tests.ReconfigurationGraphTest" time="0"/>
  <testcase name="testGraphContains{String}[1596]" classname="MathResearch2019.Tests.ReconfigurationGraphTest" time="0"/>
  <testcase name="testGraphContains{String}[1597]" classname="MathResearch2019.Tests.ReconfigurationGraphTest" time="0"/>
  <testcase name="testGraphContains{String}[1598]" classname="MathResearch2019.Tests.ReconfigurationGraphTest" time="0"/>
  <testcase name="testGraphContains{String}[1599]" classname="MathResearch2019.Tests.ReconfigurationGraphTest" time="0"/>
  <testcase name="testGraphContains{String}[1600]" classname="MathResearch2019.Tests.ReconfigurationGraphTest" time="0"/>
  <testcase name="testGraphContains{String}[1601]" classname="MathResearch2019.Tests.ReconfigurationGraphTest" time="0"/>
  <testcase name="testGraphContains{String}[1602]" classname="MathResearch2019.Tests.ReconfigurationGraphTest" time="0"/>
  <testcase name="testGraphContains{String}[1603]" classname="MathResearch2019.Tests.ReconfigurationGraphTest" time="0.001"/>
  <testcase name="testGraphContains{String}[1604]" classname="MathResearch2019.Tests.ReconfigurationGraphTest" time="0"/>
  <testcase name="testGraphContains{String}[1605]" classname="MathResearch2019.Tests.ReconfigurationGraphTest" time="0"/>
  <testcase name="testGraphContains{String}[1606]" classname="MathResearch2019.Tests.ReconfigurationGraphTest" time="0"/>
  <testcase name="testGraphContains{String}[1607]" classname="MathResearch2019.Tests.ReconfigurationGraphTest" time="0"/>
  <testcase name="testGraphContains{String}[1608]" classname="MathResearch2019.Tests.ReconfigurationGraphTest" time="0"/>
  <testcase name="testGraphContains{String}[1609]" classname="MathResearch2019.Tests.ReconfigurationGraphTest" time="0"/>
  <testcase name="testGraphContains{String}[1610]" classname="MathResearch2019.Tests.ReconfigurationGraphTest" time="0"/>
  <testcase name="testGraphContains{String}[1611]" classname="MathResearch2019.Tests.ReconfigurationGraphTest" time="0"/>
  <testcase name="testGraphContains{String}[1612]" classname="MathResearch2019.Tests.ReconfigurationGraphTest" time="0"/>
  <testcase name="testGraphContains{String}[1613]" classname="MathResearch2019.Tests.ReconfigurationGraphTest" time="0"/>
  <testcase name="testGraphContains{String}[1614]" classname="MathResearch2019.Tests.ReconfigurationGraphTest" time="0"/>
  <testcase name="testGraphContains{String}[1615]" classname="MathResearch2019.Tests.ReconfigurationGraphTest" time="0"/>
  <testcase name="testGraphContains{String}[1616]" classname="MathResearch2019.Tests.ReconfigurationGraphTest" time="0.001"/>
  <testcase name="testGraphContains{String}[1617]" classname="MathResearch2019.Tests.ReconfigurationGraphTest" time="0"/>
  <testcase name="testGraphContains{String}[1618]" classname="MathResearch2019.Tests.ReconfigurationGraphTest" time="0"/>
  <testcase name="testGraphContains{String}[1619]" classname="MathResearch2019.Tests.ReconfigurationGraphTest" time="0.001"/>
  <testcase name="testGraphContains{String}[1620]" classname="MathResearch2019.Tests.ReconfigurationGraphTest" time="0"/>
  <testcase name="testGraphContains{String}[1621]" classname="MathResearch2019.Tests.ReconfigurationGraphTest" time="0.001"/>
  <testcase name="testGraphContains{String}[1622]" classname="MathResearch2019.Tests.ReconfigurationGraphTest" time="0"/>
  <testcase name="testGraphContains{String}[1623]" classname="MathResearch2019.Tests.ReconfigurationGraphTest" time="0"/>
  <testcase name="testGraphContains{String}[1624]" classname="MathResearch2019.Tests.ReconfigurationGraphTest" time="0.001"/>
  <testcase name="testGraphContains{String}[1625]" classname="MathResearch2019.Tests.ReconfigurationGraphTest" time="0"/>
  <testcase name="testGraphContains{String}[1626]" classname="MathResearch2019.Tests.ReconfigurationGraphTest" time="0.001"/>
  <testcase name="testGraphContains{String}[1627]" classname="MathResearch2019.Tests.ReconfigurationGraphTest" time="0"/>
  <testcase name="testGraphContains{String}[1628]" classname="MathResearch2019.Tests.ReconfigurationGraphTest" time="0.001"/>
  <testcase name="testGraphContains{String}[1629]" classname="MathResearch2019.Tests.ReconfigurationGraphTest" time="0"/>
  <testcase name="testGraphContains{String}[1630]" classname="MathResearch2019.Tests.ReconfigurationGraphTest" time="0"/>
  <testcase name="testGraphContains{String}[1631]" classname="MathResearch2019.Tests.ReconfigurationGraphTest" time="0"/>
  <testcase name="testGraphContains{String}[1632]" classname="MathResearch2019.Tests.ReconfigurationGraphTest" time="0"/>
  <testcase name="testGraphContains{String}[1633]" classname="MathResearch2019.Tests.ReconfigurationGraphTest" time="0"/>
  <testcase name="testGraphContains{String}[1634]" classname="MathResearch2019.Tests.ReconfigurationGraphTest" time="0"/>
  <testcase name="testGraphContains{String}[1635]" classname="MathResearch2019.Tests.ReconfigurationGraphTest" time="0"/>
  <testcase name="testGraphContains{String}[1636]" classname="MathResearch2019.Tests.ReconfigurationGraphTest" time="0"/>
  <testcase name="testGraphContains{String}[1637]" classname="MathResearch2019.Tests.ReconfigurationGraphTest" time="0"/>
  <testcase name="testGraphContains{String}[1638]" classname="MathResearch2019.Tests.ReconfigurationGraphTest" time="0"/>
  <testcase name="testGraphContains{String}[1639]" classname="MathResearch2019.Tests.ReconfigurationGraphTest" time="0"/>
  <testcase name="testGraphContains{String}[1640]" classname="MathResearch2019.Tests.ReconfigurationGraphTest" time="0"/>
  <testcase name="testGraphContains{String}[1641]" classname="MathResearch2019.Tests.ReconfigurationGraphTest" time="0"/>
  <testcase name="testGraphContains{String}[1642]" classname="MathResearch2019.Tests.ReconfigurationGraphTest" time="0"/>
  <testcase name="testGraphContains{String}[1643]" classname="MathResearch2019.Tests.ReconfigurationGraphTest" time="0"/>
  <testcase name="testGraphContains{String}[1644]" classname="MathResearch2019.Tests.ReconfigurationGraphTest" time="0"/>
  <testcase name="testGraphContains{String}[1645]" classname="MathResearch2019.Tests.ReconfigurationGraphTest" time="0"/>
  <testcase name="testGraphContains{String}[1646]" classname="MathResearch2019.Tests.ReconfigurationGraphTest" time="0"/>
  <testcase name="testGraphContains{String}[1647]" classname="MathResearch2019.Tests.ReconfigurationGraphTest" time="0"/>
  <testcase name="testGraphContains{String}[1648]" classname="MathResearch2019.Tests.ReconfigurationGraphTest" time="0"/>
  <testcase name="testGraphContains{String}[1649]" classname="MathResearch2019.Tests.ReconfigurationGraphTest" time="0"/>
  <testcase name="testGraphContains{String}[1650]" classname="MathResearch2019.Tests.ReconfigurationGraphTest" time="0"/>
  <testcase name="testGraphContains{String}[1651]" classname="MathResearch2019.Tests.ReconfigurationGraphTest" time="0"/>
  <testcase name="testGraphContains{String}[1652]" classname="MathResearch2019.Tests.ReconfigurationGraphTest" time="0"/>
  <testcase name="testGraphContains{String}[1653]" classname="MathResearch2019.Tests.ReconfigurationGraphTest" time="0"/>
  <testcase name="testGraphContains{String}[1654]" classname="MathResearch2019.Tests.ReconfigurationGraphTest" time="0.001"/>
  <testcase name="testGraphContains{String}[1655]" classname="MathResearch2019.Tests.ReconfigurationGraphTest" time="0"/>
  <testcase name="testGraphContains{String}[1656]" classname="MathResearch2019.Tests.ReconfigurationGraphTest" time="0.001"/>
  <testcase name="testGraphContains{String}[1657]" classname="MathResearch2019.Tests.ReconfigurationGraphTest" time="0"/>
  <testcase name="testGraphContains{String}[1658]" classname="MathResearch2019.Tests.ReconfigurationGraphTest" time="0.001"/>
  <testcase name="testGraphContains{String}[1659]" classname="MathResearch2019.Tests.ReconfigurationGraphTest" time="0"/>
  <testcase name="testGraphContains{String}[1660]" classname="MathResearch2019.Tests.ReconfigurationGraphTest" time="0"/>
  <testcase name="testGraphContains{String}[1661]" classname="MathResearch2019.Tests.ReconfigurationGraphTest" time="0"/>
  <testcase name="testGraphContains{String}[1662]" classname="MathResearch2019.Tests.ReconfigurationGraphTest" time="0"/>
  <testcase name="testGraphContains{String}[1663]" classname="MathResearch2019.Tests.ReconfigurationGraphTest" time="0.001"/>
  <testcase name="testGraphContains{String}[1664]" classname="MathResearch2019.Tests.ReconfigurationGraphTest" time="0"/>
  <testcase name="testGraphContains{String}[1665]" classname="MathResearch2019.Tests.ReconfigurationGraphTest" time="0"/>
  <testcase name="testGraphContains{String}[1666]" classname="MathResearch2019.Tests.ReconfigurationGraphTest" time="0"/>
  <testcase name="testGraphContains{String}[1667]" classname="MathResearch2019.Tests.ReconfigurationGraphTest" time="0"/>
  <testcase name="testGraphContains{String}[1668]" classname="MathResearch2019.Tests.ReconfigurationGraphTest" time="0"/>
  <testcase name="testGraphContains{String}[1669]" classname="MathResearch2019.Tests.ReconfigurationGraphTest" time="0"/>
  <testcase name="testGraphContains{String}[1670]" classname="MathResearch2019.Tests.ReconfigurationGraphTest" time="0"/>
  <testcase name="testGraphContains{String}[1671]" classname="MathResearch2019.Tests.ReconfigurationGraphTest" time="0"/>
  <testcase name="testGraphContains{String}[1672]" classname="MathResearch2019.Tests.ReconfigurationGraphTest" time="0"/>
  <testcase name="testGraphContains{String}[1673]" classname="MathResearch2019.Tests.ReconfigurationGraphTest" time="0"/>
  <testcase name="testGraphContains{String}[1674]" classname="MathResearch2019.Tests.ReconfigurationGraphTest" time="0"/>
  <testcase name="testGraphContains{String}[1675]" classname="MathResearch2019.Tests.ReconfigurationGraphTest" time="0"/>
  <testcase name="testGraphContains{String}[1676]" classname="MathResearch2019.Tests.ReconfigurationGraphTest" time="0"/>
</testsuite>